
*** Running vivado
    with args -log pfm_dynamic_xbar_0.vds -m64 -product Vivado -mode batch -messageDb vivado.pb -notrace -source pfm_dynamic_xbar_0.tcl


****** Vivado v2020.2 (64-bit)
  **** SW Build 3064766 on Wed Nov 18 09:12:47 MST 2020
  **** IP Build 3064653 on Wed Nov 18 14:17:31 MST 2020
    ** Copyright 1986-2020 Xilinx, Inc. All Rights Reserved.

source pfm_dynamic_xbar_0.tcl -notrace
INFO: Dispatch client connection id - 35321
create_project: Time (s): cpu = 00:00:13 ; elapsed = 00:00:20 . Memory (MB): peak = 2416.926 ; gain = 2.016 ; free physical = 5336 ; free virtual = 145661
INFO: [IP_Flow 19-234] Refreshing IP repositories
INFO: [IP_Flow 19-1700] Loaded user IP repository '/iu_home/iu7137/workspace/iu7_53b_19_lab01_kernels/src/vitis_rtl_kernel/rtl_kernel_wizard_1/_x/link/int/xo/ip_repo/mycompany_com_kernel_rtl_kernel_wizard_1_1_0'.
WARNING: [IP_Flow 19-1694] Ignoring duplicate Bus Definition IP file 'xilinx.com:display_pcie4:pcie4_gt_if:1.0' found within IP repository '/iu_home/iu7137/workspace/iu7_53b_19_lab01_kernels/src/vitis_rtl_kernel/rtl_kernel_wizard_1/_x/link/vivado/vpl/.local/hw_platform/iprepo'.
File in use: /iu_home/iu7137/workspace/iu7_53b_19_lab01_kernels/src/vitis_rtl_kernel/rtl_kernel_wizard_1/_x/link/vivado/vpl/.local/hw_platform/iprepo/iprepo/xdma_v4_1/interfaces/pcie4_gt_if.xml
File ignored: /iu_home/iu7137/workspace/iu7_53b_19_lab01_kernels/src/vitis_rtl_kernel/rtl_kernel_wizard_1/_x/link/vivado/vpl/.local/hw_platform/iprepo/iprepo/pcie4_uscale_plus_v1_3/interfaces/pcie4_gt_if.xml
WARNING: [IP_Flow 19-1694] Ignoring duplicate Bus Definition IP file 'xilinx.com:display_pcie4_uscaleplus:ext_gtcom:1.0' found within IP repository '/iu_home/iu7137/workspace/iu7_53b_19_lab01_kernels/src/vitis_rtl_kernel/rtl_kernel_wizard_1/_x/link/vivado/vpl/.local/hw_platform/iprepo'.
File in use: /iu_home/iu7137/workspace/iu7_53b_19_lab01_kernels/src/vitis_rtl_kernel/rtl_kernel_wizard_1/_x/link/vivado/vpl/.local/hw_platform/iprepo/iprepo/xdma_v4_1/interfaces/pcie4_usp_ext_gtcom.xml
File ignored: /iu_home/iu7137/workspace/iu7_53b_19_lab01_kernels/src/vitis_rtl_kernel/rtl_kernel_wizard_1/_x/link/vivado/vpl/.local/hw_platform/iprepo/iprepo/pcie4_uscale_plus_v1_3/interfaces/pcie4_usp_ext_gtcom.xml
WARNING: [IP_Flow 19-1694] Ignoring duplicate Bus Abstraction IP file 'xilinx.com:display_pcie4_uscaleplus:int_gtcom_rtl:1.0' found within IP repository '/iu_home/iu7137/workspace/iu7_53b_19_lab01_kernels/src/vitis_rtl_kernel/rtl_kernel_wizard_1/_x/link/vivado/vpl/.local/hw_platform/iprepo'.
File in use: /iu_home/iu7137/workspace/iu7_53b_19_lab01_kernels/src/vitis_rtl_kernel/rtl_kernel_wizard_1/_x/link/vivado/vpl/.local/hw_platform/iprepo/iprepo/xdma_v4_1/interfaces/pcie4_usp_int_gtcom_rtl.xml
File ignored: /iu_home/iu7137/workspace/iu7_53b_19_lab01_kernels/src/vitis_rtl_kernel/rtl_kernel_wizard_1/_x/link/vivado/vpl/.local/hw_platform/iprepo/iprepo/pcie4_uscale_plus_v1_3/interfaces/pcie4_usp_int_gtcom_rtl.xml
WARNING: [IP_Flow 19-1694] Ignoring duplicate Bus Definition IP file 'xilinx.com:display_pcie4_uscaleplus:int_gtcom:1.0' found within IP repository '/iu_home/iu7137/workspace/iu7_53b_19_lab01_kernels/src/vitis_rtl_kernel/rtl_kernel_wizard_1/_x/link/vivado/vpl/.local/hw_platform/iprepo'.
File in use: /iu_home/iu7137/workspace/iu7_53b_19_lab01_kernels/src/vitis_rtl_kernel/rtl_kernel_wizard_1/_x/link/vivado/vpl/.local/hw_platform/iprepo/iprepo/xdma_v4_1/interfaces/pcie4_usp_int_gtcom.xml
File ignored: /iu_home/iu7137/workspace/iu7_53b_19_lab01_kernels/src/vitis_rtl_kernel/rtl_kernel_wizard_1/_x/link/vivado/vpl/.local/hw_platform/iprepo/iprepo/pcie4_uscale_plus_v1_3/interfaces/pcie4_usp_int_gtcom.xml
WARNING: [IP_Flow 19-1694] Ignoring duplicate Bus Abstraction IP file 'xilinx.com:display_pcie4_uscaleplus:ext_gtcom_rtl:1.0' found within IP repository '/iu_home/iu7137/workspace/iu7_53b_19_lab01_kernels/src/vitis_rtl_kernel/rtl_kernel_wizard_1/_x/link/vivado/vpl/.local/hw_platform/iprepo'.
File in use: /iu_home/iu7137/workspace/iu7_53b_19_lab01_kernels/src/vitis_rtl_kernel/rtl_kernel_wizard_1/_x/link/vivado/vpl/.local/hw_platform/iprepo/iprepo/xdma_v4_1/interfaces/pcie4_usp_ext_gtcom_rtl.xml
File ignored: /iu_home/iu7137/workspace/iu7_53b_19_lab01_kernels/src/vitis_rtl_kernel/rtl_kernel_wizard_1/_x/link/vivado/vpl/.local/hw_platform/iprepo/iprepo/pcie4_uscale_plus_v1_3/interfaces/pcie4_usp_ext_gtcom_rtl.xml
WARNING: [IP_Flow 19-1694] Ignoring duplicate Bus Abstraction IP file 'xilinx.com:display_pcie4:pcie4_gt_if_rtl:1.0' found within IP repository '/iu_home/iu7137/workspace/iu7_53b_19_lab01_kernels/src/vitis_rtl_kernel/rtl_kernel_wizard_1/_x/link/vivado/vpl/.local/hw_platform/iprepo'.
File in use: /iu_home/iu7137/workspace/iu7_53b_19_lab01_kernels/src/vitis_rtl_kernel/rtl_kernel_wizard_1/_x/link/vivado/vpl/.local/hw_platform/iprepo/iprepo/xdma_v4_1/interfaces/pcie4_gt_if_rtl.xml
File ignored: /iu_home/iu7137/workspace/iu7_53b_19_lab01_kernels/src/vitis_rtl_kernel/rtl_kernel_wizard_1/_x/link/vivado/vpl/.local/hw_platform/iprepo/iprepo/pcie4_uscale_plus_v1_3/interfaces/pcie4_gt_if_rtl.xml
INFO: [IP_Flow 19-1700] Loaded user IP repository '/iu_home/iu7137/workspace/iu7_53b_19_lab01_kernels/src/vitis_rtl_kernel/rtl_kernel_wizard_1/_x/link/vivado/vpl/.local/hw_platform/iprepo'.
INFO: [IP_Flow 19-1700] Loaded user IP repository '/data/Xilinx/Vitis/2020.2/data/cache/xilinx'.
INFO: [IP_Flow 19-1700] Loaded user IP repository '/iu_home/iu7137/workspace/iu7_53b_19_lab01_kernels/src/vitis_rtl_kernel/rtl_kernel_wizard_1/_x/link/vivado/vpl/.local/hw_platform/ipcache'.
INFO: [IP_Flow 19-1700] Loaded user IP repository '/data/Xilinx/Vitis/2020.2/data/ip'.
INFO: [IP_Flow 19-2313] Loaded Vivado IP repository '/data/Xilinx/Vivado/2020.2/data/ip'.
WARNING: [IP_Flow 19-1663] Duplicate IP found for 'xilinx.com:ip:xdma:4.1'. The one found in IP location '/iu_home/iu7137/workspace/iu7_53b_19_lab01_kernels/src/vitis_rtl_kernel/rtl_kernel_wizard_1/_x/link/vivado/vpl/.local/hw_platform/iprepo/iprepo/xdma_v4_1' will take precedence over the same IP in the Xilinx installed IP.
WARNING: [IP_Flow 19-1663] Duplicate IP found for 'xilinx.com:ip:pcie4_uscale_plus:1.3'. The one found in IP location '/iu_home/iu7137/workspace/iu7_53b_19_lab01_kernels/src/vitis_rtl_kernel/rtl_kernel_wizard_1/_x/link/vivado/vpl/.local/hw_platform/iprepo/iprepo/pcie4_uscale_plus_v1_3' will take precedence over the same IP in the Xilinx installed IP.
WARNING: [IP_Flow 19-4830] Duplicate Interface found for 'xilinx.com:display_xdma:pcie4_us_plus_transceiver_debug:1.0'. The one found in location '/iu_home/iu7137/workspace/iu7_53b_19_lab01_kernels/src/vitis_rtl_kernel/rtl_kernel_wizard_1/_x/link/vivado/vpl/.local/hw_platform/iprepo/iprepo/xdma_v4_1/interfaces/pcie4_us_plus_transceiver_debug.xml' will take precedence over the same Interface in location '/data/Xilinx/Vivado/2020.2/data/ip/xilinx/qdma_v4_0/interfaces/pcie4_us_plus_transceiver_debug.xml'
WARNING: [IP_Flow 19-4830] Duplicate Interface found for 'xilinx.com:display_xdma:xdma_status_ports:1.0'. The one found in location '/iu_home/iu7137/workspace/iu7_53b_19_lab01_kernels/src/vitis_rtl_kernel/rtl_kernel_wizard_1/_x/link/vivado/vpl/.local/hw_platform/iprepo/iprepo/xdma_v4_1/interfaces/xdma_status_ports.xml' will take precedence over the same Interface in location '/data/Xilinx/Vivado/2020.2/data/ip/xilinx/qdma_v4_0/interfaces/xdma_status_ports.xml'
WARNING: [IP_Flow 19-4830] Duplicate Interface found for 'xilinx.com:display_xdma:pcie3_7x_transceiver_debug:1.0'. The one found in location '/iu_home/iu7137/workspace/iu7_53b_19_lab01_kernels/src/vitis_rtl_kernel/rtl_kernel_wizard_1/_x/link/vivado/vpl/.local/hw_platform/iprepo/iprepo/xdma_v4_1/interfaces/pcie3_7x_transceiver_debug.xml' will take precedence over the same Interface in location '/data/Xilinx/Vivado/2020.2/data/ip/xilinx/qdma_v4_0/interfaces/pcie3_7x_transceiver_debug.xml'
WARNING: [IP_Flow 19-4830] Duplicate Interface found for 'xilinx.com:display_pcie3_ultrascale:pcie3_us_gt_if:1.0'. The one found in location '/iu_home/iu7137/workspace/iu7_53b_19_lab01_kernels/src/vitis_rtl_kernel/rtl_kernel_wizard_1/_x/link/vivado/vpl/.local/hw_platform/iprepo/iprepo/xdma_v4_1/interfaces/pcie3_us_gt_if.xml' will take precedence over the same Interface in location '/data/Xilinx/Vivado/2020.2/data/ip/xilinx/pcie3_ultrascale_v4_4/interfaces/pcie3_us_gt_if.xml'
WARNING: [IP_Flow 19-4830] Duplicate Interface found for 'xilinx.com:display_xdma:pcie3_us_transceiver_debug:1.0'. The one found in location '/iu_home/iu7137/workspace/iu7_53b_19_lab01_kernels/src/vitis_rtl_kernel/rtl_kernel_wizard_1/_x/link/vivado/vpl/.local/hw_platform/iprepo/iprepo/xdma_v4_1/interfaces/pcie3_us_transceiver_debug.xml' will take precedence over the same Interface in location '/data/Xilinx/Vivado/2020.2/data/ip/xilinx/qdma_v4_0/interfaces/pcie3_us_transceiver_debug.xml'
WARNING: [IP_Flow 19-4830] Duplicate Interface found for 'xilinx.com:display_xdma:dsc_bypass:1.0'. The one found in location '/iu_home/iu7137/workspace/iu7_53b_19_lab01_kernels/src/vitis_rtl_kernel/rtl_kernel_wizard_1/_x/link/vivado/vpl/.local/hw_platform/iprepo/iprepo/xdma_v4_1/interfaces/dsc_bypass.xml' will take precedence over the same Interface in location '/data/Xilinx/Vivado/2020.2/data/ip/xilinx/qdma_v4_0/interfaces/dsc_bypass.xml'
WARNING: [IP_Flow 19-4830] Duplicate Interface found for 'xilinx.com:display_pcie4:pcie4_gt_if:1.0'. The one found in location '/iu_home/iu7137/workspace/iu7_53b_19_lab01_kernels/src/vitis_rtl_kernel/rtl_kernel_wizard_1/_x/link/vivado/vpl/.local/hw_platform/iprepo/iprepo/xdma_v4_1/interfaces/pcie4_gt_if.xml' will take precedence over the same Interface in location '/data/Xilinx/Vivado/2020.2/data/ip/xilinx/pcie4_uscale_plus_v1_3/interfaces/pcie4_gt_if.xml'
WARNING: [IP_Flow 19-4830] Duplicate Interface found for 'xilinx.com:display_xdma:int_shared_logic:1.0'. The one found in location '/iu_home/iu7137/workspace/iu7_53b_19_lab01_kernels/src/vitis_rtl_kernel/rtl_kernel_wizard_1/_x/link/vivado/vpl/.local/hw_platform/iprepo/iprepo/xdma_v4_1/interfaces/pcie3_us_int_shared_logic.xml' will take precedence over the same Interface in location '/data/Xilinx/Vivado/2020.2/data/ip/xilinx/qdma_v4_0/interfaces/pcie3_us_int_shared_logic.xml'
WARNING: [IP_Flow 19-4830] Duplicate Interface found for 'xilinx.com:display_pcie4_uscaleplus:ext_gtcom:1.0'. The one found in location '/iu_home/iu7137/workspace/iu7_53b_19_lab01_kernels/src/vitis_rtl_kernel/rtl_kernel_wizard_1/_x/link/vivado/vpl/.local/hw_platform/iprepo/iprepo/xdma_v4_1/interfaces/pcie4_usp_ext_gtcom.xml' will take precedence over the same Interface in location '/data/Xilinx/Vivado/2020.2/data/ip/xilinx/pcie4_uscale_plus_v1_3/interfaces/pcie4_usp_ext_gtcom.xml'
WARNING: [IP_Flow 19-4830] Duplicate Interface found for 'xilinx.com:display_pcie4_uscaleplus:int_gtcom:1.0'. The one found in location '/iu_home/iu7137/workspace/iu7_53b_19_lab01_kernels/src/vitis_rtl_kernel/rtl_kernel_wizard_1/_x/link/vivado/vpl/.local/hw_platform/iprepo/iprepo/xdma_v4_1/interfaces/pcie4_usp_int_gtcom.xml' will take precedence over the same Interface in location '/data/Xilinx/Vivado/2020.2/data/ip/xilinx/pcie4_uscale_plus_v1_3/interfaces/pcie4_usp_int_gtcom.xml'
WARNING: [IP_Flow 19-4830] Duplicate Interface found for 'xilinx.com:display_xdma:xdma_debug_ports:1.0'. The one found in location '/iu_home/iu7137/workspace/iu7_53b_19_lab01_kernels/src/vitis_rtl_kernel/rtl_kernel_wizard_1/_x/link/vivado/vpl/.local/hw_platform/iprepo/iprepo/xdma_v4_1/interfaces/xdma_debug_ports.xml' will take precedence over the same Interface in location '/data/Xilinx/Vivado/2020.2/data/ip/xilinx/qdma_v4_0/interfaces/xdma_debug_ports.xml'
WARNING: [IP_Flow 19-4830] Duplicate Interface found for 'xilinx.com:display_pcie3_ultrascale:ext_shared_logic:1.0'. The one found in location '/iu_home/iu7137/workspace/iu7_53b_19_lab01_kernels/src/vitis_rtl_kernel/rtl_kernel_wizard_1/_x/link/vivado/vpl/.local/hw_platform/iprepo/iprepo/xdma_v4_1/interfaces/pcie3_us_ext_shared_logic.xml' will take precedence over the same Interface in location '/data/Xilinx/Vivado/2020.2/data/ip/xilinx/axi_pcie3_v3_0/interfaces/pcie3_us_ext_shared_logic.xml'
WARNING: [IP_Flow 19-4830] Duplicate Interface found for 'xilinx.com:display_xdma:pcie_cfg_external_msix:1.0'. The one found in location '/iu_home/iu7137/workspace/iu7_53b_19_lab01_kernels/src/vitis_rtl_kernel/rtl_kernel_wizard_1/_x/link/vivado/vpl/.local/hw_platform/iprepo/iprepo/xdma_v4_1/interfaces/pcie_cfg_ext_msix.xml' will take precedence over the same Interface in location '/data/Xilinx/Vivado/2020.2/data/ip/xilinx/xdma_v4_1/interfaces/pcie_cfg_ext_msix.xml'
WARNING: [IP_Flow 19-4830] Duplicate Interface found for 'xilinx.com:display_xdma:pcie_debug:1.0'. The one found in location '/iu_home/iu7137/workspace/iu7_53b_19_lab01_kernels/src/vitis_rtl_kernel/rtl_kernel_wizard_1/_x/link/vivado/vpl/.local/hw_platform/iprepo/iprepo/xdma_v4_1/interfaces/pcie_debug.xml' will take precedence over the same Interface in location '/data/Xilinx/Vivado/2020.2/data/ip/xilinx/qdma_v4_0/interfaces/pcie_debug.xml'
WARNING: [IP_Flow 19-4830] Duplicate Interface found for 'xilinx.com:display_pcie4:pcie4_cfg_msix_external:1.0'. The one found in location '/iu_home/iu7137/workspace/iu7_53b_19_lab01_kernels/src/vitis_rtl_kernel/rtl_kernel_wizard_1/_x/link/vivado/vpl/.local/hw_platform/iprepo/iprepo/pcie4_uscale_plus_v1_3/interfaces/pcie4_cfg_msix.xml' will take precedence over the same Interface in location '/data/Xilinx/Vivado/2020.2/data/ip/xilinx/pcie4_uscale_plus_v1_3/interfaces/pcie4_cfg_msix.xml'
WARNING: [IP_Flow 19-4830] Duplicate Interface found for 'xilinx.com:display_pcie4:pcie4_cfg_pm:1.0'. The one found in location '/iu_home/iu7137/workspace/iu7_53b_19_lab01_kernels/src/vitis_rtl_kernel/rtl_kernel_wizard_1/_x/link/vivado/vpl/.local/hw_platform/iprepo/iprepo/pcie4_uscale_plus_v1_3/interfaces/pcie4_cfg_pm.xml' will take precedence over the same Interface in location '/data/Xilinx/Vivado/2020.2/data/ip/xilinx/pcie4_uscale_plus_v1_3/interfaces/pcie4_cfg_pm.xml'
WARNING: [IP_Flow 19-4830] Duplicate Interface found for 'xilinx.com:display_pcie4_uscaleplus:transceiver_debug:1.0'. The one found in location '/iu_home/iu7137/workspace/iu7_53b_19_lab01_kernels/src/vitis_rtl_kernel/rtl_kernel_wizard_1/_x/link/vivado/vpl/.local/hw_platform/iprepo/iprepo/pcie4_uscale_plus_v1_3/interfaces/transceiver_debug.xml' will take precedence over the same Interface in location '/data/Xilinx/Vivado/2020.2/data/ip/xilinx/pcie4_uscale_plus_v1_3/interfaces/transceiver_debug.xml'
WARNING: [IP_Flow 19-4830] Duplicate Interface found for 'xilinx.com:display_pcie4:pcie4_cfg_status:1.0'. The one found in location '/iu_home/iu7137/workspace/iu7_53b_19_lab01_kernels/src/vitis_rtl_kernel/rtl_kernel_wizard_1/_x/link/vivado/vpl/.local/hw_platform/iprepo/iprepo/pcie4_uscale_plus_v1_3/interfaces/pcie4_cfg_status.xml' will take precedence over the same Interface in location '/data/Xilinx/Vivado/2020.2/data/ip/xilinx/pcie4_uscale_plus_v1_3/interfaces/pcie4_cfg_status.xml'
WARNING: [IP_Flow 19-4830] Duplicate Interface found for 'xilinx.com:display_pcie4:pcie4_rbar:1.0'. The one found in location '/iu_home/iu7137/workspace/iu7_53b_19_lab01_kernels/src/vitis_rtl_kernel/rtl_kernel_wizard_1/_x/link/vivado/vpl/.local/hw_platform/iprepo/iprepo/pcie4_uscale_plus_v1_3/interfaces/pcie4_rbar.xml' will take precedence over the same Interface in location '/data/Xilinx/Vivado/2020.2/data/ip/xilinx/pcie4_uscale_plus_v1_3/interfaces/pcie4_rbar.xml'
WARNING: [IP_Flow 19-4830] Duplicate Interface found for 'xilinx.com:display_pcie4:pcie4_pcie_id:1.0'. The one found in location '/iu_home/iu7137/workspace/iu7_53b_19_lab01_kernels/src/vitis_rtl_kernel/rtl_kernel_wizard_1/_x/link/vivado/vpl/.local/hw_platform/iprepo/iprepo/pcie4_uscale_plus_v1_3/interfaces/pcie4_pcie_id.xml' will take precedence over the same Interface in location '/data/Xilinx/Vivado/2020.2/data/ip/xilinx/pcie4_uscale_plus_v1_3/interfaces/pcie4_pcie_id.xml'
WARNING: [IP_Flow 19-4830] Duplicate Interface found for 'xilinx.com:display_pcie4:pcie4_cfg_external_msix:1.0'. The one found in location '/iu_home/iu7137/workspace/iu7_53b_19_lab01_kernels/src/vitis_rtl_kernel/rtl_kernel_wizard_1/_x/link/vivado/vpl/.local/hw_platform/iprepo/iprepo/pcie4_uscale_plus_v1_3/interfaces/pcie4_cfg_ext_msix.xml' will take precedence over the same Interface in location '/data/Xilinx/Vivado/2020.2/data/ip/xilinx/pcie4_uscale_plus_v1_3/interfaces/pcie4_cfg_ext_msix.xml'
WARNING: [IP_Flow 19-4830] Duplicate Interface found for 'xilinx.com:display_pcie4:pcie4_cfg_control:1.0'. The one found in location '/iu_home/iu7137/workspace/iu7_53b_19_lab01_kernels/src/vitis_rtl_kernel/rtl_kernel_wizard_1/_x/link/vivado/vpl/.local/hw_platform/iprepo/iprepo/pcie4_uscale_plus_v1_3/interfaces/pcie4_cfg_control.xml' will take precedence over the same Interface in location '/data/Xilinx/Vivado/2020.2/data/ip/xilinx/pcie4_uscale_plus_v1_3/interfaces/pcie4_cfg_control.xml'
WARNING: [IP_Flow 19-4830] Duplicate Interface found for 'xilinx.com:display_pcie4:pcie4_pl:1.0'. The one found in location '/iu_home/iu7137/workspace/iu7_53b_19_lab01_kernels/src/vitis_rtl_kernel/rtl_kernel_wizard_1/_x/link/vivado/vpl/.local/hw_platform/iprepo/iprepo/pcie4_uscale_plus_v1_3/interfaces/pcie4_pl.xml' will take precedence over the same Interface in location '/data/Xilinx/Vivado/2020.2/data/ip/xilinx/pcie4_uscale_plus_v1_3/interfaces/pcie4_pl.xml'
WARNING: [IP_Flow 19-4830] Duplicate Interface found for 'xilinx.com:display_pcie4:pcie4_cfg_mgmt:1.0'. The one found in location '/iu_home/iu7137/workspace/iu7_53b_19_lab01_kernels/src/vitis_rtl_kernel/rtl_kernel_wizard_1/_x/link/vivado/vpl/.local/hw_platform/iprepo/iprepo/pcie4_uscale_plus_v1_3/interfaces/pcie4_cfg_mgmt.xml' will take precedence over the same Interface in location '/data/Xilinx/Vivado/2020.2/data/ip/xilinx/pcie4_uscale_plus_v1_3/interfaces/pcie4_cfg_mgmt.xml'
WARNING: [IP_Flow 19-4830] Duplicate Interface found for 'xilinx.com:display_pcie4:pcie4_cfg_msix_internal:1.0'. The one found in location '/iu_home/iu7137/workspace/iu7_53b_19_lab01_kernels/src/vitis_rtl_kernel/rtl_kernel_wizard_1/_x/link/vivado/vpl/.local/hw_platform/iprepo/iprepo/pcie4_uscale_plus_v1_3/interfaces/pcie4_cfg_msix_int.xml' will take precedence over the same Interface in location '/data/Xilinx/Vivado/2020.2/data/ip/xilinx/pcie4_uscale_plus_v1_3/interfaces/pcie4_cfg_msix_int.xml'
update_ip_catalog: Time (s): cpu = 00:00:22 ; elapsed = 00:00:31 . Memory (MB): peak = 2416.926 ; gain = 0.000 ; free physical = 3057 ; free virtual = 143406
Command: synth_design -top pfm_dynamic_xbar_0 -part xcu200-fsgd2104-2-e -mode out_of_context
Starting synth_design
Attempting to get a license for feature 'Synthesis' and/or device 'xcu200'
INFO: [Common 17-349] Got license for feature 'Synthesis' and/or device 'xcu200'
INFO: [Device 21-403] Loading part xcu200-fsgd2104-2-e
INFO: [Synth 8-7079] Multithreading enabled for synth_design using a maximum of 1 processes.
INFO: [Synth 8-7078] Launching helper process for spawning children vivado processes
INFO: [Synth 8-7075] Helper process launched with PID 9247
---------------------------------------------------------------------------------
Starting RTL Elaboration : Time (s): cpu = 00:00:35 ; elapsed = 00:01:20 . Memory (MB): peak = 3078.488 ; gain = 214.660 ; free physical = 6597 ; free virtual = 128177
---------------------------------------------------------------------------------
INFO: [Synth 8-6157] synthesizing module 'pfm_dynamic_xbar_0' [/iu_home/iu7137/workspace/iu7_53b_19_lab01_kernels/src/vitis_rtl_kernel/rtl_kernel_wizard_1/_x/link/vivado/vpl/prj/prj.gen/my_rm/bd/bd/ip/pfm_dynamic_xbar_0/synth/pfm_dynamic_xbar_0.v:59]
INFO: [Synth 8-6157] synthesizing module 'axi_crossbar_v2_1_23_axi_crossbar' [/iu_home/iu7137/workspace/iu7_53b_19_lab01_kernels/src/vitis_rtl_kernel/rtl_kernel_wizard_1/_x/link/vivado/vpl/prj/prj.gen/my_rm/bd/bd/ipshared/bc0a/hdl/axi_crossbar_v2_1_vl_rfs.v:4884]
	Parameter C_FAMILY bound to: virtexuplus - type: string 
	Parameter C_NUM_SLAVE_SLOTS bound to: 1 - type: integer 
	Parameter C_NUM_MASTER_SLOTS bound to: 2 - type: integer 
	Parameter C_AXI_ID_WIDTH bound to: 1 - type: integer 
	Parameter C_AXI_ADDR_WIDTH bound to: 25 - type: integer 
	Parameter C_AXI_DATA_WIDTH bound to: 32 - type: integer 
	Parameter C_AXI_PROTOCOL bound to: 2 - type: integer 
	Parameter C_NUM_ADDR_RANGES bound to: 1 - type: integer 
	Parameter C_M_AXI_BASE_ADDR bound to: 128'b00000000000000000000000000000000000000011000000000000000000000000000000000000000000000000000000000000001101111111111000000000000 
	Parameter C_M_AXI_ADDR_WIDTH bound to: 64'b0000000000000000000000000001000000000000000000000000000000001100 
	Parameter C_S_AXI_BASE_ID bound to: 0 - type: integer 
	Parameter C_S_AXI_THREAD_ID_WIDTH bound to: 0 - type: integer 
	Parameter C_AXI_SUPPORTS_USER_SIGNALS bound to: 0 - type: integer 
	Parameter C_AXI_AWUSER_WIDTH bound to: 1 - type: integer 
	Parameter C_AXI_ARUSER_WIDTH bound to: 1 - type: integer 
	Parameter C_AXI_WUSER_WIDTH bound to: 1 - type: integer 
	Parameter C_AXI_RUSER_WIDTH bound to: 1 - type: integer 
	Parameter C_AXI_BUSER_WIDTH bound to: 1 - type: integer 
	Parameter C_M_AXI_WRITE_CONNECTIVITY bound to: 64'b1111111111111111111111111111111111111111111111111111111111111111 
	Parameter C_M_AXI_READ_CONNECTIVITY bound to: 64'b1111111111111111111111111111111111111111111111111111111111111111 
	Parameter C_R_REGISTER bound to: 1 - type: integer 
	Parameter C_S_AXI_SINGLE_THREAD bound to: 1 - type: integer 
	Parameter C_S_AXI_WRITE_ACCEPTANCE bound to: 1 - type: integer 
	Parameter C_S_AXI_READ_ACCEPTANCE bound to: 1 - type: integer 
	Parameter C_M_AXI_WRITE_ISSUING bound to: 64'b0000000000000000000000000000000100000000000000000000000000000001 
	Parameter C_M_AXI_READ_ISSUING bound to: 64'b0000000000000000000000000000000100000000000000000000000000000001 
	Parameter C_S_AXI_ARB_PRIORITY bound to: 0 - type: integer 
	Parameter C_M_AXI_SECURE bound to: 64'b0000000000000000000000000000000000000000000000000000000000000000 
	Parameter C_CONNECTIVITY_MODE bound to: 0 - type: integer 
	Parameter P_ONES bound to: 65'b11111111111111111111111111111111111111111111111111111111111111111 
	Parameter P_S_AXI_BASE_ID bound to: 64'b0000000000000000000000000000000000000000000000000000000000000000 
	Parameter P_S_AXI_HIGH_ID bound to: 64'b0000000000000000000000000000000000000000000000000000000000000000 
	Parameter P_AXI4 bound to: 0 - type: integer 
	Parameter P_AXI3 bound to: 1 - type: integer 
	Parameter P_AXILITE bound to: 2 - type: integer 
	Parameter P_AXILITE_SIZE bound to: 3'b010 
	Parameter P_INCR bound to: 2'b01 
	Parameter P_M_AXI_SUPPORTS_WRITE bound to: 2'b11 
	Parameter P_M_AXI_SUPPORTS_READ bound to: 2'b11 
	Parameter P_S_AXI_SUPPORTS_WRITE bound to: 1'b1 
	Parameter P_S_AXI_SUPPORTS_READ bound to: 1'b1 
	Parameter C_DEBUG bound to: 1 - type: integer 
	Parameter P_RANGE_CHECK bound to: 1 - type: integer 
	Parameter P_ADDR_DECODE bound to: 1 - type: integer 
	Parameter P_M_AXI_ERR_MODE bound to: 64'b0000000000000000000000000000000000000000000000000000000000000000 
	Parameter P_LEN bound to: 8 - type: integer 
	Parameter P_LOCK bound to: 1 - type: integer 
	Parameter P_FAMILY bound to: rtl - type: string 
INFO: [Synth 8-6157] synthesizing module 'axi_crossbar_v2_1_23_crossbar_sasd' [/iu_home/iu7137/workspace/iu7_53b_19_lab01_kernels/src/vitis_rtl_kernel/rtl_kernel_wizard_1/_x/link/vivado/vpl/prj/prj.gen/my_rm/bd/bd/ipshared/bc0a/hdl/axi_crossbar_v2_1_vl_rfs.v:1240]
	Parameter C_FAMILY bound to: rtl - type: string 
	Parameter C_NUM_SLAVE_SLOTS bound to: 1 - type: integer 
	Parameter C_NUM_MASTER_SLOTS bound to: 2 - type: integer 
	Parameter C_NUM_ADDR_RANGES bound to: 1 - type: integer 
	Parameter C_AXI_ID_WIDTH bound to: 1 - type: integer 
	Parameter C_AXI_ADDR_WIDTH bound to: 25 - type: integer 
	Parameter C_AXI_DATA_WIDTH bound to: 32 - type: integer 
	Parameter C_AXI_PROTOCOL bound to: 2 - type: integer 
	Parameter C_M_AXI_BASE_ADDR bound to: 128'b00000000000000000000000000000000000000011000000000000000000000000000000000000000000000000000000000000001101111111111000000000000 
	Parameter C_M_AXI_HIGH_ADDR bound to: 128'b00000000000000000000000000000000000000011000000011111111111111110000000000000000000000000000000000000001101111111111111111111111 
	Parameter C_S_AXI_BASE_ID bound to: 64'b0000000000000000000000000000000000000000000000000000000000000000 
	Parameter C_S_AXI_HIGH_ID bound to: 64'b0000000000000000000000000000000000000000000000000000000000000000 
	Parameter C_AXI_SUPPORTS_USER_SIGNALS bound to: 0 - type: integer 
	Parameter C_AXI_AWUSER_WIDTH bound to: 1 - type: integer 
	Parameter C_AXI_ARUSER_WIDTH bound to: 1 - type: integer 
	Parameter C_AXI_WUSER_WIDTH bound to: 1 - type: integer 
	Parameter C_AXI_RUSER_WIDTH bound to: 1 - type: integer 
	Parameter C_AXI_BUSER_WIDTH bound to: 1 - type: integer 
	Parameter C_S_AXI_SUPPORTS_WRITE bound to: 1'b1 
	Parameter C_S_AXI_SUPPORTS_READ bound to: 1'b1 
	Parameter C_M_AXI_SUPPORTS_WRITE bound to: 2'b11 
	Parameter C_M_AXI_SUPPORTS_READ bound to: 2'b11 
	Parameter C_S_AXI_ARB_PRIORITY bound to: 0 - type: integer 
	Parameter C_M_AXI_SECURE bound to: 64'b0000000000000000000000000000000000000000000000000000000000000000 
	Parameter C_M_AXI_ERR_MODE bound to: 64'b0000000000000000000000000000000000000000000000000000000000000000 
	Parameter C_R_REGISTER bound to: 1 - type: integer 
	Parameter C_RANGE_CHECK bound to: 1 - type: integer 
	Parameter C_ADDR_DECODE bound to: 1 - type: integer 
	Parameter C_DEBUG bound to: 1 - type: integer 
	Parameter P_AXI4 bound to: 0 - type: integer 
	Parameter P_AXI3 bound to: 1 - type: integer 
	Parameter P_AXILITE bound to: 2 - type: integer 
	Parameter P_NUM_MASTER_SLOTS_DE bound to: 3 - type: integer 
	Parameter P_NUM_MASTER_SLOTS_LOG bound to: 1 - type: integer 
	Parameter P_NUM_MASTER_SLOTS_DE_LOG bound to: 2 - type: integer 
	Parameter P_NUM_SLAVE_SLOTS_LOG bound to: 1 - type: integer 
	Parameter P_AXI_AUSER_WIDTH bound to: 1 - type: integer 
	Parameter P_AXI_WID_WIDTH bound to: 1 - type: integer 
	Parameter P_AMESG_WIDTH bound to: 57 - type: integer 
	Parameter P_BMESG_WIDTH bound to: 3 - type: integer 
	Parameter P_RMESG_WIDTH bound to: 36 - type: integer 
	Parameter P_WMESG_WIDTH bound to: 39 - type: integer 
	Parameter P_AXILITE_ERRMODE bound to: 1 - type: integer 
	Parameter P_NONSECURE_BIT bound to: 1 - type: integer 
	Parameter P_M_SECURE_MASK bound to: 2'b00 
	Parameter P_M_AXILITE_MASK bound to: 2'b00 
	Parameter P_FIXED bound to: 2'b00 
	Parameter P_BYPASS bound to: 0 - type: integer 
	Parameter P_LIGHTWT bound to: 7 - type: integer 
	Parameter P_FULLY_REG bound to: 1 - type: integer 
	Parameter P_R_REG_CONFIG bound to: 1 - type: integer 
	Parameter P_DECERR bound to: 2'b11 
INFO: [Synth 8-6157] synthesizing module 'axi_crossbar_v2_1_23_addr_decoder' [/iu_home/iu7137/workspace/iu7_53b_19_lab01_kernels/src/vitis_rtl_kernel/rtl_kernel_wizard_1/_x/link/vivado/vpl/prj/prj.gen/my_rm/bd/bd/ipshared/bc0a/hdl/axi_crossbar_v2_1_vl_rfs.v:794]
	Parameter C_FAMILY bound to: rtl - type: string 
	Parameter C_NUM_TARGETS bound to: 2 - type: integer 
	Parameter C_NUM_TARGETS_LOG bound to: 1 - type: integer 
	Parameter C_NUM_RANGES bound to: 1 - type: integer 
	Parameter C_ADDR_WIDTH bound to: 25 - type: integer 
	Parameter C_TARGET_ENC bound to: 1 - type: integer 
	Parameter C_TARGET_HOT bound to: 1 - type: integer 
	Parameter C_REGION_ENC bound to: 1 - type: integer 
	Parameter C_BASE_ADDR bound to: 128'b00000000000000000000000000000000000000011000000000000000000000000000000000000000000000000000000000000001101111111111000000000000 
	Parameter C_HIGH_ADDR bound to: 128'b00000000000000000000000000000000000000011000000011111111111111110000000000000000000000000000000000000001101111111111111111111111 
	Parameter C_TARGET_QUAL bound to: 3'b011 
	Parameter C_RESOLUTION bound to: 2 - type: integer 
	Parameter C_COMPARATOR_THRESHOLD bound to: 6 - type: integer 
INFO: [Synth 8-6157] synthesizing module 'generic_baseblocks_v2_1_0_comparator_static' [/iu_home/iu7137/workspace/iu7_53b_19_lab01_kernels/src/vitis_rtl_kernel/rtl_kernel_wizard_1/_x/link/vivado/vpl/prj/prj.gen/my_rm/bd/bd/ipshared/b752/hdl/generic_baseblocks_v2_1_vl_rfs.v:2133]
	Parameter C_FAMILY bound to: rtl - type: string 
	Parameter C_VALUE bound to: 23'b11011111111110000000000 
	Parameter C_DATA_WIDTH bound to: 23 - type: integer 
	Parameter C_BITS_PER_LUT bound to: 6 - type: integer 
	Parameter C_NUM_LUT bound to: 4 - type: integer 
	Parameter C_FIX_DATA_WIDTH bound to: 24 - type: integer 
INFO: [Synth 8-6157] synthesizing module 'generic_baseblocks_v2_1_0_carry_and' [/iu_home/iu7137/workspace/iu7_53b_19_lab01_kernels/src/vitis_rtl_kernel/rtl_kernel_wizard_1/_x/link/vivado/vpl/prj/prj.gen/my_rm/bd/bd/ipshared/b752/hdl/generic_baseblocks_v2_1_vl_rfs.v:62]
	Parameter C_FAMILY bound to: rtl - type: string 
INFO: [Synth 8-6155] done synthesizing module 'generic_baseblocks_v2_1_0_carry_and' (1#1) [/iu_home/iu7137/workspace/iu7_53b_19_lab01_kernels/src/vitis_rtl_kernel/rtl_kernel_wizard_1/_x/link/vivado/vpl/prj/prj.gen/my_rm/bd/bd/ipshared/b752/hdl/generic_baseblocks_v2_1_vl_rfs.v:62]
INFO: [Synth 8-6155] done synthesizing module 'generic_baseblocks_v2_1_0_comparator_static' (2#1) [/iu_home/iu7137/workspace/iu7_53b_19_lab01_kernels/src/vitis_rtl_kernel/rtl_kernel_wizard_1/_x/link/vivado/vpl/prj/prj.gen/my_rm/bd/bd/ipshared/b752/hdl/generic_baseblocks_v2_1_vl_rfs.v:2133]
INFO: [Synth 8-6157] synthesizing module 'generic_baseblocks_v2_1_0_comparator_static__parameterized0' [/iu_home/iu7137/workspace/iu7_53b_19_lab01_kernels/src/vitis_rtl_kernel/rtl_kernel_wizard_1/_x/link/vivado/vpl/prj/prj.gen/my_rm/bd/bd/ipshared/b752/hdl/generic_baseblocks_v2_1_vl_rfs.v:2133]
	Parameter C_FAMILY bound to: rtl - type: string 
	Parameter C_VALUE bound to: 23'b11000000000000000000000 
	Parameter C_DATA_WIDTH bound to: 23 - type: integer 
	Parameter C_BITS_PER_LUT bound to: 6 - type: integer 
	Parameter C_NUM_LUT bound to: 4 - type: integer 
	Parameter C_FIX_DATA_WIDTH bound to: 24 - type: integer 
INFO: [Synth 8-6155] done synthesizing module 'generic_baseblocks_v2_1_0_comparator_static__parameterized0' (2#1) [/iu_home/iu7137/workspace/iu7_53b_19_lab01_kernels/src/vitis_rtl_kernel/rtl_kernel_wizard_1/_x/link/vivado/vpl/prj/prj.gen/my_rm/bd/bd/ipshared/b752/hdl/generic_baseblocks_v2_1_vl_rfs.v:2133]
INFO: [Synth 8-6155] done synthesizing module 'axi_crossbar_v2_1_23_addr_decoder' (3#1) [/iu_home/iu7137/workspace/iu7_53b_19_lab01_kernels/src/vitis_rtl_kernel/rtl_kernel_wizard_1/_x/link/vivado/vpl/prj/prj.gen/my_rm/bd/bd/ipshared/bc0a/hdl/axi_crossbar_v2_1_vl_rfs.v:794]
INFO: [Synth 8-6157] synthesizing module 'axi_crossbar_v2_1_23_decerr_slave' [/iu_home/iu7137/workspace/iu7_53b_19_lab01_kernels/src/vitis_rtl_kernel/rtl_kernel_wizard_1/_x/link/vivado/vpl/prj/prj.gen/my_rm/bd/bd/ipshared/bc0a/hdl/axi_crossbar_v2_1_vl_rfs.v:3501]
	Parameter C_AXI_ID_WIDTH bound to: 1 - type: integer 
	Parameter C_AXI_DATA_WIDTH bound to: 32 - type: integer 
	Parameter C_AXI_BUSER_WIDTH bound to: 1 - type: integer 
	Parameter C_AXI_RUSER_WIDTH bound to: 1 - type: integer 
	Parameter C_AXI_PROTOCOL bound to: 2 - type: integer 
	Parameter C_RESP bound to: 3 - type: integer 
	Parameter P_WRITE_IDLE bound to: 2'b00 
	Parameter P_WRITE_DATA bound to: 2'b01 
	Parameter P_WRITE_RESP bound to: 2'b10 
	Parameter P_READ_IDLE bound to: 1'b0 
	Parameter P_READ_DATA bound to: 1'b1 
	Parameter P_AXI4 bound to: 0 - type: integer 
	Parameter P_AXI3 bound to: 1 - type: integer 
	Parameter P_AXILITE bound to: 2 - type: integer 
INFO: [Synth 8-6155] done synthesizing module 'axi_crossbar_v2_1_23_decerr_slave' (4#1) [/iu_home/iu7137/workspace/iu7_53b_19_lab01_kernels/src/vitis_rtl_kernel/rtl_kernel_wizard_1/_x/link/vivado/vpl/prj/prj.gen/my_rm/bd/bd/ipshared/bc0a/hdl/axi_crossbar_v2_1_vl_rfs.v:3501]
INFO: [Synth 8-6157] synthesizing module 'axi_crossbar_v2_1_23_addr_arbiter_sasd' [/iu_home/iu7137/workspace/iu7_53b_19_lab01_kernels/src/vitis_rtl_kernel/rtl_kernel_wizard_1/_x/link/vivado/vpl/prj/prj.gen/my_rm/bd/bd/ipshared/bc0a/hdl/axi_crossbar_v2_1_vl_rfs.v:65]
	Parameter C_FAMILY bound to: rtl - type: string 
	Parameter C_NUM_S bound to: 1 - type: integer 
	Parameter C_NUM_S_LOG bound to: 1 - type: integer 
	Parameter C_AMESG_WIDTH bound to: 57 - type: integer 
	Parameter C_GRANT_ENC bound to: 1 - type: integer 
	Parameter C_ARB_PRIORITY bound to: 0 - type: integer 
	Parameter P_PRIO_MASK bound to: 1'b0 
INFO: [Synth 8-6155] done synthesizing module 'axi_crossbar_v2_1_23_addr_arbiter_sasd' (5#1) [/iu_home/iu7137/workspace/iu7_53b_19_lab01_kernels/src/vitis_rtl_kernel/rtl_kernel_wizard_1/_x/link/vivado/vpl/prj/prj.gen/my_rm/bd/bd/ipshared/bc0a/hdl/axi_crossbar_v2_1_vl_rfs.v:65]
INFO: [Synth 8-6157] synthesizing module 'axi_crossbar_v2_1_23_splitter' [/iu_home/iu7137/workspace/iu7_53b_19_lab01_kernels/src/vitis_rtl_kernel/rtl_kernel_wizard_1/_x/link/vivado/vpl/prj/prj.gen/my_rm/bd/bd/ipshared/bc0a/hdl/axi_crossbar_v2_1_vl_rfs.v:4461]
	Parameter C_NUM_M bound to: 3 - type: integer 
INFO: [Synth 8-6155] done synthesizing module 'axi_crossbar_v2_1_23_splitter' (6#1) [/iu_home/iu7137/workspace/iu7_53b_19_lab01_kernels/src/vitis_rtl_kernel/rtl_kernel_wizard_1/_x/link/vivado/vpl/prj/prj.gen/my_rm/bd/bd/ipshared/bc0a/hdl/axi_crossbar_v2_1_vl_rfs.v:4461]
INFO: [Synth 8-6157] synthesizing module 'axi_crossbar_v2_1_23_splitter__parameterized0' [/iu_home/iu7137/workspace/iu7_53b_19_lab01_kernels/src/vitis_rtl_kernel/rtl_kernel_wizard_1/_x/link/vivado/vpl/prj/prj.gen/my_rm/bd/bd/ipshared/bc0a/hdl/axi_crossbar_v2_1_vl_rfs.v:4461]
	Parameter C_NUM_M bound to: 2 - type: integer 
INFO: [Synth 8-6155] done synthesizing module 'axi_crossbar_v2_1_23_splitter__parameterized0' (6#1) [/iu_home/iu7137/workspace/iu7_53b_19_lab01_kernels/src/vitis_rtl_kernel/rtl_kernel_wizard_1/_x/link/vivado/vpl/prj/prj.gen/my_rm/bd/bd/ipshared/bc0a/hdl/axi_crossbar_v2_1_vl_rfs.v:4461]
INFO: [Synth 8-6157] synthesizing module 'generic_baseblocks_v2_1_0_mux_enc' [/iu_home/iu7137/workspace/iu7_53b_19_lab01_kernels/src/vitis_rtl_kernel/rtl_kernel_wizard_1/_x/link/vivado/vpl/prj/prj.gen/my_rm/bd/bd/ipshared/b752/hdl/generic_baseblocks_v2_1_vl_rfs.v:2452]
	Parameter C_FAMILY bound to: rtl - type: string 
	Parameter C_RATIO bound to: 3 - type: integer 
	Parameter C_SEL_WIDTH bound to: 2 - type: integer 
	Parameter C_DATA_WIDTH bound to: 1 - type: integer 
INFO: [Synth 8-6155] done synthesizing module 'generic_baseblocks_v2_1_0_mux_enc' (7#1) [/iu_home/iu7137/workspace/iu7_53b_19_lab01_kernels/src/vitis_rtl_kernel/rtl_kernel_wizard_1/_x/link/vivado/vpl/prj/prj.gen/my_rm/bd/bd/ipshared/b752/hdl/generic_baseblocks_v2_1_vl_rfs.v:2452]
INFO: [Synth 8-6157] synthesizing module 'generic_baseblocks_v2_1_0_mux_enc__parameterized0' [/iu_home/iu7137/workspace/iu7_53b_19_lab01_kernels/src/vitis_rtl_kernel/rtl_kernel_wizard_1/_x/link/vivado/vpl/prj/prj.gen/my_rm/bd/bd/ipshared/b752/hdl/generic_baseblocks_v2_1_vl_rfs.v:2452]
	Parameter C_FAMILY bound to: rtl - type: string 
	Parameter C_RATIO bound to: 1 - type: integer 
	Parameter C_SEL_WIDTH bound to: 1 - type: integer 
	Parameter C_DATA_WIDTH bound to: 1 - type: integer 
INFO: [Synth 8-6155] done synthesizing module 'generic_baseblocks_v2_1_0_mux_enc__parameterized0' (7#1) [/iu_home/iu7137/workspace/iu7_53b_19_lab01_kernels/src/vitis_rtl_kernel/rtl_kernel_wizard_1/_x/link/vivado/vpl/prj/prj.gen/my_rm/bd/bd/ipshared/b752/hdl/generic_baseblocks_v2_1_vl_rfs.v:2452]
INFO: [Synth 8-6157] synthesizing module 'generic_baseblocks_v2_1_0_mux_enc__parameterized1' [/iu_home/iu7137/workspace/iu7_53b_19_lab01_kernels/src/vitis_rtl_kernel/rtl_kernel_wizard_1/_x/link/vivado/vpl/prj/prj.gen/my_rm/bd/bd/ipshared/b752/hdl/generic_baseblocks_v2_1_vl_rfs.v:2452]
	Parameter C_FAMILY bound to: rtl - type: string 
	Parameter C_RATIO bound to: 3 - type: integer 
	Parameter C_SEL_WIDTH bound to: 2 - type: integer 
	Parameter C_DATA_WIDTH bound to: 36 - type: integer 
INFO: [Synth 8-6155] done synthesizing module 'generic_baseblocks_v2_1_0_mux_enc__parameterized1' (7#1) [/iu_home/iu7137/workspace/iu7_53b_19_lab01_kernels/src/vitis_rtl_kernel/rtl_kernel_wizard_1/_x/link/vivado/vpl/prj/prj.gen/my_rm/bd/bd/ipshared/b752/hdl/generic_baseblocks_v2_1_vl_rfs.v:2452]
INFO: [Synth 8-6157] synthesizing module 'axi_register_slice_v2_1_22_axic_register_slice' [/iu_home/iu7137/workspace/iu7_53b_19_lab01_kernels/src/vitis_rtl_kernel/rtl_kernel_wizard_1/_x/link/vivado/vpl/prj/prj.gen/my_rm/bd/bd/ipshared/af2c/hdl/axi_register_slice_v2_1_vl_rfs.v:1498]
	Parameter C_FAMILY bound to: rtl - type: string 
	Parameter C_DATA_WIDTH bound to: 36 - type: integer 
	Parameter C_REG_CONFIG bound to: 1 - type: integer 
INFO: [Synth 8-6155] done synthesizing module 'axi_register_slice_v2_1_22_axic_register_slice' (8#1) [/iu_home/iu7137/workspace/iu7_53b_19_lab01_kernels/src/vitis_rtl_kernel/rtl_kernel_wizard_1/_x/link/vivado/vpl/prj/prj.gen/my_rm/bd/bd/ipshared/af2c/hdl/axi_register_slice_v2_1_vl_rfs.v:1498]
INFO: [Synth 8-6157] synthesizing module 'generic_baseblocks_v2_1_0_mux_enc__parameterized2' [/iu_home/iu7137/workspace/iu7_53b_19_lab01_kernels/src/vitis_rtl_kernel/rtl_kernel_wizard_1/_x/link/vivado/vpl/prj/prj.gen/my_rm/bd/bd/ipshared/b752/hdl/generic_baseblocks_v2_1_vl_rfs.v:2452]
	Parameter C_FAMILY bound to: rtl - type: string 
	Parameter C_RATIO bound to: 3 - type: integer 
	Parameter C_SEL_WIDTH bound to: 2 - type: integer 
	Parameter C_DATA_WIDTH bound to: 3 - type: integer 
INFO: [Synth 8-6155] done synthesizing module 'generic_baseblocks_v2_1_0_mux_enc__parameterized2' (8#1) [/iu_home/iu7137/workspace/iu7_53b_19_lab01_kernels/src/vitis_rtl_kernel/rtl_kernel_wizard_1/_x/link/vivado/vpl/prj/prj.gen/my_rm/bd/bd/ipshared/b752/hdl/generic_baseblocks_v2_1_vl_rfs.v:2452]
INFO: [Synth 8-6155] done synthesizing module 'axi_crossbar_v2_1_23_crossbar_sasd' (9#1) [/iu_home/iu7137/workspace/iu7_53b_19_lab01_kernels/src/vitis_rtl_kernel/rtl_kernel_wizard_1/_x/link/vivado/vpl/prj/prj.gen/my_rm/bd/bd/ipshared/bc0a/hdl/axi_crossbar_v2_1_vl_rfs.v:1240]
INFO: [Synth 8-6155] done synthesizing module 'axi_crossbar_v2_1_23_axi_crossbar' (10#1) [/iu_home/iu7137/workspace/iu7_53b_19_lab01_kernels/src/vitis_rtl_kernel/rtl_kernel_wizard_1/_x/link/vivado/vpl/prj/prj.gen/my_rm/bd/bd/ipshared/bc0a/hdl/axi_crossbar_v2_1_vl_rfs.v:4884]
INFO: [Synth 8-6155] done synthesizing module 'pfm_dynamic_xbar_0' (11#1) [/iu_home/iu7137/workspace/iu7_53b_19_lab01_kernels/src/vitis_rtl_kernel/rtl_kernel_wizard_1/_x/link/vivado/vpl/prj/prj.gen/my_rm/bd/bd/ip/pfm_dynamic_xbar_0/synth/pfm_dynamic_xbar_0.v:59]
---------------------------------------------------------------------------------
Finished RTL Elaboration : Time (s): cpu = 00:01:04 ; elapsed = 00:02:30 . Memory (MB): peak = 3226.363 ; gain = 362.535 ; free physical = 1930 ; free virtual = 123555
---------------------------------------------------------------------------------
---------------------------------------------------------------------------------
Start Handling Custom Attributes
---------------------------------------------------------------------------------
---------------------------------------------------------------------------------
Finished Handling Custom Attributes : Time (s): cpu = 00:01:06 ; elapsed = 00:02:33 . Memory (MB): peak = 3241.207 ; gain = 377.379 ; free physical = 1665 ; free virtual = 123292
---------------------------------------------------------------------------------
---------------------------------------------------------------------------------
Finished RTL Optimization Phase 1 : Time (s): cpu = 00:01:06 ; elapsed = 00:02:33 . Memory (MB): peak = 3241.207 ; gain = 377.379 ; free physical = 1674 ; free virtual = 123300
---------------------------------------------------------------------------------
Netlist sorting complete. Time (s): cpu = 00:00:00.05 ; elapsed = 00:00:00.05 . Memory (MB): peak = 3241.207 ; gain = 0.000 ; free physical = 1716 ; free virtual = 123351
INFO: [Project 1-570] Preparing netlist for logic optimization

Processing XDC Constraints
Initializing timing engine
Parsing XDC File [/iu_home/iu7137/workspace/iu7_53b_19_lab01_kernels/src/vitis_rtl_kernel/rtl_kernel_wizard_1/_x/link/vivado/vpl/prj/prj.gen/my_rm/bd/bd/ip/pfm_dynamic_xbar_0/pfm_dynamic_xbar_0_ooc.xdc] for cell 'inst'
create_clock: Time (s): cpu = 00:00:18 ; elapsed = 00:00:21 . Memory (MB): peak = 3348.863 ; gain = 0.000 ; free physical = 1370 ; free virtual = 117248
Finished Parsing XDC File [/iu_home/iu7137/workspace/iu7_53b_19_lab01_kernels/src/vitis_rtl_kernel/rtl_kernel_wizard_1/_x/link/vivado/vpl/prj/prj.gen/my_rm/bd/bd/ip/pfm_dynamic_xbar_0/pfm_dynamic_xbar_0_ooc.xdc] for cell 'inst'
Parsing XDC File [/iu_home/iu7137/workspace/iu7_53b_19_lab01_kernels/src/vitis_rtl_kernel/rtl_kernel_wizard_1/_x/link/vivado/vpl/prj/prj.runs/pfm_dynamic_xbar_0_synth_1/dont_touch.xdc]
Finished Parsing XDC File [/iu_home/iu7137/workspace/iu7_53b_19_lab01_kernels/src/vitis_rtl_kernel/rtl_kernel_wizard_1/_x/link/vivado/vpl/prj/prj.runs/pfm_dynamic_xbar_0_synth_1/dont_touch.xdc]
Completed Processing XDC Constraints

Netlist sorting complete. Time (s): cpu = 00:00:00 ; elapsed = 00:00:00 . Memory (MB): peak = 3348.863 ; gain = 0.000 ; free physical = 1344 ; free virtual = 117222
INFO: [Project 1-111] Unisim Transformation Summary:
No Unisim elements were transformed.

Constraint Validation Runtime : Time (s): cpu = 00:00:00.13 ; elapsed = 00:00:00.25 . Memory (MB): peak = 3348.863 ; gain = 0.000 ; free physical = 1325 ; free virtual = 117203
---------------------------------------------------------------------------------
Finished Constraint Validation : Time (s): cpu = 00:01:53 ; elapsed = 00:03:35 . Memory (MB): peak = 3348.863 ; gain = 485.035 ; free physical = 2968 ; free virtual = 117763
---------------------------------------------------------------------------------
---------------------------------------------------------------------------------
Start Loading Part and Timing Information
---------------------------------------------------------------------------------
Loading part: xcu200-fsgd2104-2-e
INFO: [Synth 8-6742] Reading net delay rules and data
---------------------------------------------------------------------------------
Finished Loading Part and Timing Information : Time (s): cpu = 00:01:53 ; elapsed = 00:03:35 . Memory (MB): peak = 3348.863 ; gain = 485.035 ; free physical = 2906 ; free virtual = 117702
---------------------------------------------------------------------------------
---------------------------------------------------------------------------------
Start Applying 'set_property' XDC Constraints
---------------------------------------------------------------------------------
Applied set_property KEEP_HIERARCHY = SOFT for inst. (constraint file  /iu_home/iu7137/workspace/iu7_53b_19_lab01_kernels/src/vitis_rtl_kernel/rtl_kernel_wizard_1/_x/link/vivado/vpl/prj/prj.runs/pfm_dynamic_xbar_0_synth_1/dont_touch.xdc, line 9).
---------------------------------------------------------------------------------
Finished applying 'set_property' XDC Constraints : Time (s): cpu = 00:01:53 ; elapsed = 00:03:35 . Memory (MB): peak = 3348.863 ; gain = 485.035 ; free physical = 2887 ; free virtual = 117684
---------------------------------------------------------------------------------
---------------------------------------------------------------------------------
Finished RTL Optimization Phase 2 : Time (s): cpu = 00:01:55 ; elapsed = 00:03:37 . Memory (MB): peak = 3348.863 ; gain = 485.035 ; free physical = 3641 ; free virtual = 118431
---------------------------------------------------------------------------------
---------------------------------------------------------------------------------
Start RTL Component Statistics 
---------------------------------------------------------------------------------
Detailed RTL Component Info : 
+---Registers : 
	               57 Bit    Registers := 1     
	               36 Bit    Registers := 2     
	                3 Bit    Registers := 2     
	                2 Bit    Registers := 3     
	                1 Bit    Registers := 14    
+---Muxes : 
	   2 Input   57 Bit        Muxes := 1     
	   2 Input   36 Bit        Muxes := 2     
	   2 Input    3 Bit        Muxes := 1     
	   2 Input    2 Bit        Muxes := 2     
	   2 Input    1 Bit        Muxes := 30    
---------------------------------------------------------------------------------
Finished RTL Component Statistics 
---------------------------------------------------------------------------------
---------------------------------------------------------------------------------
Start Part Resource Summary
---------------------------------------------------------------------------------
Part Resources:
DSPs: 6840 (col length:120)
BRAMs: 4320 (col length: RAMB18 360 RAMB36 180)
---------------------------------------------------------------------------------
Finished Part Resource Summary
---------------------------------------------------------------------------------
---------------------------------------------------------------------------------
Start Cross Boundary and Area Optimization
---------------------------------------------------------------------------------
---------------------------------------------------------------------------------
Finished Cross Boundary and Area Optimization : Time (s): cpu = 00:01:59 ; elapsed = 00:03:43 . Memory (MB): peak = 3348.863 ; gain = 485.035 ; free physical = 1250 ; free virtual = 116056
---------------------------------------------------------------------------------
---------------------------------------------------------------------------------
Start Applying XDC Timing Constraints
---------------------------------------------------------------------------------
---------------------------------------------------------------------------------
Finished Applying XDC Timing Constraints : Time (s): cpu = 00:03:07 ; elapsed = 00:05:56 . Memory (MB): peak = 3533.426 ; gain = 669.598 ; free physical = 11492 ; free virtual = 125144
---------------------------------------------------------------------------------
---------------------------------------------------------------------------------
Start Timing Optimization
---------------------------------------------------------------------------------
---------------------------------------------------------------------------------
Finished Timing Optimization : Time (s): cpu = 00:03:09 ; elapsed = 00:05:58 . Memory (MB): peak = 3557.457 ; gain = 693.629 ; free physical = 11492 ; free virtual = 125144
---------------------------------------------------------------------------------
---------------------------------------------------------------------------------
Start Technology Mapping
---------------------------------------------------------------------------------
---------------------------------------------------------------------------------
Finished Technology Mapping : Time (s): cpu = 00:03:09 ; elapsed = 00:05:59 . Memory (MB): peak = 3568.488 ; gain = 704.660 ; free physical = 11373 ; free virtual = 125025
---------------------------------------------------------------------------------
---------------------------------------------------------------------------------
Start IO Insertion
---------------------------------------------------------------------------------
---------------------------------------------------------------------------------
Start Flattening Before IO Insertion
---------------------------------------------------------------------------------
---------------------------------------------------------------------------------
Finished Flattening Before IO Insertion
---------------------------------------------------------------------------------
---------------------------------------------------------------------------------
Start Final Netlist Cleanup
---------------------------------------------------------------------------------
---------------------------------------------------------------------------------
Finished Final Netlist Cleanup
---------------------------------------------------------------------------------
---------------------------------------------------------------------------------
Finished IO Insertion : Time (s): cpu = 00:03:22 ; elapsed = 00:06:12 . Memory (MB): peak = 3568.488 ; gain = 704.660 ; free physical = 10131 ; free virtual = 123831
---------------------------------------------------------------------------------
---------------------------------------------------------------------------------
Start Renaming Generated Instances
---------------------------------------------------------------------------------
---------------------------------------------------------------------------------
Finished Renaming Generated Instances : Time (s): cpu = 00:03:22 ; elapsed = 00:06:12 . Memory (MB): peak = 3568.488 ; gain = 704.660 ; free physical = 10126 ; free virtual = 123825
---------------------------------------------------------------------------------
---------------------------------------------------------------------------------
Start Rebuilding User Hierarchy
---------------------------------------------------------------------------------
---------------------------------------------------------------------------------
Finished Rebuilding User Hierarchy : Time (s): cpu = 00:03:22 ; elapsed = 00:06:13 . Memory (MB): peak = 3568.488 ; gain = 704.660 ; free physical = 10215 ; free virtual = 123915
---------------------------------------------------------------------------------
---------------------------------------------------------------------------------
Start Renaming Generated Ports
---------------------------------------------------------------------------------
---------------------------------------------------------------------------------
Finished Renaming Generated Ports : Time (s): cpu = 00:03:22 ; elapsed = 00:06:13 . Memory (MB): peak = 3568.488 ; gain = 704.660 ; free physical = 10262 ; free virtual = 123962
---------------------------------------------------------------------------------
---------------------------------------------------------------------------------
Start Handling Custom Attributes
---------------------------------------------------------------------------------
---------------------------------------------------------------------------------
Finished Handling Custom Attributes : Time (s): cpu = 00:03:23 ; elapsed = 00:06:13 . Memory (MB): peak = 3568.488 ; gain = 704.660 ; free physical = 10668 ; free virtual = 124368
---------------------------------------------------------------------------------
---------------------------------------------------------------------------------
Start Renaming Generated Nets
---------------------------------------------------------------------------------
---------------------------------------------------------------------------------
Finished Renaming Generated Nets : Time (s): cpu = 00:03:23 ; elapsed = 00:06:13 . Memory (MB): peak = 3568.488 ; gain = 704.660 ; free physical = 10717 ; free virtual = 124417
---------------------------------------------------------------------------------
---------------------------------------------------------------------------------
Start Writing Synthesis Report
---------------------------------------------------------------------------------

Report BlackBoxes: 
+-+--------------+----------+
| |BlackBox name |Instances |
+-+--------------+----------+
+-+--------------+----------+

Report Cell Usage: 
+------+-----+------+
|      |Cell |Count |
+------+-----+------+
|1     |LUT1 |     1|
|2     |LUT2 |    10|
|3     |LUT3 |     6|
|4     |LUT4 |    43|
|5     |LUT5 |    21|
|6     |LUT6 |    47|
|7     |FDRE |   123|
+------+-----+------+
---------------------------------------------------------------------------------
Finished Writing Synthesis Report : Time (s): cpu = 00:03:23 ; elapsed = 00:06:13 . Memory (MB): peak = 3568.488 ; gain = 704.660 ; free physical = 10706 ; free virtual = 124406
---------------------------------------------------------------------------------
Synthesis finished with 0 errors, 0 critical warnings and 0 warnings.
Synthesis Optimization Runtime : Time (s): cpu = 00:02:54 ; elapsed = 00:05:35 . Memory (MB): peak = 3568.488 ; gain = 597.004 ; free physical = 10667 ; free virtual = 124367
Synthesis Optimization Complete : Time (s): cpu = 00:03:23 ; elapsed = 00:06:13 . Memory (MB): peak = 3568.496 ; gain = 704.660 ; free physical = 10782 ; free virtual = 124482
INFO: [Project 1-571] Translating synthesized netlist
Netlist sorting complete. Time (s): cpu = 00:00:00.02 ; elapsed = 00:00:00.03 . Memory (MB): peak = 3579.457 ; gain = 0.000 ; free physical = 10638 ; free virtual = 124347
INFO: [Project 1-570] Preparing netlist for logic optimization
INFO: [Opt 31-138] Pushed 0 inverter(s) to 0 load pin(s).
Netlist sorting complete. Time (s): cpu = 00:00:00 ; elapsed = 00:00:00 . Memory (MB): peak = 3633.145 ; gain = 0.000 ; free physical = 9198 ; free virtual = 122911
INFO: [Project 1-111] Unisim Transformation Summary:
No Unisim elements were transformed.

INFO: [Common 17-83] Releasing license: Synthesis
52 Infos, 33 Warnings, 0 Critical Warnings and 0 Errors encountered.
synth_design completed successfully
synth_design: Time (s): cpu = 00:04:36 ; elapsed = 00:07:59 . Memory (MB): peak = 3633.145 ; gain = 1216.219 ; free physical = 9315 ; free virtual = 123030
INFO: [Common 17-600] The following parameters have non-default value.
general.maxThreads
INFO: [Common 17-1381] The checkpoint '/iu_home/iu7137/workspace/iu7_53b_19_lab01_kernels/src/vitis_rtl_kernel/rtl_kernel_wizard_1/_x/link/vivado/vpl/prj/prj.runs/pfm_dynamic_xbar_0_synth_1/pfm_dynamic_xbar_0.dcp' has been generated.
WARNING: [Common 17-576] 'use_project_ipc' is deprecated. This option is deprecated and no longer used.
INFO: [Coretcl 2-1648] Added synthesis output to IP cache for IP pfm_dynamic_xbar_0, cache-ID = e2fd30522d1ebe62
INFO: [Coretcl 2-1174] Renamed 7 cell refs.
INFO: [Common 17-1381] The checkpoint '/iu_home/iu7137/workspace/iu7_53b_19_lab01_kernels/src/vitis_rtl_kernel/rtl_kernel_wizard_1/_x/link/vivado/vpl/prj/prj.runs/pfm_dynamic_xbar_0_synth_1/pfm_dynamic_xbar_0.dcp' has been generated.
INFO: [runtcl-4] Executing : report_utilization -file pfm_dynamic_xbar_0_utilization_synth.rpt -pb pfm_dynamic_xbar_0_utilization_synth.pb
INFO: [Common 17-206] Exiting Vivado at Mon Dec 20 03:32:35 2021...
