Copyright 1986-2020 Xilinx, Inc. All Rights Reserved.
------------------------------------------------------------------------------------------
| Tool Version : Vivado v.2020.2 (lin64) Build 3064766 Wed Nov 18 09:12:47 MST 2020
| Date         : Mon Dec 20 14:25:07 2021
| Host         : dl580 running 64-bit Ubuntu 18.04.5 LTS
| Command      : report_utilization -slr -file slr_util_routed.rpt -pb slr_util_routed.pb
| Design       : pfm_top_wrapper
| Device       : xcu200fsgd2104-2
| Design State : Routed
------------------------------------------------------------------------------------------

Utilization Design Information

Table of Contents
-----------------
1. SLR Connectivity
2. SLR Connectivity Matrix
3. SLR CLB Logic and Dedicated Block Utilization
4. SLR IO Utilization

1. SLR Connectivity
-------------------

+----------------------------------+------+-------+-----------+-------+
|                                  | Used | Fixed | Available | Util% |
+----------------------------------+------+-------+-----------+-------+
| SLR2 <-> SLR1                    | 1387 |       |     17280 |  8.03 |
|   SLR1 -> SLR2                   |  818 |       |           |  4.73 |
|     Using TX_REG only            |    0 |     0 |           |       |
|     Using RX_REG only            |    0 |     0 |           |       |
|     Using Both TX_REG and RX_REG |    0 |     0 |           |       |
|   SLR2 -> SLR1                   |  569 |       |           |  3.29 |
|     Using TX_REG only            |    0 |     0 |           |       |
|     Using RX_REG only            |    0 |     0 |           |       |
|     Using Both TX_REG and RX_REG |    0 |     0 |           |       |
| SLR1 <-> SLR0                    | 1529 |       |     17280 |  8.85 |
|   SLR0 -> SLR1                   |  629 |       |           |  3.64 |
|     Using TX_REG only            |    0 |     0 |           |       |
|     Using RX_REG only            |    0 |     0 |           |       |
|     Using Both TX_REG and RX_REG |    0 |     0 |           |       |
|   SLR1 -> SLR0                   |  900 |       |           |  5.21 |
|     Using TX_REG only            |    0 |     0 |           |       |
|     Using RX_REG only            |    0 |     0 |           |       |
|     Using Both TX_REG and RX_REG |    0 |     0 |           |       |
+----------------------------------+------+-------+-----------+-------+
| Total SLLs Used                  | 2916 |       |           |       |
+----------------------------------+------+-------+-----------+-------+


2. SLR Connectivity Matrix
--------------------------

+-----------+------+------+------+
| FROM \ TO | SLR2 | SLR1 | SLR0 |
+-----------+------+------+------+
| SLR2      |    0 |  569 |    0 |
| SLR1      |  818 |    0 |  900 |
| SLR0      |    0 |  629 |    0 |
+-----------+------+------+------+


3. SLR CLB Logic and Dedicated Block Utilization
------------------------------------------------

+----------------------------+------+--------+------+--------+--------+--------+
|          Site Type         | SLR0 |  SLR1  | SLR2 | SLR0 % | SLR1 % | SLR2 % |
+----------------------------+------+--------+------+--------+--------+--------+
| CLB                        | 1285 |  31605 | 1250 |   2.61 |  64.16 |   2.54 |
|   CLBL                     |  669 |  15822 |  635 |   2.72 |  64.32 |   2.58 |
|   CLBM                     |  616 |  15783 |  615 |   2.50 |  64.00 |   2.49 |
| CLB LUTs                   | 3745 | 163867 | 3684 |   0.95 |  41.58 |   0.93 |
|   LUT as Logic             | 2629 | 147380 | 2568 |   0.67 |  37.40 |   0.65 |
|     using O5 output only   |   71 |   2729 |   62 |   0.02 |   0.69 |   0.02 |
|     using O6 output only   | 1887 | 101891 | 1878 |   0.48 |  25.86 |   0.48 |
|     using O5 and O6        |  671 |  42760 |  628 |   0.17 |  10.85 |   0.16 |
|   LUT as Memory            | 1116 |  16487 | 1116 |   0.57 |   8.36 |   0.57 |
|     LUT as Distributed RAM |  312 |  10417 |  312 |   0.16 |   5.28 |   0.16 |
|       using O5 output only |    0 |      0 |    0 |   0.00 |   0.00 |   0.00 |
|       using O6 output only |    0 |    499 |    0 |   0.00 |   0.25 |   0.00 |
|       using O5 and O6      |  312 |   9918 |  312 |   0.16 |   5.03 |   0.16 |
|     LUT as Shift Register  |  804 |   6070 |  804 |   0.41 |   3.08 |   0.41 |
|       using O5 output only |    0 |      0 |    0 |   0.00 |   0.00 |   0.00 |
|       using O6 output only |  804 |   4716 |  804 |   0.41 |   2.39 |   0.41 |
|       using O5 and O6      |    0 |   1354 |    0 |   0.00 |   0.69 |   0.00 |
| CLB Registers              | 5252 | 227082 | 5203 |   0.67 |  28.81 |   0.66 |
| CARRY8                     |    0 |   1516 |    0 |   0.00 |   3.08 |   0.00 |
| F7 Muxes                   |    0 |   2508 |    0 |   0.00 |   1.27 |   0.00 |
| F8 Muxes                   |    0 |    233 |    0 |   0.00 |   0.24 |   0.00 |
| F9 Muxes                   |    0 |      0 |    0 |   0.00 |   0.00 |   0.00 |
| Block RAM Tile             |    0 |  334.5 |    0 |   0.00 |  46.46 |   0.00 |
|   RAMB36/FIFO              |    0 |    325 |    0 |   0.00 |  45.14 |   0.00 |
|   RAMB18                   |    0 |     19 |    0 |   0.00 |   1.32 |   0.00 |
| URAM                       |    0 |      0 |    0 |   0.00 |   0.00 |   0.00 |
| DSPs                       |    0 |     10 |    0 |   0.00 |   0.44 |   0.00 |
| PLL                        |    0 |      0 |    0 |   0.00 |   0.00 |   0.00 |
| MMCM                       |    0 |      0 |    0 |   0.00 |   0.00 |   0.00 |
| Unique Control Sets        |  124 |   8158 |  117 |   0.13 |   8.28 |   0.12 |
+----------------------------+------+--------+------+--------+--------+--------+
* Note: Available Control Sets based on CLB Registers / 8


4. SLR IO Utilization
---------------------

+-----------+-----------+---------+------------+----------+------------+----------+-----+
| SLR Index | Used IOBs | (%)IOBs | Used IPADs | (%)IPADs | Used OPADs | (%)OPADs | GTs |
+-----------+-----------+---------+------------+----------+------------+----------+-----+
| SLR2      |         0 |    0.00 |          0 |     0.00 |          0 |     0.00 |   0 |
| SLR1      |       300 |   82.42 |          0 |     0.00 |          0 |     0.00 |  16 |
| SLR0      |         0 |    0.00 |          0 |     0.00 |          0 |     0.00 |   0 |
+-----------+-----------+---------+------------+----------+------------+----------+-----+
| Total     |       300 |         |          0 |          |          0 |          |  16 |
+-----------+-----------+---------+------------+----------+------------+----------+-----+


