
*** Running vivado
    with args -log bd_ebbe_lut_buffer_0.vds -m64 -product Vivado -mode batch -messageDb vivado.pb -notrace -source bd_ebbe_lut_buffer_0.tcl


****** Vivado v2020.2 (64-bit)
  **** SW Build 3064766 on Wed Nov 18 09:12:47 MST 2020
  **** IP Build 3064653 on Wed Nov 18 14:17:31 MST 2020
    ** Copyright 1986-2020 Xilinx, Inc. All Rights Reserved.

source bd_ebbe_lut_buffer_0.tcl -notrace
INFO: Dispatch client connection id - 35321
create_project: Time (s): cpu = 00:00:11 ; elapsed = 00:00:18 . Memory (MB): peak = 2409.988 ; gain = 2.016 ; free physical = 16280 ; free virtual = 129347
INFO: [IP_Flow 19-234] Refreshing IP repositories
INFO: [IP_Flow 19-1700] Loaded user IP repository '/iu_home/iu7137/workspace/iu7_53b_19_lab01_kernels/src/vitis_rtl_kernel/rtl_kernel_wizard_1/_x/link/int/xo/ip_repo/mycompany_com_kernel_rtl_kernel_wizard_1_1_0'.
WARNING: [IP_Flow 19-1694] Ignoring duplicate Bus Definition IP file 'xilinx.com:display_pcie4:pcie4_gt_if:1.0' found within IP repository '/iu_home/iu7137/workspace/iu7_53b_19_lab01_kernels/src/vitis_rtl_kernel/rtl_kernel_wizard_1/_x/link/vivado/vpl/.local/hw_platform/iprepo'.
File in use: /iu_home/iu7137/workspace/iu7_53b_19_lab01_kernels/src/vitis_rtl_kernel/rtl_kernel_wizard_1/_x/link/vivado/vpl/.local/hw_platform/iprepo/iprepo/xdma_v4_1/interfaces/pcie4_gt_if.xml
File ignored: /iu_home/iu7137/workspace/iu7_53b_19_lab01_kernels/src/vitis_rtl_kernel/rtl_kernel_wizard_1/_x/link/vivado/vpl/.local/hw_platform/iprepo/iprepo/pcie4_uscale_plus_v1_3/interfaces/pcie4_gt_if.xml
WARNING: [IP_Flow 19-1694] Ignoring duplicate Bus Definition IP file 'xilinx.com:display_pcie4_uscaleplus:ext_gtcom:1.0' found within IP repository '/iu_home/iu7137/workspace/iu7_53b_19_lab01_kernels/src/vitis_rtl_kernel/rtl_kernel_wizard_1/_x/link/vivado/vpl/.local/hw_platform/iprepo'.
File in use: /iu_home/iu7137/workspace/iu7_53b_19_lab01_kernels/src/vitis_rtl_kernel/rtl_kernel_wizard_1/_x/link/vivado/vpl/.local/hw_platform/iprepo/iprepo/xdma_v4_1/interfaces/pcie4_usp_ext_gtcom.xml
File ignored: /iu_home/iu7137/workspace/iu7_53b_19_lab01_kernels/src/vitis_rtl_kernel/rtl_kernel_wizard_1/_x/link/vivado/vpl/.local/hw_platform/iprepo/iprepo/pcie4_uscale_plus_v1_3/interfaces/pcie4_usp_ext_gtcom.xml
WARNING: [IP_Flow 19-1694] Ignoring duplicate Bus Abstraction IP file 'xilinx.com:display_pcie4_uscaleplus:int_gtcom_rtl:1.0' found within IP repository '/iu_home/iu7137/workspace/iu7_53b_19_lab01_kernels/src/vitis_rtl_kernel/rtl_kernel_wizard_1/_x/link/vivado/vpl/.local/hw_platform/iprepo'.
File in use: /iu_home/iu7137/workspace/iu7_53b_19_lab01_kernels/src/vitis_rtl_kernel/rtl_kernel_wizard_1/_x/link/vivado/vpl/.local/hw_platform/iprepo/iprepo/xdma_v4_1/interfaces/pcie4_usp_int_gtcom_rtl.xml
File ignored: /iu_home/iu7137/workspace/iu7_53b_19_lab01_kernels/src/vitis_rtl_kernel/rtl_kernel_wizard_1/_x/link/vivado/vpl/.local/hw_platform/iprepo/iprepo/pcie4_uscale_plus_v1_3/interfaces/pcie4_usp_int_gtcom_rtl.xml
WARNING: [IP_Flow 19-1694] Ignoring duplicate Bus Definition IP file 'xilinx.com:display_pcie4_uscaleplus:int_gtcom:1.0' found within IP repository '/iu_home/iu7137/workspace/iu7_53b_19_lab01_kernels/src/vitis_rtl_kernel/rtl_kernel_wizard_1/_x/link/vivado/vpl/.local/hw_platform/iprepo'.
File in use: /iu_home/iu7137/workspace/iu7_53b_19_lab01_kernels/src/vitis_rtl_kernel/rtl_kernel_wizard_1/_x/link/vivado/vpl/.local/hw_platform/iprepo/iprepo/xdma_v4_1/interfaces/pcie4_usp_int_gtcom.xml
File ignored: /iu_home/iu7137/workspace/iu7_53b_19_lab01_kernels/src/vitis_rtl_kernel/rtl_kernel_wizard_1/_x/link/vivado/vpl/.local/hw_platform/iprepo/iprepo/pcie4_uscale_plus_v1_3/interfaces/pcie4_usp_int_gtcom.xml
WARNING: [IP_Flow 19-1694] Ignoring duplicate Bus Abstraction IP file 'xilinx.com:display_pcie4_uscaleplus:ext_gtcom_rtl:1.0' found within IP repository '/iu_home/iu7137/workspace/iu7_53b_19_lab01_kernels/src/vitis_rtl_kernel/rtl_kernel_wizard_1/_x/link/vivado/vpl/.local/hw_platform/iprepo'.
File in use: /iu_home/iu7137/workspace/iu7_53b_19_lab01_kernels/src/vitis_rtl_kernel/rtl_kernel_wizard_1/_x/link/vivado/vpl/.local/hw_platform/iprepo/iprepo/xdma_v4_1/interfaces/pcie4_usp_ext_gtcom_rtl.xml
File ignored: /iu_home/iu7137/workspace/iu7_53b_19_lab01_kernels/src/vitis_rtl_kernel/rtl_kernel_wizard_1/_x/link/vivado/vpl/.local/hw_platform/iprepo/iprepo/pcie4_uscale_plus_v1_3/interfaces/pcie4_usp_ext_gtcom_rtl.xml
WARNING: [IP_Flow 19-1694] Ignoring duplicate Bus Abstraction IP file 'xilinx.com:display_pcie4:pcie4_gt_if_rtl:1.0' found within IP repository '/iu_home/iu7137/workspace/iu7_53b_19_lab01_kernels/src/vitis_rtl_kernel/rtl_kernel_wizard_1/_x/link/vivado/vpl/.local/hw_platform/iprepo'.
File in use: /iu_home/iu7137/workspace/iu7_53b_19_lab01_kernels/src/vitis_rtl_kernel/rtl_kernel_wizard_1/_x/link/vivado/vpl/.local/hw_platform/iprepo/iprepo/xdma_v4_1/interfaces/pcie4_gt_if_rtl.xml
File ignored: /iu_home/iu7137/workspace/iu7_53b_19_lab01_kernels/src/vitis_rtl_kernel/rtl_kernel_wizard_1/_x/link/vivado/vpl/.local/hw_platform/iprepo/iprepo/pcie4_uscale_plus_v1_3/interfaces/pcie4_gt_if_rtl.xml
INFO: [IP_Flow 19-1700] Loaded user IP repository '/iu_home/iu7137/workspace/iu7_53b_19_lab01_kernels/src/vitis_rtl_kernel/rtl_kernel_wizard_1/_x/link/vivado/vpl/.local/hw_platform/iprepo'.
INFO: [IP_Flow 19-1700] Loaded user IP repository '/data/Xilinx/Vitis/2020.2/data/cache/xilinx'.
INFO: [IP_Flow 19-1700] Loaded user IP repository '/iu_home/iu7137/workspace/iu7_53b_19_lab01_kernels/src/vitis_rtl_kernel/rtl_kernel_wizard_1/_x/link/vivado/vpl/.local/hw_platform/ipcache'.
INFO: [IP_Flow 19-1700] Loaded user IP repository '/data/Xilinx/Vitis/2020.2/data/ip'.
INFO: [IP_Flow 19-2313] Loaded Vivado IP repository '/data/Xilinx/Vivado/2020.2/data/ip'.
WARNING: [IP_Flow 19-1663] Duplicate IP found for 'xilinx.com:ip:xdma:4.1'. The one found in IP location '/iu_home/iu7137/workspace/iu7_53b_19_lab01_kernels/src/vitis_rtl_kernel/rtl_kernel_wizard_1/_x/link/vivado/vpl/.local/hw_platform/iprepo/iprepo/xdma_v4_1' will take precedence over the same IP in the Xilinx installed IP.
WARNING: [IP_Flow 19-1663] Duplicate IP found for 'xilinx.com:ip:pcie4_uscale_plus:1.3'. The one found in IP location '/iu_home/iu7137/workspace/iu7_53b_19_lab01_kernels/src/vitis_rtl_kernel/rtl_kernel_wizard_1/_x/link/vivado/vpl/.local/hw_platform/iprepo/iprepo/pcie4_uscale_plus_v1_3' will take precedence over the same IP in the Xilinx installed IP.
WARNING: [IP_Flow 19-4830] Duplicate Interface found for 'xilinx.com:display_xdma:pcie4_us_plus_transceiver_debug:1.0'. The one found in location '/iu_home/iu7137/workspace/iu7_53b_19_lab01_kernels/src/vitis_rtl_kernel/rtl_kernel_wizard_1/_x/link/vivado/vpl/.local/hw_platform/iprepo/iprepo/xdma_v4_1/interfaces/pcie4_us_plus_transceiver_debug.xml' will take precedence over the same Interface in location '/data/Xilinx/Vivado/2020.2/data/ip/xilinx/qdma_v4_0/interfaces/pcie4_us_plus_transceiver_debug.xml'
WARNING: [IP_Flow 19-4830] Duplicate Interface found for 'xilinx.com:display_xdma:xdma_status_ports:1.0'. The one found in location '/iu_home/iu7137/workspace/iu7_53b_19_lab01_kernels/src/vitis_rtl_kernel/rtl_kernel_wizard_1/_x/link/vivado/vpl/.local/hw_platform/iprepo/iprepo/xdma_v4_1/interfaces/xdma_status_ports.xml' will take precedence over the same Interface in location '/data/Xilinx/Vivado/2020.2/data/ip/xilinx/qdma_v4_0/interfaces/xdma_status_ports.xml'
WARNING: [IP_Flow 19-4830] Duplicate Interface found for 'xilinx.com:display_xdma:pcie3_7x_transceiver_debug:1.0'. The one found in location '/iu_home/iu7137/workspace/iu7_53b_19_lab01_kernels/src/vitis_rtl_kernel/rtl_kernel_wizard_1/_x/link/vivado/vpl/.local/hw_platform/iprepo/iprepo/xdma_v4_1/interfaces/pcie3_7x_transceiver_debug.xml' will take precedence over the same Interface in location '/data/Xilinx/Vivado/2020.2/data/ip/xilinx/qdma_v4_0/interfaces/pcie3_7x_transceiver_debug.xml'
WARNING: [IP_Flow 19-4830] Duplicate Interface found for 'xilinx.com:display_pcie3_ultrascale:pcie3_us_gt_if:1.0'. The one found in location '/iu_home/iu7137/workspace/iu7_53b_19_lab01_kernels/src/vitis_rtl_kernel/rtl_kernel_wizard_1/_x/link/vivado/vpl/.local/hw_platform/iprepo/iprepo/xdma_v4_1/interfaces/pcie3_us_gt_if.xml' will take precedence over the same Interface in location '/data/Xilinx/Vivado/2020.2/data/ip/xilinx/pcie3_ultrascale_v4_4/interfaces/pcie3_us_gt_if.xml'
WARNING: [IP_Flow 19-4830] Duplicate Interface found for 'xilinx.com:display_xdma:pcie3_us_transceiver_debug:1.0'. The one found in location '/iu_home/iu7137/workspace/iu7_53b_19_lab01_kernels/src/vitis_rtl_kernel/rtl_kernel_wizard_1/_x/link/vivado/vpl/.local/hw_platform/iprepo/iprepo/xdma_v4_1/interfaces/pcie3_us_transceiver_debug.xml' will take precedence over the same Interface in location '/data/Xilinx/Vivado/2020.2/data/ip/xilinx/qdma_v4_0/interfaces/pcie3_us_transceiver_debug.xml'
WARNING: [IP_Flow 19-4830] Duplicate Interface found for 'xilinx.com:display_xdma:dsc_bypass:1.0'. The one found in location '/iu_home/iu7137/workspace/iu7_53b_19_lab01_kernels/src/vitis_rtl_kernel/rtl_kernel_wizard_1/_x/link/vivado/vpl/.local/hw_platform/iprepo/iprepo/xdma_v4_1/interfaces/dsc_bypass.xml' will take precedence over the same Interface in location '/data/Xilinx/Vivado/2020.2/data/ip/xilinx/qdma_v4_0/interfaces/dsc_bypass.xml'
WARNING: [IP_Flow 19-4830] Duplicate Interface found for 'xilinx.com:display_pcie4:pcie4_gt_if:1.0'. The one found in location '/iu_home/iu7137/workspace/iu7_53b_19_lab01_kernels/src/vitis_rtl_kernel/rtl_kernel_wizard_1/_x/link/vivado/vpl/.local/hw_platform/iprepo/iprepo/xdma_v4_1/interfaces/pcie4_gt_if.xml' will take precedence over the same Interface in location '/data/Xilinx/Vivado/2020.2/data/ip/xilinx/pcie4_uscale_plus_v1_3/interfaces/pcie4_gt_if.xml'
WARNING: [IP_Flow 19-4830] Duplicate Interface found for 'xilinx.com:display_xdma:int_shared_logic:1.0'. The one found in location '/iu_home/iu7137/workspace/iu7_53b_19_lab01_kernels/src/vitis_rtl_kernel/rtl_kernel_wizard_1/_x/link/vivado/vpl/.local/hw_platform/iprepo/iprepo/xdma_v4_1/interfaces/pcie3_us_int_shared_logic.xml' will take precedence over the same Interface in location '/data/Xilinx/Vivado/2020.2/data/ip/xilinx/qdma_v4_0/interfaces/pcie3_us_int_shared_logic.xml'
WARNING: [IP_Flow 19-4830] Duplicate Interface found for 'xilinx.com:display_pcie4_uscaleplus:ext_gtcom:1.0'. The one found in location '/iu_home/iu7137/workspace/iu7_53b_19_lab01_kernels/src/vitis_rtl_kernel/rtl_kernel_wizard_1/_x/link/vivado/vpl/.local/hw_platform/iprepo/iprepo/xdma_v4_1/interfaces/pcie4_usp_ext_gtcom.xml' will take precedence over the same Interface in location '/data/Xilinx/Vivado/2020.2/data/ip/xilinx/pcie4_uscale_plus_v1_3/interfaces/pcie4_usp_ext_gtcom.xml'
WARNING: [IP_Flow 19-4830] Duplicate Interface found for 'xilinx.com:display_pcie4_uscaleplus:int_gtcom:1.0'. The one found in location '/iu_home/iu7137/workspace/iu7_53b_19_lab01_kernels/src/vitis_rtl_kernel/rtl_kernel_wizard_1/_x/link/vivado/vpl/.local/hw_platform/iprepo/iprepo/xdma_v4_1/interfaces/pcie4_usp_int_gtcom.xml' will take precedence over the same Interface in location '/data/Xilinx/Vivado/2020.2/data/ip/xilinx/pcie4_uscale_plus_v1_3/interfaces/pcie4_usp_int_gtcom.xml'
WARNING: [IP_Flow 19-4830] Duplicate Interface found for 'xilinx.com:display_xdma:xdma_debug_ports:1.0'. The one found in location '/iu_home/iu7137/workspace/iu7_53b_19_lab01_kernels/src/vitis_rtl_kernel/rtl_kernel_wizard_1/_x/link/vivado/vpl/.local/hw_platform/iprepo/iprepo/xdma_v4_1/interfaces/xdma_debug_ports.xml' will take precedence over the same Interface in location '/data/Xilinx/Vivado/2020.2/data/ip/xilinx/qdma_v4_0/interfaces/xdma_debug_ports.xml'
WARNING: [IP_Flow 19-4830] Duplicate Interface found for 'xilinx.com:display_pcie3_ultrascale:ext_shared_logic:1.0'. The one found in location '/iu_home/iu7137/workspace/iu7_53b_19_lab01_kernels/src/vitis_rtl_kernel/rtl_kernel_wizard_1/_x/link/vivado/vpl/.local/hw_platform/iprepo/iprepo/xdma_v4_1/interfaces/pcie3_us_ext_shared_logic.xml' will take precedence over the same Interface in location '/data/Xilinx/Vivado/2020.2/data/ip/xilinx/axi_pcie3_v3_0/interfaces/pcie3_us_ext_shared_logic.xml'
WARNING: [IP_Flow 19-4830] Duplicate Interface found for 'xilinx.com:display_xdma:pcie_cfg_external_msix:1.0'. The one found in location '/iu_home/iu7137/workspace/iu7_53b_19_lab01_kernels/src/vitis_rtl_kernel/rtl_kernel_wizard_1/_x/link/vivado/vpl/.local/hw_platform/iprepo/iprepo/xdma_v4_1/interfaces/pcie_cfg_ext_msix.xml' will take precedence over the same Interface in location '/data/Xilinx/Vivado/2020.2/data/ip/xilinx/xdma_v4_1/interfaces/pcie_cfg_ext_msix.xml'
WARNING: [IP_Flow 19-4830] Duplicate Interface found for 'xilinx.com:display_xdma:pcie_debug:1.0'. The one found in location '/iu_home/iu7137/workspace/iu7_53b_19_lab01_kernels/src/vitis_rtl_kernel/rtl_kernel_wizard_1/_x/link/vivado/vpl/.local/hw_platform/iprepo/iprepo/xdma_v4_1/interfaces/pcie_debug.xml' will take precedence over the same Interface in location '/data/Xilinx/Vivado/2020.2/data/ip/xilinx/qdma_v4_0/interfaces/pcie_debug.xml'
WARNING: [IP_Flow 19-4830] Duplicate Interface found for 'xilinx.com:display_pcie4:pcie4_cfg_msix_external:1.0'. The one found in location '/iu_home/iu7137/workspace/iu7_53b_19_lab01_kernels/src/vitis_rtl_kernel/rtl_kernel_wizard_1/_x/link/vivado/vpl/.local/hw_platform/iprepo/iprepo/pcie4_uscale_plus_v1_3/interfaces/pcie4_cfg_msix.xml' will take precedence over the same Interface in location '/data/Xilinx/Vivado/2020.2/data/ip/xilinx/pcie4_uscale_plus_v1_3/interfaces/pcie4_cfg_msix.xml'
WARNING: [IP_Flow 19-4830] Duplicate Interface found for 'xilinx.com:display_pcie4:pcie4_cfg_pm:1.0'. The one found in location '/iu_home/iu7137/workspace/iu7_53b_19_lab01_kernels/src/vitis_rtl_kernel/rtl_kernel_wizard_1/_x/link/vivado/vpl/.local/hw_platform/iprepo/iprepo/pcie4_uscale_plus_v1_3/interfaces/pcie4_cfg_pm.xml' will take precedence over the same Interface in location '/data/Xilinx/Vivado/2020.2/data/ip/xilinx/pcie4_uscale_plus_v1_3/interfaces/pcie4_cfg_pm.xml'
WARNING: [IP_Flow 19-4830] Duplicate Interface found for 'xilinx.com:display_pcie4_uscaleplus:transceiver_debug:1.0'. The one found in location '/iu_home/iu7137/workspace/iu7_53b_19_lab01_kernels/src/vitis_rtl_kernel/rtl_kernel_wizard_1/_x/link/vivado/vpl/.local/hw_platform/iprepo/iprepo/pcie4_uscale_plus_v1_3/interfaces/transceiver_debug.xml' will take precedence over the same Interface in location '/data/Xilinx/Vivado/2020.2/data/ip/xilinx/pcie4_uscale_plus_v1_3/interfaces/transceiver_debug.xml'
WARNING: [IP_Flow 19-4830] Duplicate Interface found for 'xilinx.com:display_pcie4:pcie4_cfg_status:1.0'. The one found in location '/iu_home/iu7137/workspace/iu7_53b_19_lab01_kernels/src/vitis_rtl_kernel/rtl_kernel_wizard_1/_x/link/vivado/vpl/.local/hw_platform/iprepo/iprepo/pcie4_uscale_plus_v1_3/interfaces/pcie4_cfg_status.xml' will take precedence over the same Interface in location '/data/Xilinx/Vivado/2020.2/data/ip/xilinx/pcie4_uscale_plus_v1_3/interfaces/pcie4_cfg_status.xml'
WARNING: [IP_Flow 19-4830] Duplicate Interface found for 'xilinx.com:display_pcie4:pcie4_rbar:1.0'. The one found in location '/iu_home/iu7137/workspace/iu7_53b_19_lab01_kernels/src/vitis_rtl_kernel/rtl_kernel_wizard_1/_x/link/vivado/vpl/.local/hw_platform/iprepo/iprepo/pcie4_uscale_plus_v1_3/interfaces/pcie4_rbar.xml' will take precedence over the same Interface in location '/data/Xilinx/Vivado/2020.2/data/ip/xilinx/pcie4_uscale_plus_v1_3/interfaces/pcie4_rbar.xml'
WARNING: [IP_Flow 19-4830] Duplicate Interface found for 'xilinx.com:display_pcie4:pcie4_pcie_id:1.0'. The one found in location '/iu_home/iu7137/workspace/iu7_53b_19_lab01_kernels/src/vitis_rtl_kernel/rtl_kernel_wizard_1/_x/link/vivado/vpl/.local/hw_platform/iprepo/iprepo/pcie4_uscale_plus_v1_3/interfaces/pcie4_pcie_id.xml' will take precedence over the same Interface in location '/data/Xilinx/Vivado/2020.2/data/ip/xilinx/pcie4_uscale_plus_v1_3/interfaces/pcie4_pcie_id.xml'
WARNING: [IP_Flow 19-4830] Duplicate Interface found for 'xilinx.com:display_pcie4:pcie4_cfg_external_msix:1.0'. The one found in location '/iu_home/iu7137/workspace/iu7_53b_19_lab01_kernels/src/vitis_rtl_kernel/rtl_kernel_wizard_1/_x/link/vivado/vpl/.local/hw_platform/iprepo/iprepo/pcie4_uscale_plus_v1_3/interfaces/pcie4_cfg_ext_msix.xml' will take precedence over the same Interface in location '/data/Xilinx/Vivado/2020.2/data/ip/xilinx/pcie4_uscale_plus_v1_3/interfaces/pcie4_cfg_ext_msix.xml'
WARNING: [IP_Flow 19-4830] Duplicate Interface found for 'xilinx.com:display_pcie4:pcie4_cfg_control:1.0'. The one found in location '/iu_home/iu7137/workspace/iu7_53b_19_lab01_kernels/src/vitis_rtl_kernel/rtl_kernel_wizard_1/_x/link/vivado/vpl/.local/hw_platform/iprepo/iprepo/pcie4_uscale_plus_v1_3/interfaces/pcie4_cfg_control.xml' will take precedence over the same Interface in location '/data/Xilinx/Vivado/2020.2/data/ip/xilinx/pcie4_uscale_plus_v1_3/interfaces/pcie4_cfg_control.xml'
WARNING: [IP_Flow 19-4830] Duplicate Interface found for 'xilinx.com:display_pcie4:pcie4_pl:1.0'. The one found in location '/iu_home/iu7137/workspace/iu7_53b_19_lab01_kernels/src/vitis_rtl_kernel/rtl_kernel_wizard_1/_x/link/vivado/vpl/.local/hw_platform/iprepo/iprepo/pcie4_uscale_plus_v1_3/interfaces/pcie4_pl.xml' will take precedence over the same Interface in location '/data/Xilinx/Vivado/2020.2/data/ip/xilinx/pcie4_uscale_plus_v1_3/interfaces/pcie4_pl.xml'
WARNING: [IP_Flow 19-4830] Duplicate Interface found for 'xilinx.com:display_pcie4:pcie4_cfg_mgmt:1.0'. The one found in location '/iu_home/iu7137/workspace/iu7_53b_19_lab01_kernels/src/vitis_rtl_kernel/rtl_kernel_wizard_1/_x/link/vivado/vpl/.local/hw_platform/iprepo/iprepo/pcie4_uscale_plus_v1_3/interfaces/pcie4_cfg_mgmt.xml' will take precedence over the same Interface in location '/data/Xilinx/Vivado/2020.2/data/ip/xilinx/pcie4_uscale_plus_v1_3/interfaces/pcie4_cfg_mgmt.xml'
WARNING: [IP_Flow 19-4830] Duplicate Interface found for 'xilinx.com:display_pcie4:pcie4_cfg_msix_internal:1.0'. The one found in location '/iu_home/iu7137/workspace/iu7_53b_19_lab01_kernels/src/vitis_rtl_kernel/rtl_kernel_wizard_1/_x/link/vivado/vpl/.local/hw_platform/iprepo/iprepo/pcie4_uscale_plus_v1_3/interfaces/pcie4_cfg_msix_int.xml' will take precedence over the same Interface in location '/data/Xilinx/Vivado/2020.2/data/ip/xilinx/pcie4_uscale_plus_v1_3/interfaces/pcie4_cfg_msix_int.xml'
update_ip_catalog: Time (s): cpu = 00:00:19 ; elapsed = 00:00:29 . Memory (MB): peak = 2409.988 ; gain = 0.000 ; free physical = 15186 ; free virtual = 128264
Command: synth_design -top bd_ebbe_lut_buffer_0 -part xcu200-fsgd2104-2-e -mode out_of_context
Starting synth_design
Attempting to get a license for feature 'Synthesis' and/or device 'xcu200'
INFO: [Common 17-349] Got license for feature 'Synthesis' and/or device 'xcu200'
INFO: [Device 21-403] Loading part xcu200-fsgd2104-2-e
INFO: [Synth 8-7079] Multithreading enabled for synth_design using a maximum of 1 processes.
INFO: [Synth 8-7078] Launching helper process for spawning children vivado processes
INFO: [Synth 8-7075] Helper process launched with PID 62478
---------------------------------------------------------------------------------
Starting RTL Elaboration : Time (s): cpu = 00:00:17 ; elapsed = 00:00:23 . Memory (MB): peak = 3069.582 ; gain = 214.691 ; free physical = 8958 ; free virtual = 122812
---------------------------------------------------------------------------------
INFO: [Synth 8-6157] synthesizing module 'bd_ebbe_lut_buffer_0' [/iu_home/iu7137/workspace/iu7_53b_19_lab01_kernels/src/vitis_rtl_kernel/rtl_kernel_wizard_1/_x/link/vivado/vpl/prj/prj.gen/my_rm/bd/bd/ip/pfm_dynamic_debug_bridge_xsdbm_0/bd_0/ip/ip_1/synth/bd_ebbe_lut_buffer_0.v:57]
INFO: [Synth 8-6157] synthesizing module 'LUT1' [/data/Xilinx/Vivado/2020.2/scripts/rt/data/unisim_comp.v:39137]
INFO: [Synth 8-6155] done synthesizing module 'LUT1' (1#1) [/data/Xilinx/Vivado/2020.2/scripts/rt/data/unisim_comp.v:39137]
INFO: [Synth 8-6155] done synthesizing module 'bd_ebbe_lut_buffer_0' (3#1) [/iu_home/iu7137/workspace/iu7_53b_19_lab01_kernels/src/vitis_rtl_kernel/rtl_kernel_wizard_1/_x/link/vivado/vpl/prj/prj.gen/my_rm/bd/bd/ip/pfm_dynamic_debug_bridge_xsdbm_0/bd_0/ip/ip_1/synth/bd_ebbe_lut_buffer_0.v:57]
---------------------------------------------------------------------------------
Finished RTL Elaboration : Time (s): cpu = 00:00:23 ; elapsed = 00:00:30 . Memory (MB): peak = 3123.488 ; gain = 268.598 ; free physical = 9059 ; free virtual = 122920
---------------------------------------------------------------------------------
---------------------------------------------------------------------------------
Start Handling Custom Attributes
---------------------------------------------------------------------------------
---------------------------------------------------------------------------------
Finished Handling Custom Attributes : Time (s): cpu = 00:00:25 ; elapsed = 00:00:32 . Memory (MB): peak = 3140.332 ; gain = 285.441 ; free physical = 8846 ; free virtual = 122726
---------------------------------------------------------------------------------
---------------------------------------------------------------------------------
Finished RTL Optimization Phase 1 : Time (s): cpu = 00:00:25 ; elapsed = 00:00:32 . Memory (MB): peak = 3140.332 ; gain = 285.441 ; free physical = 8844 ; free virtual = 122724
---------------------------------------------------------------------------------
Netlist sorting complete. Time (s): cpu = 00:00:00 ; elapsed = 00:00:00 . Memory (MB): peak = 3152.238 ; gain = 0.000 ; free physical = 8783 ; free virtual = 122657
INFO: [Project 1-570] Preparing netlist for logic optimization

Processing XDC Constraints
Initializing timing engine
Completed Processing XDC Constraints

Netlist sorting complete. Time (s): cpu = 00:00:00 ; elapsed = 00:00:00 . Memory (MB): peak = 3169.082 ; gain = 0.000 ; free physical = 7339 ; free virtual = 121220
INFO: [Project 1-111] Unisim Transformation Summary:
No Unisim elements were transformed.

Constraint Validation Runtime : Time (s): cpu = 00:00:00.06 ; elapsed = 00:00:00.09 . Memory (MB): peak = 3180.988 ; gain = 11.906 ; free physical = 7287 ; free virtual = 121169
---------------------------------------------------------------------------------
Finished Constraint Validation : Time (s): cpu = 00:00:56 ; elapsed = 00:01:14 . Memory (MB): peak = 3180.988 ; gain = 326.098 ; free physical = 13472 ; free virtual = 127356
---------------------------------------------------------------------------------
---------------------------------------------------------------------------------
Start Loading Part and Timing Information
---------------------------------------------------------------------------------
Loading part: xcu200-fsgd2104-2-e
INFO: [Synth 8-6742] Reading net delay rules and data
---------------------------------------------------------------------------------
Finished Loading Part and Timing Information : Time (s): cpu = 00:00:56 ; elapsed = 00:01:15 . Memory (MB): peak = 3180.988 ; gain = 326.098 ; free physical = 13435 ; free virtual = 127319
---------------------------------------------------------------------------------
---------------------------------------------------------------------------------
Start Applying 'set_property' XDC Constraints
---------------------------------------------------------------------------------
---------------------------------------------------------------------------------
Finished applying 'set_property' XDC Constraints : Time (s): cpu = 00:00:56 ; elapsed = 00:01:15 . Memory (MB): peak = 3180.988 ; gain = 326.098 ; free physical = 13468 ; free virtual = 127351
---------------------------------------------------------------------------------
---------------------------------------------------------------------------------
Finished RTL Optimization Phase 2 : Time (s): cpu = 00:00:57 ; elapsed = 00:01:16 . Memory (MB): peak = 3180.988 ; gain = 326.098 ; free physical = 13386 ; free virtual = 127270
---------------------------------------------------------------------------------
---------------------------------------------------------------------------------
Start RTL Component Statistics 
---------------------------------------------------------------------------------
Detailed RTL Component Info : 
---------------------------------------------------------------------------------
Finished RTL Component Statistics 
---------------------------------------------------------------------------------
---------------------------------------------------------------------------------
Start Part Resource Summary
---------------------------------------------------------------------------------
Part Resources:
DSPs: 6840 (col length:120)
BRAMs: 4320 (col length: RAMB18 360 RAMB36 180)
---------------------------------------------------------------------------------
Finished Part Resource Summary
---------------------------------------------------------------------------------
---------------------------------------------------------------------------------
Start Cross Boundary and Area Optimization
---------------------------------------------------------------------------------
---------------------------------------------------------------------------------
Finished Cross Boundary and Area Optimization : Time (s): cpu = 00:01:00 ; elapsed = 00:01:20 . Memory (MB): peak = 3180.988 ; gain = 326.098 ; free physical = 12666 ; free virtual = 126554
---------------------------------------------------------------------------------
---------------------------------------------------------------------------------
Start Applying XDC Timing Constraints
---------------------------------------------------------------------------------
---------------------------------------------------------------------------------
Finished Applying XDC Timing Constraints : Time (s): cpu = 00:02:07 ; elapsed = 00:03:30 . Memory (MB): peak = 3501.746 ; gain = 646.855 ; free physical = 11735 ; free virtual = 125848
---------------------------------------------------------------------------------
---------------------------------------------------------------------------------
Start Timing Optimization
---------------------------------------------------------------------------------
---------------------------------------------------------------------------------
Finished Timing Optimization : Time (s): cpu = 00:02:07 ; elapsed = 00:03:30 . Memory (MB): peak = 3501.746 ; gain = 646.855 ; free physical = 11735 ; free virtual = 125849
---------------------------------------------------------------------------------
---------------------------------------------------------------------------------
Start Technology Mapping
---------------------------------------------------------------------------------
---------------------------------------------------------------------------------
Finished Technology Mapping : Time (s): cpu = 00:02:07 ; elapsed = 00:03:30 . Memory (MB): peak = 3520.777 ; gain = 665.887 ; free physical = 11724 ; free virtual = 125837
---------------------------------------------------------------------------------
---------------------------------------------------------------------------------
Start IO Insertion
---------------------------------------------------------------------------------
---------------------------------------------------------------------------------
Start Flattening Before IO Insertion
---------------------------------------------------------------------------------
---------------------------------------------------------------------------------
Finished Flattening Before IO Insertion
---------------------------------------------------------------------------------
---------------------------------------------------------------------------------
Start Final Netlist Cleanup
---------------------------------------------------------------------------------
---------------------------------------------------------------------------------
Finished Final Netlist Cleanup
---------------------------------------------------------------------------------
---------------------------------------------------------------------------------
Finished IO Insertion : Time (s): cpu = 00:02:19 ; elapsed = 00:03:43 . Memory (MB): peak = 3526.715 ; gain = 671.824 ; free physical = 11986 ; free virtual = 126100
---------------------------------------------------------------------------------
---------------------------------------------------------------------------------
Start Renaming Generated Instances
---------------------------------------------------------------------------------
---------------------------------------------------------------------------------
Finished Renaming Generated Instances : Time (s): cpu = 00:02:19 ; elapsed = 00:03:43 . Memory (MB): peak = 3526.715 ; gain = 671.824 ; free physical = 12006 ; free virtual = 126121
---------------------------------------------------------------------------------
---------------------------------------------------------------------------------
Start Rebuilding User Hierarchy
---------------------------------------------------------------------------------
---------------------------------------------------------------------------------
Finished Rebuilding User Hierarchy : Time (s): cpu = 00:02:19 ; elapsed = 00:03:43 . Memory (MB): peak = 3526.715 ; gain = 671.824 ; free physical = 11994 ; free virtual = 126109
---------------------------------------------------------------------------------
---------------------------------------------------------------------------------
Start Renaming Generated Ports
---------------------------------------------------------------------------------
---------------------------------------------------------------------------------
Finished Renaming Generated Ports : Time (s): cpu = 00:02:19 ; elapsed = 00:03:43 . Memory (MB): peak = 3526.715 ; gain = 671.824 ; free physical = 11986 ; free virtual = 126100
---------------------------------------------------------------------------------
---------------------------------------------------------------------------------
Start Handling Custom Attributes
---------------------------------------------------------------------------------
---------------------------------------------------------------------------------
Finished Handling Custom Attributes : Time (s): cpu = 00:02:19 ; elapsed = 00:03:43 . Memory (MB): peak = 3526.715 ; gain = 671.824 ; free physical = 11969 ; free virtual = 126084
---------------------------------------------------------------------------------
---------------------------------------------------------------------------------
Start Renaming Generated Nets
---------------------------------------------------------------------------------
---------------------------------------------------------------------------------
Finished Renaming Generated Nets : Time (s): cpu = 00:02:19 ; elapsed = 00:03:43 . Memory (MB): peak = 3526.715 ; gain = 671.824 ; free physical = 11968 ; free virtual = 126083
---------------------------------------------------------------------------------
---------------------------------------------------------------------------------
Start Writing Synthesis Report
---------------------------------------------------------------------------------

Report BlackBoxes: 
+-+--------------+----------+
| |BlackBox name |Instances |
+-+--------------+----------+
+-+--------------+----------+

Report Cell Usage: 
+------+-----+------+
|      |Cell |Count |
+------+-----+------+
|1     |LUT1 |     1|
+------+-----+------+
---------------------------------------------------------------------------------
Finished Writing Synthesis Report : Time (s): cpu = 00:02:19 ; elapsed = 00:03:43 . Memory (MB): peak = 3526.715 ; gain = 671.824 ; free physical = 11962 ; free virtual = 126077
---------------------------------------------------------------------------------
Synthesis finished with 0 errors, 0 critical warnings and 0 warnings.
Synthesis Optimization Runtime : Time (s): cpu = 00:02:08 ; elapsed = 00:03:25 . Memory (MB): peak = 3526.715 ; gain = 631.168 ; free physical = 11913 ; free virtual = 126028
Synthesis Optimization Complete : Time (s): cpu = 00:02:19 ; elapsed = 00:03:44 . Memory (MB): peak = 3526.723 ; gain = 671.824 ; free physical = 11909 ; free virtual = 126023
INFO: [Project 1-571] Translating synthesized netlist
Netlist sorting complete. Time (s): cpu = 00:00:00 ; elapsed = 00:00:00 . Memory (MB): peak = 3526.723 ; gain = 0.000 ; free physical = 11900 ; free virtual = 126015
INFO: [Project 1-570] Preparing netlist for logic optimization
INFO: [Opt 31-138] Pushed 0 inverter(s) to 0 load pin(s).
Netlist sorting complete. Time (s): cpu = 00:00:00 ; elapsed = 00:00:00 . Memory (MB): peak = 3596.129 ; gain = 0.000 ; free physical = 10259 ; free virtual = 124374
INFO: [Project 1-111] Unisim Transformation Summary:
No Unisim elements were transformed.

INFO: [Common 17-83] Releasing license: Synthesis
24 Infos, 33 Warnings, 0 Critical Warnings and 0 Errors encountered.
synth_design completed successfully
synth_design: Time (s): cpu = 00:03:34 ; elapsed = 00:05:27 . Memory (MB): peak = 3596.129 ; gain = 1186.141 ; free physical = 10630 ; free virtual = 124745
INFO: [Common 17-600] The following parameters have non-default value.
general.maxThreads
INFO: [Common 17-1381] The checkpoint '/iu_home/iu7137/workspace/iu7_53b_19_lab01_kernels/src/vitis_rtl_kernel/rtl_kernel_wizard_1/_x/link/vivado/vpl/prj/prj.runs/bd_ebbe_lut_buffer_0_synth_1/bd_ebbe_lut_buffer_0.dcp' has been generated.
WARNING: [Common 17-576] 'use_project_ipc' is deprecated. This option is deprecated and no longer used.
INFO: [Coretcl 2-1648] Added synthesis output to IP cache for IP bd_ebbe_lut_buffer_0, cache-ID = 7bfa772abea632f9
INFO: [Common 17-1381] The checkpoint '/iu_home/iu7137/workspace/iu7_53b_19_lab01_kernels/src/vitis_rtl_kernel/rtl_kernel_wizard_1/_x/link/vivado/vpl/prj/prj.runs/bd_ebbe_lut_buffer_0_synth_1/bd_ebbe_lut_buffer_0.dcp' has been generated.
INFO: [runtcl-4] Executing : report_utilization -file bd_ebbe_lut_buffer_0_utilization_synth.rpt -pb bd_ebbe_lut_buffer_0_utilization_synth.pb
INFO: [Common 17-206] Exiting Vivado at Mon Dec 20 03:58:51 2021...
