
*** Running vivado
    with args -log pfm_dynamic_logic_reset_op_0.vds -m64 -product Vivado -mode batch -messageDb vivado.pb -notrace -source pfm_dynamic_logic_reset_op_0.tcl


****** Vivado v2020.2 (64-bit)
  **** SW Build 3064766 on Wed Nov 18 09:12:47 MST 2020
  **** IP Build 3064653 on Wed Nov 18 14:17:31 MST 2020
    ** Copyright 1986-2020 Xilinx, Inc. All Rights Reserved.

source pfm_dynamic_logic_reset_op_0.tcl -notrace
INFO: Dispatch client connection id - 35321
create_project: Time (s): cpu = 00:00:10 ; elapsed = 00:00:17 . Memory (MB): peak = 2415.926 ; gain = 2.016 ; free physical = 12099 ; free virtual = 124890
INFO: [IP_Flow 19-234] Refreshing IP repositories
INFO: [IP_Flow 19-1700] Loaded user IP repository '/iu_home/iu7137/workspace/iu7_53b_19_lab01_kernels/src/vitis_rtl_kernel/rtl_kernel_wizard_1/_x/link/int/xo/ip_repo/mycompany_com_kernel_rtl_kernel_wizard_1_1_0'.
WARNING: [IP_Flow 19-1694] Ignoring duplicate Bus Definition IP file 'xilinx.com:display_pcie4:pcie4_gt_if:1.0' found within IP repository '/iu_home/iu7137/workspace/iu7_53b_19_lab01_kernels/src/vitis_rtl_kernel/rtl_kernel_wizard_1/_x/link/vivado/vpl/.local/hw_platform/iprepo'.
File in use: /iu_home/iu7137/workspace/iu7_53b_19_lab01_kernels/src/vitis_rtl_kernel/rtl_kernel_wizard_1/_x/link/vivado/vpl/.local/hw_platform/iprepo/iprepo/xdma_v4_1/interfaces/pcie4_gt_if.xml
File ignored: /iu_home/iu7137/workspace/iu7_53b_19_lab01_kernels/src/vitis_rtl_kernel/rtl_kernel_wizard_1/_x/link/vivado/vpl/.local/hw_platform/iprepo/iprepo/pcie4_uscale_plus_v1_3/interfaces/pcie4_gt_if.xml
WARNING: [IP_Flow 19-1694] Ignoring duplicate Bus Definition IP file 'xilinx.com:display_pcie4_uscaleplus:ext_gtcom:1.0' found within IP repository '/iu_home/iu7137/workspace/iu7_53b_19_lab01_kernels/src/vitis_rtl_kernel/rtl_kernel_wizard_1/_x/link/vivado/vpl/.local/hw_platform/iprepo'.
File in use: /iu_home/iu7137/workspace/iu7_53b_19_lab01_kernels/src/vitis_rtl_kernel/rtl_kernel_wizard_1/_x/link/vivado/vpl/.local/hw_platform/iprepo/iprepo/xdma_v4_1/interfaces/pcie4_usp_ext_gtcom.xml
File ignored: /iu_home/iu7137/workspace/iu7_53b_19_lab01_kernels/src/vitis_rtl_kernel/rtl_kernel_wizard_1/_x/link/vivado/vpl/.local/hw_platform/iprepo/iprepo/pcie4_uscale_plus_v1_3/interfaces/pcie4_usp_ext_gtcom.xml
WARNING: [IP_Flow 19-1694] Ignoring duplicate Bus Abstraction IP file 'xilinx.com:display_pcie4_uscaleplus:int_gtcom_rtl:1.0' found within IP repository '/iu_home/iu7137/workspace/iu7_53b_19_lab01_kernels/src/vitis_rtl_kernel/rtl_kernel_wizard_1/_x/link/vivado/vpl/.local/hw_platform/iprepo'.
File in use: /iu_home/iu7137/workspace/iu7_53b_19_lab01_kernels/src/vitis_rtl_kernel/rtl_kernel_wizard_1/_x/link/vivado/vpl/.local/hw_platform/iprepo/iprepo/xdma_v4_1/interfaces/pcie4_usp_int_gtcom_rtl.xml
File ignored: /iu_home/iu7137/workspace/iu7_53b_19_lab01_kernels/src/vitis_rtl_kernel/rtl_kernel_wizard_1/_x/link/vivado/vpl/.local/hw_platform/iprepo/iprepo/pcie4_uscale_plus_v1_3/interfaces/pcie4_usp_int_gtcom_rtl.xml
WARNING: [IP_Flow 19-1694] Ignoring duplicate Bus Definition IP file 'xilinx.com:display_pcie4_uscaleplus:int_gtcom:1.0' found within IP repository '/iu_home/iu7137/workspace/iu7_53b_19_lab01_kernels/src/vitis_rtl_kernel/rtl_kernel_wizard_1/_x/link/vivado/vpl/.local/hw_platform/iprepo'.
File in use: /iu_home/iu7137/workspace/iu7_53b_19_lab01_kernels/src/vitis_rtl_kernel/rtl_kernel_wizard_1/_x/link/vivado/vpl/.local/hw_platform/iprepo/iprepo/xdma_v4_1/interfaces/pcie4_usp_int_gtcom.xml
File ignored: /iu_home/iu7137/workspace/iu7_53b_19_lab01_kernels/src/vitis_rtl_kernel/rtl_kernel_wizard_1/_x/link/vivado/vpl/.local/hw_platform/iprepo/iprepo/pcie4_uscale_plus_v1_3/interfaces/pcie4_usp_int_gtcom.xml
WARNING: [IP_Flow 19-1694] Ignoring duplicate Bus Abstraction IP file 'xilinx.com:display_pcie4_uscaleplus:ext_gtcom_rtl:1.0' found within IP repository '/iu_home/iu7137/workspace/iu7_53b_19_lab01_kernels/src/vitis_rtl_kernel/rtl_kernel_wizard_1/_x/link/vivado/vpl/.local/hw_platform/iprepo'.
File in use: /iu_home/iu7137/workspace/iu7_53b_19_lab01_kernels/src/vitis_rtl_kernel/rtl_kernel_wizard_1/_x/link/vivado/vpl/.local/hw_platform/iprepo/iprepo/xdma_v4_1/interfaces/pcie4_usp_ext_gtcom_rtl.xml
File ignored: /iu_home/iu7137/workspace/iu7_53b_19_lab01_kernels/src/vitis_rtl_kernel/rtl_kernel_wizard_1/_x/link/vivado/vpl/.local/hw_platform/iprepo/iprepo/pcie4_uscale_plus_v1_3/interfaces/pcie4_usp_ext_gtcom_rtl.xml
WARNING: [IP_Flow 19-1694] Ignoring duplicate Bus Abstraction IP file 'xilinx.com:display_pcie4:pcie4_gt_if_rtl:1.0' found within IP repository '/iu_home/iu7137/workspace/iu7_53b_19_lab01_kernels/src/vitis_rtl_kernel/rtl_kernel_wizard_1/_x/link/vivado/vpl/.local/hw_platform/iprepo'.
File in use: /iu_home/iu7137/workspace/iu7_53b_19_lab01_kernels/src/vitis_rtl_kernel/rtl_kernel_wizard_1/_x/link/vivado/vpl/.local/hw_platform/iprepo/iprepo/xdma_v4_1/interfaces/pcie4_gt_if_rtl.xml
File ignored: /iu_home/iu7137/workspace/iu7_53b_19_lab01_kernels/src/vitis_rtl_kernel/rtl_kernel_wizard_1/_x/link/vivado/vpl/.local/hw_platform/iprepo/iprepo/pcie4_uscale_plus_v1_3/interfaces/pcie4_gt_if_rtl.xml
INFO: [IP_Flow 19-1700] Loaded user IP repository '/iu_home/iu7137/workspace/iu7_53b_19_lab01_kernels/src/vitis_rtl_kernel/rtl_kernel_wizard_1/_x/link/vivado/vpl/.local/hw_platform/iprepo'.
INFO: [IP_Flow 19-1700] Loaded user IP repository '/data/Xilinx/Vitis/2020.2/data/cache/xilinx'.
INFO: [IP_Flow 19-1700] Loaded user IP repository '/iu_home/iu7137/workspace/iu7_53b_19_lab01_kernels/src/vitis_rtl_kernel/rtl_kernel_wizard_1/_x/link/vivado/vpl/.local/hw_platform/ipcache'.
INFO: [IP_Flow 19-1700] Loaded user IP repository '/data/Xilinx/Vitis/2020.2/data/ip'.
INFO: [IP_Flow 19-2313] Loaded Vivado IP repository '/data/Xilinx/Vivado/2020.2/data/ip'.
WARNING: [IP_Flow 19-1663] Duplicate IP found for 'xilinx.com:ip:xdma:4.1'. The one found in IP location '/iu_home/iu7137/workspace/iu7_53b_19_lab01_kernels/src/vitis_rtl_kernel/rtl_kernel_wizard_1/_x/link/vivado/vpl/.local/hw_platform/iprepo/iprepo/xdma_v4_1' will take precedence over the same IP in the Xilinx installed IP.
WARNING: [IP_Flow 19-1663] Duplicate IP found for 'xilinx.com:ip:pcie4_uscale_plus:1.3'. The one found in IP location '/iu_home/iu7137/workspace/iu7_53b_19_lab01_kernels/src/vitis_rtl_kernel/rtl_kernel_wizard_1/_x/link/vivado/vpl/.local/hw_platform/iprepo/iprepo/pcie4_uscale_plus_v1_3' will take precedence over the same IP in the Xilinx installed IP.
WARNING: [IP_Flow 19-4830] Duplicate Interface found for 'xilinx.com:display_xdma:pcie4_us_plus_transceiver_debug:1.0'. The one found in location '/iu_home/iu7137/workspace/iu7_53b_19_lab01_kernels/src/vitis_rtl_kernel/rtl_kernel_wizard_1/_x/link/vivado/vpl/.local/hw_platform/iprepo/iprepo/xdma_v4_1/interfaces/pcie4_us_plus_transceiver_debug.xml' will take precedence over the same Interface in location '/data/Xilinx/Vivado/2020.2/data/ip/xilinx/qdma_v4_0/interfaces/pcie4_us_plus_transceiver_debug.xml'
WARNING: [IP_Flow 19-4830] Duplicate Interface found for 'xilinx.com:display_xdma:xdma_status_ports:1.0'. The one found in location '/iu_home/iu7137/workspace/iu7_53b_19_lab01_kernels/src/vitis_rtl_kernel/rtl_kernel_wizard_1/_x/link/vivado/vpl/.local/hw_platform/iprepo/iprepo/xdma_v4_1/interfaces/xdma_status_ports.xml' will take precedence over the same Interface in location '/data/Xilinx/Vivado/2020.2/data/ip/xilinx/qdma_v4_0/interfaces/xdma_status_ports.xml'
WARNING: [IP_Flow 19-4830] Duplicate Interface found for 'xilinx.com:display_xdma:pcie3_7x_transceiver_debug:1.0'. The one found in location '/iu_home/iu7137/workspace/iu7_53b_19_lab01_kernels/src/vitis_rtl_kernel/rtl_kernel_wizard_1/_x/link/vivado/vpl/.local/hw_platform/iprepo/iprepo/xdma_v4_1/interfaces/pcie3_7x_transceiver_debug.xml' will take precedence over the same Interface in location '/data/Xilinx/Vivado/2020.2/data/ip/xilinx/qdma_v4_0/interfaces/pcie3_7x_transceiver_debug.xml'
WARNING: [IP_Flow 19-4830] Duplicate Interface found for 'xilinx.com:display_pcie3_ultrascale:pcie3_us_gt_if:1.0'. The one found in location '/iu_home/iu7137/workspace/iu7_53b_19_lab01_kernels/src/vitis_rtl_kernel/rtl_kernel_wizard_1/_x/link/vivado/vpl/.local/hw_platform/iprepo/iprepo/xdma_v4_1/interfaces/pcie3_us_gt_if.xml' will take precedence over the same Interface in location '/data/Xilinx/Vivado/2020.2/data/ip/xilinx/pcie3_ultrascale_v4_4/interfaces/pcie3_us_gt_if.xml'
WARNING: [IP_Flow 19-4830] Duplicate Interface found for 'xilinx.com:display_xdma:pcie3_us_transceiver_debug:1.0'. The one found in location '/iu_home/iu7137/workspace/iu7_53b_19_lab01_kernels/src/vitis_rtl_kernel/rtl_kernel_wizard_1/_x/link/vivado/vpl/.local/hw_platform/iprepo/iprepo/xdma_v4_1/interfaces/pcie3_us_transceiver_debug.xml' will take precedence over the same Interface in location '/data/Xilinx/Vivado/2020.2/data/ip/xilinx/qdma_v4_0/interfaces/pcie3_us_transceiver_debug.xml'
WARNING: [IP_Flow 19-4830] Duplicate Interface found for 'xilinx.com:display_xdma:dsc_bypass:1.0'. The one found in location '/iu_home/iu7137/workspace/iu7_53b_19_lab01_kernels/src/vitis_rtl_kernel/rtl_kernel_wizard_1/_x/link/vivado/vpl/.local/hw_platform/iprepo/iprepo/xdma_v4_1/interfaces/dsc_bypass.xml' will take precedence over the same Interface in location '/data/Xilinx/Vivado/2020.2/data/ip/xilinx/qdma_v4_0/interfaces/dsc_bypass.xml'
WARNING: [IP_Flow 19-4830] Duplicate Interface found for 'xilinx.com:display_pcie4:pcie4_gt_if:1.0'. The one found in location '/iu_home/iu7137/workspace/iu7_53b_19_lab01_kernels/src/vitis_rtl_kernel/rtl_kernel_wizard_1/_x/link/vivado/vpl/.local/hw_platform/iprepo/iprepo/xdma_v4_1/interfaces/pcie4_gt_if.xml' will take precedence over the same Interface in location '/data/Xilinx/Vivado/2020.2/data/ip/xilinx/pcie4_uscale_plus_v1_3/interfaces/pcie4_gt_if.xml'
WARNING: [IP_Flow 19-4830] Duplicate Interface found for 'xilinx.com:display_xdma:int_shared_logic:1.0'. The one found in location '/iu_home/iu7137/workspace/iu7_53b_19_lab01_kernels/src/vitis_rtl_kernel/rtl_kernel_wizard_1/_x/link/vivado/vpl/.local/hw_platform/iprepo/iprepo/xdma_v4_1/interfaces/pcie3_us_int_shared_logic.xml' will take precedence over the same Interface in location '/data/Xilinx/Vivado/2020.2/data/ip/xilinx/qdma_v4_0/interfaces/pcie3_us_int_shared_logic.xml'
WARNING: [IP_Flow 19-4830] Duplicate Interface found for 'xilinx.com:display_pcie4_uscaleplus:ext_gtcom:1.0'. The one found in location '/iu_home/iu7137/workspace/iu7_53b_19_lab01_kernels/src/vitis_rtl_kernel/rtl_kernel_wizard_1/_x/link/vivado/vpl/.local/hw_platform/iprepo/iprepo/xdma_v4_1/interfaces/pcie4_usp_ext_gtcom.xml' will take precedence over the same Interface in location '/data/Xilinx/Vivado/2020.2/data/ip/xilinx/pcie4_uscale_plus_v1_3/interfaces/pcie4_usp_ext_gtcom.xml'
WARNING: [IP_Flow 19-4830] Duplicate Interface found for 'xilinx.com:display_pcie4_uscaleplus:int_gtcom:1.0'. The one found in location '/iu_home/iu7137/workspace/iu7_53b_19_lab01_kernels/src/vitis_rtl_kernel/rtl_kernel_wizard_1/_x/link/vivado/vpl/.local/hw_platform/iprepo/iprepo/xdma_v4_1/interfaces/pcie4_usp_int_gtcom.xml' will take precedence over the same Interface in location '/data/Xilinx/Vivado/2020.2/data/ip/xilinx/pcie4_uscale_plus_v1_3/interfaces/pcie4_usp_int_gtcom.xml'
WARNING: [IP_Flow 19-4830] Duplicate Interface found for 'xilinx.com:display_xdma:xdma_debug_ports:1.0'. The one found in location '/iu_home/iu7137/workspace/iu7_53b_19_lab01_kernels/src/vitis_rtl_kernel/rtl_kernel_wizard_1/_x/link/vivado/vpl/.local/hw_platform/iprepo/iprepo/xdma_v4_1/interfaces/xdma_debug_ports.xml' will take precedence over the same Interface in location '/data/Xilinx/Vivado/2020.2/data/ip/xilinx/qdma_v4_0/interfaces/xdma_debug_ports.xml'
WARNING: [IP_Flow 19-4830] Duplicate Interface found for 'xilinx.com:display_pcie3_ultrascale:ext_shared_logic:1.0'. The one found in location '/iu_home/iu7137/workspace/iu7_53b_19_lab01_kernels/src/vitis_rtl_kernel/rtl_kernel_wizard_1/_x/link/vivado/vpl/.local/hw_platform/iprepo/iprepo/xdma_v4_1/interfaces/pcie3_us_ext_shared_logic.xml' will take precedence over the same Interface in location '/data/Xilinx/Vivado/2020.2/data/ip/xilinx/axi_pcie3_v3_0/interfaces/pcie3_us_ext_shared_logic.xml'
WARNING: [IP_Flow 19-4830] Duplicate Interface found for 'xilinx.com:display_xdma:pcie_cfg_external_msix:1.0'. The one found in location '/iu_home/iu7137/workspace/iu7_53b_19_lab01_kernels/src/vitis_rtl_kernel/rtl_kernel_wizard_1/_x/link/vivado/vpl/.local/hw_platform/iprepo/iprepo/xdma_v4_1/interfaces/pcie_cfg_ext_msix.xml' will take precedence over the same Interface in location '/data/Xilinx/Vivado/2020.2/data/ip/xilinx/xdma_v4_1/interfaces/pcie_cfg_ext_msix.xml'
WARNING: [IP_Flow 19-4830] Duplicate Interface found for 'xilinx.com:display_xdma:pcie_debug:1.0'. The one found in location '/iu_home/iu7137/workspace/iu7_53b_19_lab01_kernels/src/vitis_rtl_kernel/rtl_kernel_wizard_1/_x/link/vivado/vpl/.local/hw_platform/iprepo/iprepo/xdma_v4_1/interfaces/pcie_debug.xml' will take precedence over the same Interface in location '/data/Xilinx/Vivado/2020.2/data/ip/xilinx/qdma_v4_0/interfaces/pcie_debug.xml'
WARNING: [IP_Flow 19-4830] Duplicate Interface found for 'xilinx.com:display_pcie4:pcie4_cfg_msix_external:1.0'. The one found in location '/iu_home/iu7137/workspace/iu7_53b_19_lab01_kernels/src/vitis_rtl_kernel/rtl_kernel_wizard_1/_x/link/vivado/vpl/.local/hw_platform/iprepo/iprepo/pcie4_uscale_plus_v1_3/interfaces/pcie4_cfg_msix.xml' will take precedence over the same Interface in location '/data/Xilinx/Vivado/2020.2/data/ip/xilinx/pcie4_uscale_plus_v1_3/interfaces/pcie4_cfg_msix.xml'
WARNING: [IP_Flow 19-4830] Duplicate Interface found for 'xilinx.com:display_pcie4:pcie4_cfg_pm:1.0'. The one found in location '/iu_home/iu7137/workspace/iu7_53b_19_lab01_kernels/src/vitis_rtl_kernel/rtl_kernel_wizard_1/_x/link/vivado/vpl/.local/hw_platform/iprepo/iprepo/pcie4_uscale_plus_v1_3/interfaces/pcie4_cfg_pm.xml' will take precedence over the same Interface in location '/data/Xilinx/Vivado/2020.2/data/ip/xilinx/pcie4_uscale_plus_v1_3/interfaces/pcie4_cfg_pm.xml'
WARNING: [IP_Flow 19-4830] Duplicate Interface found for 'xilinx.com:display_pcie4_uscaleplus:transceiver_debug:1.0'. The one found in location '/iu_home/iu7137/workspace/iu7_53b_19_lab01_kernels/src/vitis_rtl_kernel/rtl_kernel_wizard_1/_x/link/vivado/vpl/.local/hw_platform/iprepo/iprepo/pcie4_uscale_plus_v1_3/interfaces/transceiver_debug.xml' will take precedence over the same Interface in location '/data/Xilinx/Vivado/2020.2/data/ip/xilinx/pcie4_uscale_plus_v1_3/interfaces/transceiver_debug.xml'
WARNING: [IP_Flow 19-4830] Duplicate Interface found for 'xilinx.com:display_pcie4:pcie4_cfg_status:1.0'. The one found in location '/iu_home/iu7137/workspace/iu7_53b_19_lab01_kernels/src/vitis_rtl_kernel/rtl_kernel_wizard_1/_x/link/vivado/vpl/.local/hw_platform/iprepo/iprepo/pcie4_uscale_plus_v1_3/interfaces/pcie4_cfg_status.xml' will take precedence over the same Interface in location '/data/Xilinx/Vivado/2020.2/data/ip/xilinx/pcie4_uscale_plus_v1_3/interfaces/pcie4_cfg_status.xml'
WARNING: [IP_Flow 19-4830] Duplicate Interface found for 'xilinx.com:display_pcie4:pcie4_rbar:1.0'. The one found in location '/iu_home/iu7137/workspace/iu7_53b_19_lab01_kernels/src/vitis_rtl_kernel/rtl_kernel_wizard_1/_x/link/vivado/vpl/.local/hw_platform/iprepo/iprepo/pcie4_uscale_plus_v1_3/interfaces/pcie4_rbar.xml' will take precedence over the same Interface in location '/data/Xilinx/Vivado/2020.2/data/ip/xilinx/pcie4_uscale_plus_v1_3/interfaces/pcie4_rbar.xml'
WARNING: [IP_Flow 19-4830] Duplicate Interface found for 'xilinx.com:display_pcie4:pcie4_pcie_id:1.0'. The one found in location '/iu_home/iu7137/workspace/iu7_53b_19_lab01_kernels/src/vitis_rtl_kernel/rtl_kernel_wizard_1/_x/link/vivado/vpl/.local/hw_platform/iprepo/iprepo/pcie4_uscale_plus_v1_3/interfaces/pcie4_pcie_id.xml' will take precedence over the same Interface in location '/data/Xilinx/Vivado/2020.2/data/ip/xilinx/pcie4_uscale_plus_v1_3/interfaces/pcie4_pcie_id.xml'
WARNING: [IP_Flow 19-4830] Duplicate Interface found for 'xilinx.com:display_pcie4:pcie4_cfg_external_msix:1.0'. The one found in location '/iu_home/iu7137/workspace/iu7_53b_19_lab01_kernels/src/vitis_rtl_kernel/rtl_kernel_wizard_1/_x/link/vivado/vpl/.local/hw_platform/iprepo/iprepo/pcie4_uscale_plus_v1_3/interfaces/pcie4_cfg_ext_msix.xml' will take precedence over the same Interface in location '/data/Xilinx/Vivado/2020.2/data/ip/xilinx/pcie4_uscale_plus_v1_3/interfaces/pcie4_cfg_ext_msix.xml'
WARNING: [IP_Flow 19-4830] Duplicate Interface found for 'xilinx.com:display_pcie4:pcie4_cfg_control:1.0'. The one found in location '/iu_home/iu7137/workspace/iu7_53b_19_lab01_kernels/src/vitis_rtl_kernel/rtl_kernel_wizard_1/_x/link/vivado/vpl/.local/hw_platform/iprepo/iprepo/pcie4_uscale_plus_v1_3/interfaces/pcie4_cfg_control.xml' will take precedence over the same Interface in location '/data/Xilinx/Vivado/2020.2/data/ip/xilinx/pcie4_uscale_plus_v1_3/interfaces/pcie4_cfg_control.xml'
WARNING: [IP_Flow 19-4830] Duplicate Interface found for 'xilinx.com:display_pcie4:pcie4_pl:1.0'. The one found in location '/iu_home/iu7137/workspace/iu7_53b_19_lab01_kernels/src/vitis_rtl_kernel/rtl_kernel_wizard_1/_x/link/vivado/vpl/.local/hw_platform/iprepo/iprepo/pcie4_uscale_plus_v1_3/interfaces/pcie4_pl.xml' will take precedence over the same Interface in location '/data/Xilinx/Vivado/2020.2/data/ip/xilinx/pcie4_uscale_plus_v1_3/interfaces/pcie4_pl.xml'
WARNING: [IP_Flow 19-4830] Duplicate Interface found for 'xilinx.com:display_pcie4:pcie4_cfg_mgmt:1.0'. The one found in location '/iu_home/iu7137/workspace/iu7_53b_19_lab01_kernels/src/vitis_rtl_kernel/rtl_kernel_wizard_1/_x/link/vivado/vpl/.local/hw_platform/iprepo/iprepo/pcie4_uscale_plus_v1_3/interfaces/pcie4_cfg_mgmt.xml' will take precedence over the same Interface in location '/data/Xilinx/Vivado/2020.2/data/ip/xilinx/pcie4_uscale_plus_v1_3/interfaces/pcie4_cfg_mgmt.xml'
WARNING: [IP_Flow 19-4830] Duplicate Interface found for 'xilinx.com:display_pcie4:pcie4_cfg_msix_internal:1.0'. The one found in location '/iu_home/iu7137/workspace/iu7_53b_19_lab01_kernels/src/vitis_rtl_kernel/rtl_kernel_wizard_1/_x/link/vivado/vpl/.local/hw_platform/iprepo/iprepo/pcie4_uscale_plus_v1_3/interfaces/pcie4_cfg_msix_int.xml' will take precedence over the same Interface in location '/data/Xilinx/Vivado/2020.2/data/ip/xilinx/pcie4_uscale_plus_v1_3/interfaces/pcie4_cfg_msix_int.xml'
update_ip_catalog: Time (s): cpu = 00:00:18 ; elapsed = 00:00:26 . Memory (MB): peak = 2415.926 ; gain = 0.000 ; free physical = 11743 ; free virtual = 124548
Command: synth_design -top pfm_dynamic_logic_reset_op_0 -part xcu200-fsgd2104-2-e -mode out_of_context
Starting synth_design
Attempting to get a license for feature 'Synthesis' and/or device 'xcu200'
INFO: [Common 17-349] Got license for feature 'Synthesis' and/or device 'xcu200'
INFO: [Device 21-403] Loading part xcu200-fsgd2104-2-e
INFO: [Synth 8-7079] Multithreading enabled for synth_design using a maximum of 1 processes.
INFO: [Synth 8-7078] Launching helper process for spawning children vivado processes
INFO: [Synth 8-7075] Helper process launched with PID 29248
---------------------------------------------------------------------------------
Starting RTL Elaboration : Time (s): cpu = 00:00:17 ; elapsed = 00:00:22 . Memory (MB): peak = 3069.488 ; gain = 214.660 ; free physical = 12432 ; free virtual = 125558
---------------------------------------------------------------------------------
INFO: [Synth 8-6157] synthesizing module 'pfm_dynamic_logic_reset_op_0' [/iu_home/iu7137/workspace/iu7_53b_19_lab01_kernels/src/vitis_rtl_kernel/rtl_kernel_wizard_1/_x/link/vivado/vpl/prj/prj.gen/my_rm/bd/bd/ip/pfm_dynamic_logic_reset_op_0/synth/pfm_dynamic_logic_reset_op_0.v:57]
INFO: [Synth 8-6157] synthesizing module 'util_vector_logic_v2_0_1_util_vector_logic' [/iu_home/iu7137/workspace/iu7_53b_19_lab01_kernels/src/vitis_rtl_kernel/rtl_kernel_wizard_1/_x/link/vivado/vpl/prj/prj.gen/my_rm/bd/pfm_dynamic/ipshared/3f90/hdl/util_vector_logic_v2_0_vl_rfs.v:45]
	Parameter C_OPERATION bound to: not - type: string 
	Parameter C_SIZE bound to: 1 - type: integer 
INFO: [Synth 8-6155] done synthesizing module 'util_vector_logic_v2_0_1_util_vector_logic' (1#1) [/iu_home/iu7137/workspace/iu7_53b_19_lab01_kernels/src/vitis_rtl_kernel/rtl_kernel_wizard_1/_x/link/vivado/vpl/prj/prj.gen/my_rm/bd/pfm_dynamic/ipshared/3f90/hdl/util_vector_logic_v2_0_vl_rfs.v:45]
INFO: [Synth 8-6155] done synthesizing module 'pfm_dynamic_logic_reset_op_0' (2#1) [/iu_home/iu7137/workspace/iu7_53b_19_lab01_kernels/src/vitis_rtl_kernel/rtl_kernel_wizard_1/_x/link/vivado/vpl/prj/prj.gen/my_rm/bd/bd/ip/pfm_dynamic_logic_reset_op_0/synth/pfm_dynamic_logic_reset_op_0.v:57]
---------------------------------------------------------------------------------
Finished RTL Elaboration : Time (s): cpu = 00:00:22 ; elapsed = 00:00:29 . Memory (MB): peak = 3123.395 ; gain = 268.566 ; free physical = 11125 ; free virtual = 124307
---------------------------------------------------------------------------------
---------------------------------------------------------------------------------
Start Handling Custom Attributes
---------------------------------------------------------------------------------
---------------------------------------------------------------------------------
Finished Handling Custom Attributes : Time (s): cpu = 00:00:24 ; elapsed = 00:00:32 . Memory (MB): peak = 3139.238 ; gain = 284.410 ; free physical = 10845 ; free virtual = 124081
---------------------------------------------------------------------------------
---------------------------------------------------------------------------------
Finished RTL Optimization Phase 1 : Time (s): cpu = 00:00:24 ; elapsed = 00:00:32 . Memory (MB): peak = 3139.238 ; gain = 284.410 ; free physical = 10840 ; free virtual = 124076
---------------------------------------------------------------------------------
Netlist sorting complete. Time (s): cpu = 00:00:00 ; elapsed = 00:00:00 . Memory (MB): peak = 3139.238 ; gain = 0.000 ; free physical = 10777 ; free virtual = 124015
INFO: [Project 1-570] Preparing netlist for logic optimization

Processing XDC Constraints
Initializing timing engine
Completed Processing XDC Constraints

Netlist sorting complete. Time (s): cpu = 00:00:00.01 ; elapsed = 00:00:00.01 . Memory (MB): peak = 3167.988 ; gain = 0.000 ; free physical = 9833 ; free virtual = 123095
INFO: [Project 1-111] Unisim Transformation Summary:
No Unisim elements were transformed.

Constraint Validation Runtime : Time (s): cpu = 00:00:00.05 ; elapsed = 00:00:00.14 . Memory (MB): peak = 3178.895 ; gain = 10.906 ; free physical = 9764 ; free virtual = 123026
---------------------------------------------------------------------------------
Finished Constraint Validation : Time (s): cpu = 00:00:54 ; elapsed = 00:01:14 . Memory (MB): peak = 3178.895 ; gain = 324.066 ; free physical = 9422 ; free virtual = 121931
---------------------------------------------------------------------------------
---------------------------------------------------------------------------------
Start Loading Part and Timing Information
---------------------------------------------------------------------------------
Loading part: xcu200-fsgd2104-2-e
INFO: [Synth 8-6742] Reading net delay rules and data
---------------------------------------------------------------------------------
Finished Loading Part and Timing Information : Time (s): cpu = 00:00:54 ; elapsed = 00:01:14 . Memory (MB): peak = 3178.895 ; gain = 324.066 ; free physical = 9367 ; free virtual = 121876
---------------------------------------------------------------------------------
---------------------------------------------------------------------------------
Start Applying 'set_property' XDC Constraints
---------------------------------------------------------------------------------
---------------------------------------------------------------------------------
Finished applying 'set_property' XDC Constraints : Time (s): cpu = 00:00:54 ; elapsed = 00:01:14 . Memory (MB): peak = 3178.895 ; gain = 324.066 ; free physical = 9379 ; free virtual = 121888
---------------------------------------------------------------------------------
---------------------------------------------------------------------------------
Finished RTL Optimization Phase 2 : Time (s): cpu = 00:00:55 ; elapsed = 00:01:15 . Memory (MB): peak = 3178.895 ; gain = 324.066 ; free physical = 9366 ; free virtual = 121880
---------------------------------------------------------------------------------
---------------------------------------------------------------------------------
Start RTL Component Statistics 
---------------------------------------------------------------------------------
Detailed RTL Component Info : 
---------------------------------------------------------------------------------
Finished RTL Component Statistics 
---------------------------------------------------------------------------------
---------------------------------------------------------------------------------
Start Part Resource Summary
---------------------------------------------------------------------------------
Part Resources:
DSPs: 6840 (col length:120)
BRAMs: 4320 (col length: RAMB18 360 RAMB36 180)
---------------------------------------------------------------------------------
Finished Part Resource Summary
---------------------------------------------------------------------------------
---------------------------------------------------------------------------------
Start Cross Boundary and Area Optimization
---------------------------------------------------------------------------------
---------------------------------------------------------------------------------
Finished Cross Boundary and Area Optimization : Time (s): cpu = 00:00:58 ; elapsed = 00:01:20 . Memory (MB): peak = 3178.895 ; gain = 324.066 ; free physical = 9199 ; free virtual = 121720
---------------------------------------------------------------------------------
---------------------------------------------------------------------------------
Start Applying XDC Timing Constraints
---------------------------------------------------------------------------------
---------------------------------------------------------------------------------
Finished Applying XDC Timing Constraints : Time (s): cpu = 00:02:06 ; elapsed = 00:03:30 . Memory (MB): peak = 3510.660 ; gain = 655.832 ; free physical = 8007 ; free virtual = 120698
---------------------------------------------------------------------------------
---------------------------------------------------------------------------------
Start Timing Optimization
---------------------------------------------------------------------------------
---------------------------------------------------------------------------------
Finished Timing Optimization : Time (s): cpu = 00:02:06 ; elapsed = 00:03:30 . Memory (MB): peak = 3510.660 ; gain = 655.832 ; free physical = 7995 ; free virtual = 120686
---------------------------------------------------------------------------------
---------------------------------------------------------------------------------
Start Technology Mapping
---------------------------------------------------------------------------------
---------------------------------------------------------------------------------
Finished Technology Mapping : Time (s): cpu = 00:02:06 ; elapsed = 00:03:30 . Memory (MB): peak = 3529.691 ; gain = 674.863 ; free physical = 7900 ; free virtual = 120595
---------------------------------------------------------------------------------
---------------------------------------------------------------------------------
Start IO Insertion
---------------------------------------------------------------------------------
---------------------------------------------------------------------------------
Start Flattening Before IO Insertion
---------------------------------------------------------------------------------
---------------------------------------------------------------------------------
Finished Flattening Before IO Insertion
---------------------------------------------------------------------------------
---------------------------------------------------------------------------------
Start Final Netlist Cleanup
---------------------------------------------------------------------------------
---------------------------------------------------------------------------------
Finished Final Netlist Cleanup
---------------------------------------------------------------------------------
---------------------------------------------------------------------------------
Finished IO Insertion : Time (s): cpu = 00:02:18 ; elapsed = 00:03:43 . Memory (MB): peak = 3535.629 ; gain = 680.801 ; free physical = 6919 ; free virtual = 119617
---------------------------------------------------------------------------------
---------------------------------------------------------------------------------
Start Renaming Generated Instances
---------------------------------------------------------------------------------
---------------------------------------------------------------------------------
Finished Renaming Generated Instances : Time (s): cpu = 00:02:18 ; elapsed = 00:03:43 . Memory (MB): peak = 3535.629 ; gain = 680.801 ; free physical = 6915 ; free virtual = 119613
---------------------------------------------------------------------------------
---------------------------------------------------------------------------------
Start Rebuilding User Hierarchy
---------------------------------------------------------------------------------
---------------------------------------------------------------------------------
Finished Rebuilding User Hierarchy : Time (s): cpu = 00:02:18 ; elapsed = 00:03:43 . Memory (MB): peak = 3535.629 ; gain = 680.801 ; free physical = 6908 ; free virtual = 119606
---------------------------------------------------------------------------------
---------------------------------------------------------------------------------
Start Renaming Generated Ports
---------------------------------------------------------------------------------
---------------------------------------------------------------------------------
Finished Renaming Generated Ports : Time (s): cpu = 00:02:18 ; elapsed = 00:03:43 . Memory (MB): peak = 3535.629 ; gain = 680.801 ; free physical = 6904 ; free virtual = 119602
---------------------------------------------------------------------------------
---------------------------------------------------------------------------------
Start Handling Custom Attributes
---------------------------------------------------------------------------------
---------------------------------------------------------------------------------
Finished Handling Custom Attributes : Time (s): cpu = 00:02:18 ; elapsed = 00:03:43 . Memory (MB): peak = 3535.629 ; gain = 680.801 ; free physical = 6897 ; free virtual = 119595
---------------------------------------------------------------------------------
---------------------------------------------------------------------------------
Start Renaming Generated Nets
---------------------------------------------------------------------------------
---------------------------------------------------------------------------------
Finished Renaming Generated Nets : Time (s): cpu = 00:02:18 ; elapsed = 00:03:43 . Memory (MB): peak = 3535.629 ; gain = 680.801 ; free physical = 6900 ; free virtual = 119598
---------------------------------------------------------------------------------
---------------------------------------------------------------------------------
Start Writing Synthesis Report
---------------------------------------------------------------------------------

Report BlackBoxes: 
+-+--------------+----------+
| |BlackBox name |Instances |
+-+--------------+----------+
+-+--------------+----------+

Report Cell Usage: 
+------+-----+------+
|      |Cell |Count |
+------+-----+------+
|1     |LUT1 |     1|
+------+-----+------+
---------------------------------------------------------------------------------
Finished Writing Synthesis Report : Time (s): cpu = 00:02:18 ; elapsed = 00:03:43 . Memory (MB): peak = 3535.629 ; gain = 680.801 ; free physical = 6901 ; free virtual = 119600
---------------------------------------------------------------------------------
Synthesis finished with 0 errors, 0 critical warnings and 0 warnings.
Synthesis Optimization Runtime : Time (s): cpu = 00:02:06 ; elapsed = 00:03:25 . Memory (MB): peak = 3535.629 ; gain = 641.145 ; free physical = 7004 ; free virtual = 119703
Synthesis Optimization Complete : Time (s): cpu = 00:02:18 ; elapsed = 00:03:44 . Memory (MB): peak = 3535.637 ; gain = 680.801 ; free physical = 7065 ; free virtual = 119765
INFO: [Project 1-571] Translating synthesized netlist
Netlist sorting complete. Time (s): cpu = 00:00:00.01 ; elapsed = 00:00:00 . Memory (MB): peak = 3543.566 ; gain = 0.000 ; free physical = 6915 ; free virtual = 119614
INFO: [Project 1-570] Preparing netlist for logic optimization
INFO: [Opt 31-138] Pushed 0 inverter(s) to 0 load pin(s).
Netlist sorting complete. Time (s): cpu = 00:00:00 ; elapsed = 00:00:00 . Memory (MB): peak = 3604.855 ; gain = 0.000 ; free physical = 6634 ; free virtual = 119359
INFO: [Project 1-111] Unisim Transformation Summary:
No Unisim elements were transformed.

INFO: [Common 17-83] Releasing license: Synthesis
24 Infos, 33 Warnings, 0 Critical Warnings and 0 Errors encountered.
synth_design completed successfully
synth_design: Time (s): cpu = 00:03:36 ; elapsed = 00:05:34 . Memory (MB): peak = 3604.855 ; gain = 1188.930 ; free physical = 6562 ; free virtual = 119289
INFO: [Common 17-600] The following parameters have non-default value.
general.maxThreads
INFO: [Common 17-1381] The checkpoint '/iu_home/iu7137/workspace/iu7_53b_19_lab01_kernels/src/vitis_rtl_kernel/rtl_kernel_wizard_1/_x/link/vivado/vpl/prj/prj.runs/pfm_dynamic_logic_reset_op_0_synth_1/pfm_dynamic_logic_reset_op_0.dcp' has been generated.
WARNING: [Common 17-576] 'use_project_ipc' is deprecated. This option is deprecated and no longer used.
INFO: [Coretcl 2-1648] Added synthesis output to IP cache for IP pfm_dynamic_logic_reset_op_0, cache-ID = b535736224d49708
INFO: [Common 17-1381] The checkpoint '/iu_home/iu7137/workspace/iu7_53b_19_lab01_kernels/src/vitis_rtl_kernel/rtl_kernel_wizard_1/_x/link/vivado/vpl/prj/prj.runs/pfm_dynamic_logic_reset_op_0_synth_1/pfm_dynamic_logic_reset_op_0.dcp' has been generated.
INFO: [runtcl-4] Executing : report_utilization -file pfm_dynamic_logic_reset_op_0_utilization_synth.rpt -pb pfm_dynamic_logic_reset_op_0_utilization_synth.pb
INFO: [Common 17-206] Exiting Vivado at Mon Dec 20 03:47:36 2021...
