INFO: [v++ 60-1306] Additional information associated with this v++ link can be found at:
	Reports: /iu_home/iu7137/workspace/iu7_53b_19_lab01_kernels/src/vitis_rtl_kernel/rtl_kernel_wizard_1/_x/reports/link
	Log files: /iu_home/iu7137/workspace/iu7_53b_19_lab01_kernels/src/vitis_rtl_kernel/rtl_kernel_wizard_1/_x/logs/link
INFO: [v++ 60-1548] Creating build summary session with primary output /iu_home/iu7137/workspace/iu7_53b_19_lab01_kernels/src/vitis_rtl_kernel/rtl_kernel_wizard_1/vinc.xclbin.link_summary, at Mon Dec 20 02:49:34 2021
INFO: [v++ 60-1316] Initiating connection to rulecheck server, at Mon Dec 20 02:49:35 2021
INFO: [v++ 60-1315] Creating rulecheck session with output '/iu_home/iu7137/workspace/iu7_53b_19_lab01_kernels/src/vitis_rtl_kernel/rtl_kernel_wizard_1/_x/reports/link/v++_link_vinc_guidance.html', at Mon Dec 20 02:49:51 2021
INFO: [v++ 60-895]   Target platform: /opt/xilinx/platforms/xilinx_u200_xdma_201830_2/xilinx_u200_xdma_201830_2.xpfm
INFO: [v++ 60-1578]   This platform contains Device Support Archive '/opt/xilinx/platforms/xilinx_u200_xdma_201830_2/hw/xilinx_u200_xdma_201830_2.dsa'
INFO: [v++ 74-74] Compiler Version string: 2020.2
INFO: [v++ 60-1302] Platform 'xilinx_u200_xdma_201830_2.xpfm' has been explicitly enabled for this release.
INFO: [v++ 60-629] Linking for hardware target
INFO: [v++ 60-423]   Target device: xilinx_u200_xdma_201830_2
INFO: [v++ 60-1332] Run 'run_link' status: Not started
INFO: [v++ 60-1443] [02:50:42] Run run_link: Step system_link: Started
INFO: [v++ 60-1453] Command Line: system_link --xo /iu_home/iu7137/workspace/iu7_53b_19_lab01_kernels/src/vitis_rtl_kernel/rtl_kernel_wizard_1/rtl_kernel_wizard_1.xo --config /iu_home/iu7137/workspace/iu7_53b_19_lab01_kernels/src/vitis_rtl_kernel/rtl_kernel_wizard_1/_x/link/int/syslinkConfig.ini --xpfm /opt/xilinx/platforms/xilinx_u200_xdma_201830_2/xilinx_u200_xdma_201830_2.xpfm --target hw --output_dir /iu_home/iu7137/workspace/iu7_53b_19_lab01_kernels/src/vitis_rtl_kernel/rtl_kernel_wizard_1/_x/link/int --temp_dir /iu_home/iu7137/workspace/iu7_53b_19_lab01_kernels/src/vitis_rtl_kernel/rtl_kernel_wizard_1/_x/link/sys_link
INFO: [v++ 60-1454] Run Directory: /iu_home/iu7137/workspace/iu7_53b_19_lab01_kernels/src/vitis_rtl_kernel/rtl_kernel_wizard_1/_x/link/run_link
INFO: [SYSTEM_LINK 60-1316] Initiating connection to rulecheck server, at Mon Dec 20 02:50:54 2021
INFO: [SYSTEM_LINK 82-70] Extracting xo v3 file /iu_home/iu7137/workspace/iu7_53b_19_lab01_kernels/src/vitis_rtl_kernel/rtl_kernel_wizard_1/rtl_kernel_wizard_1.xo
INFO: [SYSTEM_LINK 82-53] Creating IP database /iu_home/iu7137/workspace/iu7_53b_19_lab01_kernels/src/vitis_rtl_kernel/rtl_kernel_wizard_1/_x/link/sys_link/_sysl/.cdb/xd_ip_db.xml
INFO: [SYSTEM_LINK 82-38] [02:50:56] build_xd_ip_db started: /data/Xilinx/Vitis/2020.2/bin/build_xd_ip_db -ip_search 0  -sds-pf /iu_home/iu7137/workspace/iu7_53b_19_lab01_kernels/src/vitis_rtl_kernel/rtl_kernel_wizard_1/_x/link/sys_link/xilinx_u200_xdma_201830_2.hpfm -clkid 0 -ip /iu_home/iu7137/workspace/iu7_53b_19_lab01_kernels/src/vitis_rtl_kernel/rtl_kernel_wizard_1/_x/link/sys_link/iprepo/mycompany_com_kernel_rtl_kernel_wizard_1_1_0,rtl_kernel_wizard_1 -o /iu_home/iu7137/workspace/iu7_53b_19_lab01_kernels/src/vitis_rtl_kernel/rtl_kernel_wizard_1/_x/link/sys_link/_sysl/.cdb/xd_ip_db.xml
INFO: [SYSTEM_LINK 82-37] [02:51:25] build_xd_ip_db finished successfully
Time (s): cpu = 00:00:29 ; elapsed = 00:00:29 . Memory (MB): peak = 1557.898 ; gain = 0.000 ; free physical = 29121 ; free virtual = 164808
INFO: [SYSTEM_LINK 82-51] Create system connectivity graph
INFO: [SYSTEM_LINK 82-102] Applying explicit connections to the system connectivity graph: /iu_home/iu7137/workspace/iu7_53b_19_lab01_kernels/src/vitis_rtl_kernel/rtl_kernel_wizard_1/_x/link/sys_link/cfgraph/cfgen_cfgraph.xml
INFO: [SYSTEM_LINK 82-38] [02:51:26] cfgen started: /data/Xilinx/Vitis/2020.2/bin/cfgen  -nk rtl_kernel_wizard_1:1:vinc0 -slr vinc0:SLR1 -sp vinc0.m00_axi:DDR[2] -dmclkid 0 -r /iu_home/iu7137/workspace/iu7_53b_19_lab01_kernels/src/vitis_rtl_kernel/rtl_kernel_wizard_1/_x/link/sys_link/_sysl/.cdb/xd_ip_db.xml -o /iu_home/iu7137/workspace/iu7_53b_19_lab01_kernels/src/vitis_rtl_kernel/rtl_kernel_wizard_1/_x/link/sys_link/cfgraph/cfgen_cfgraph.xml
INFO: [CFGEN 83-0] Kernel Specs: 
INFO: [CFGEN 83-0]   kernel: rtl_kernel_wizard_1, num: 1  {vinc0}
INFO: [CFGEN 83-0] Port Specs: 
INFO: [CFGEN 83-0]   kernel: vinc0, k_port: m00_axi, sptag: DDR[2]
INFO: [CFGEN 83-0] SLR Specs: 
INFO: [CFGEN 83-0]   instance: vinc0, SLR: SLR1
INFO: [CFGEN 83-2228] Creating mapping for argument vinc0.axi00_ptr0 to DDR[2] for directive vinc0.m00_axi:DDR[2]
INFO: [SYSTEM_LINK 82-37] [02:51:51] cfgen finished successfully
Time (s): cpu = 00:00:25 ; elapsed = 00:00:26 . Memory (MB): peak = 1557.898 ; gain = 0.000 ; free physical = 29117 ; free virtual = 164994
INFO: [SYSTEM_LINK 82-52] Create top-level block diagram
INFO: [SYSTEM_LINK 82-38] [02:51:51] cf2bd started: /data/Xilinx/Vitis/2020.2/bin/cf2bd  --linux --trace_buffer 1024 --input_file /iu_home/iu7137/workspace/iu7_53b_19_lab01_kernels/src/vitis_rtl_kernel/rtl_kernel_wizard_1/_x/link/sys_link/cfgraph/cfgen_cfgraph.xml --ip_db /iu_home/iu7137/workspace/iu7_53b_19_lab01_kernels/src/vitis_rtl_kernel/rtl_kernel_wizard_1/_x/link/sys_link/_sysl/.cdb/xd_ip_db.xml --cf_name dr --working_dir /iu_home/iu7137/workspace/iu7_53b_19_lab01_kernels/src/vitis_rtl_kernel/rtl_kernel_wizard_1/_x/link/sys_link/_sysl/.xsd --temp_dir /iu_home/iu7137/workspace/iu7_53b_19_lab01_kernels/src/vitis_rtl_kernel/rtl_kernel_wizard_1/_x/link/sys_link --output_dir /iu_home/iu7137/workspace/iu7_53b_19_lab01_kernels/src/vitis_rtl_kernel/rtl_kernel_wizard_1/_x/link/int --target_bd pfm_dynamic.bd
INFO: [CF2BD 82-31] Launching cf2xd: cf2xd -linux -trace-buffer 1024 -i /iu_home/iu7137/workspace/iu7_53b_19_lab01_kernels/src/vitis_rtl_kernel/rtl_kernel_wizard_1/_x/link/sys_link/cfgraph/cfgen_cfgraph.xml -r /iu_home/iu7137/workspace/iu7_53b_19_lab01_kernels/src/vitis_rtl_kernel/rtl_kernel_wizard_1/_x/link/sys_link/_sysl/.cdb/xd_ip_db.xml -o dr.xml
INFO: [CF2BD 82-28] cf2xd finished successfully
INFO: [CF2BD 82-31] Launching cf_xsd: cf_xsd -disable-address-gen -bd pfm_dynamic.bd -dn dr -dp /iu_home/iu7137/workspace/iu7_53b_19_lab01_kernels/src/vitis_rtl_kernel/rtl_kernel_wizard_1/_x/link/sys_link/_sysl/.xsd
INFO: [CF2BD 82-28] cf_xsd finished successfully
INFO: [SYSTEM_LINK 82-37] [02:52:05] cf2bd finished successfully
Time (s): cpu = 00:00:11 ; elapsed = 00:00:14 . Memory (MB): peak = 1557.898 ; gain = 0.000 ; free physical = 28823 ; free virtual = 164727
INFO: [v++ 60-1441] [02:52:05] Run run_link: Step system_link: Completed
Time (s): cpu = 00:01:19 ; elapsed = 00:01:24 . Memory (MB): peak = 1585.129 ; gain = 0.000 ; free physical = 28819 ; free virtual = 164719
INFO: [v++ 60-1443] [02:52:05] Run run_link: Step cf2sw: Started
INFO: [v++ 60-1453] Command Line: cf2sw -sdsl /iu_home/iu7137/workspace/iu7_53b_19_lab01_kernels/src/vitis_rtl_kernel/rtl_kernel_wizard_1/_x/link/int/sdsl.dat -rtd /iu_home/iu7137/workspace/iu7_53b_19_lab01_kernels/src/vitis_rtl_kernel/rtl_kernel_wizard_1/_x/link/int/cf2sw.rtd -nofilter /iu_home/iu7137/workspace/iu7_53b_19_lab01_kernels/src/vitis_rtl_kernel/rtl_kernel_wizard_1/_x/link/int/cf2sw_full.rtd -xclbin /iu_home/iu7137/workspace/iu7_53b_19_lab01_kernels/src/vitis_rtl_kernel/rtl_kernel_wizard_1/_x/link/int/xclbin_orig.xml -o /iu_home/iu7137/workspace/iu7_53b_19_lab01_kernels/src/vitis_rtl_kernel/rtl_kernel_wizard_1/_x/link/int/xclbin_orig.1.xml
INFO: [v++ 60-1454] Run Directory: /iu_home/iu7137/workspace/iu7_53b_19_lab01_kernels/src/vitis_rtl_kernel/rtl_kernel_wizard_1/_x/link/run_link
INFO: [v++ 60-1441] [02:52:23] Run run_link: Step cf2sw: Completed
Time (s): cpu = 00:00:15 ; elapsed = 00:00:18 . Memory (MB): peak = 1585.129 ; gain = 0.000 ; free physical = 29759 ; free virtual = 165687
INFO: [v++ 60-1443] [02:52:23] Run run_link: Step rtd2_system_diagram: Started
INFO: [v++ 60-1453] Command Line: rtd2SystemDiagram
INFO: [v++ 60-1454] Run Directory: /iu_home/iu7137/workspace/iu7_53b_19_lab01_kernels/src/vitis_rtl_kernel/rtl_kernel_wizard_1/_x/link/run_link
INFO: [v++ 60-1441] [02:52:34] Run run_link: Step rtd2_system_diagram: Completed
Time (s): cpu = 00:00:00.02 ; elapsed = 00:00:11 . Memory (MB): peak = 1585.129 ; gain = 0.000 ; free physical = 29152 ; free virtual = 165109
INFO: [v++ 60-1443] [02:52:34] Run run_link: Step vpl: Started
INFO: [v++ 60-1453] Command Line: vpl -t hw -f xilinx_u200_xdma_201830_2 --remote_ip_cache /iu_home/iu7137/workspace/iu7_53b_19_lab01_kernels/src/vitis_rtl_kernel/rtl_kernel_wizard_1/.ipcache --output_dir /iu_home/iu7137/workspace/iu7_53b_19_lab01_kernels/src/vitis_rtl_kernel/rtl_kernel_wizard_1/_x/link/int --log_dir /iu_home/iu7137/workspace/iu7_53b_19_lab01_kernels/src/vitis_rtl_kernel/rtl_kernel_wizard_1/_x/logs/link --report_dir /iu_home/iu7137/workspace/iu7_53b_19_lab01_kernels/src/vitis_rtl_kernel/rtl_kernel_wizard_1/_x/reports/link --config /iu_home/iu7137/workspace/iu7_53b_19_lab01_kernels/src/vitis_rtl_kernel/rtl_kernel_wizard_1/_x/link/int/vplConfig.ini -k /iu_home/iu7137/workspace/iu7_53b_19_lab01_kernels/src/vitis_rtl_kernel/rtl_kernel_wizard_1/_x/link/int/kernel_info.dat --webtalk_flag Vitis --temp_dir /iu_home/iu7137/workspace/iu7_53b_19_lab01_kernels/src/vitis_rtl_kernel/rtl_kernel_wizard_1/_x/link --no-info --iprepo /iu_home/iu7137/workspace/iu7_53b_19_lab01_kernels/src/vitis_rtl_kernel/rtl_kernel_wizard_1/_x/link/int/xo/ip_repo/mycompany_com_kernel_rtl_kernel_wizard_1_1_0 --messageDb /iu_home/iu7137/workspace/iu7_53b_19_lab01_kernels/src/vitis_rtl_kernel/rtl_kernel_wizard_1/_x/link/run_link/vpl.pb /iu_home/iu7137/workspace/iu7_53b_19_lab01_kernels/src/vitis_rtl_kernel/rtl_kernel_wizard_1/_x/link/int/dr.bd.tcl
INFO: [v++ 60-1454] Run Directory: /iu_home/iu7137/workspace/iu7_53b_19_lab01_kernels/src/vitis_rtl_kernel/rtl_kernel_wizard_1/_x/link/run_link

****** vpl v2020.2 (64-bit)
  **** SW Build (by xbuild) on 2020-11-18-05:13:29
    ** Copyright 1986-2020 Xilinx, Inc. All Rights Reserved.

INFO: [VPL 60-839] Read in kernel information from file '/iu_home/iu7137/workspace/iu7_53b_19_lab01_kernels/src/vitis_rtl_kernel/rtl_kernel_wizard_1/_x/link/int/kernel_info.dat'.
INFO: [VPL 74-74] Compiler Version string: 2020.2
INFO: [VPL 60-423]   Target device: xilinx_u200_xdma_201830_2
INFO: [VPL 60-1032] Extracting hardware platform to /iu_home/iu7137/workspace/iu7_53b_19_lab01_kernels/src/vitis_rtl_kernel/rtl_kernel_wizard_1/_x/link/vivado/vpl/.local/hw_platform
WARNING: /data/Xilinx/Vitis/2020.2/tps/lnx64/jre9.0.4 does not exist.
[02:58:00] Run vpl: Step create_project: Started
Creating Vivado project.
[02:58:17] Run vpl: Step create_project: RUNNING...
[02:58:29] Run vpl: Step create_project: Completed
[02:58:29] Run vpl: Step create_bd: Started
[03:00:20] Run vpl: Step create_bd: RUNNING...
[03:01:55] Run vpl: Step create_bd: RUNNING...
[03:03:49] Run vpl: Step create_bd: RUNNING...
[03:06:00] Run vpl: Step create_bd: RUNNING...
[03:07:40] Run vpl: Step create_bd: RUNNING...
[03:09:36] Run vpl: Step create_bd: RUNNING...
[03:09:55] Run vpl: Step create_bd: Completed
[03:09:55] Run vpl: Step update_bd: Started
[03:09:58] Run vpl: Step update_bd: Completed
[03:09:58] Run vpl: Step generate_target: Started
[03:11:39] Run vpl: Step generate_target: RUNNING...
[03:13:24] Run vpl: Step generate_target: RUNNING...
[03:14:55] Run vpl: Step generate_target: RUNNING...
[03:16:26] Run vpl: Step generate_target: RUNNING...
[03:17:48] Run vpl: Step generate_target: RUNNING...
[03:19:20] Run vpl: Step generate_target: RUNNING...
[03:20:12] Run vpl: Step generate_target: Completed
[03:20:12] Run vpl: Step config_hw_runs: Started
[03:21:35] Run vpl: Step config_hw_runs: Completed
[03:21:35] Run vpl: Step synth: Started
[03:23:26] Block-level synthesis in progress, 0 of 66 jobs complete, 8 jobs running.
[03:24:01] Block-level synthesis in progress, 0 of 66 jobs complete, 8 jobs running.
[03:24:36] Block-level synthesis in progress, 0 of 66 jobs complete, 8 jobs running.
[03:25:10] Block-level synthesis in progress, 0 of 66 jobs complete, 8 jobs running.
[03:25:45] Block-level synthesis in progress, 0 of 66 jobs complete, 8 jobs running.
[03:26:23] Block-level synthesis in progress, 0 of 66 jobs complete, 8 jobs running.
[03:27:05] Block-level synthesis in progress, 0 of 66 jobs complete, 8 jobs running.
[03:27:38] Block-level synthesis in progress, 0 of 66 jobs complete, 8 jobs running.
[03:28:15] Block-level synthesis in progress, 0 of 66 jobs complete, 8 jobs running.
[03:28:53] Block-level synthesis in progress, 0 of 66 jobs complete, 8 jobs running.
[03:29:31] Block-level synthesis in progress, 0 of 66 jobs complete, 8 jobs running.
[03:30:07] Block-level synthesis in progress, 1 of 66 jobs complete, 7 jobs running.
[03:30:45] Block-level synthesis in progress, 6 of 66 jobs complete, 2 jobs running.
[03:31:21] Block-level synthesis in progress, 6 of 66 jobs complete, 3 jobs running.
[03:31:54] Block-level synthesis in progress, 6 of 66 jobs complete, 8 jobs running.
[03:32:29] Block-level synthesis in progress, 9 of 66 jobs complete, 5 jobs running.
[03:33:04] Block-level synthesis in progress, 10 of 66 jobs complete, 4 jobs running.
[03:33:40] Block-level synthesis in progress, 11 of 66 jobs complete, 6 jobs running.
[03:34:15] Block-level synthesis in progress, 11 of 66 jobs complete, 7 jobs running.
[03:34:51] Block-level synthesis in progress, 11 of 66 jobs complete, 8 jobs running.
[03:35:28] Block-level synthesis in progress, 12 of 66 jobs complete, 7 jobs running.
[03:36:09] Block-level synthesis in progress, 12 of 66 jobs complete, 7 jobs running.
[03:36:47] Block-level synthesis in progress, 12 of 66 jobs complete, 8 jobs running.
[03:37:23] Block-level synthesis in progress, 12 of 66 jobs complete, 8 jobs running.
[03:37:57] Block-level synthesis in progress, 14 of 66 jobs complete, 6 jobs running.
[03:38:33] Block-level synthesis in progress, 15 of 66 jobs complete, 5 jobs running.
[03:39:11] Block-level synthesis in progress, 15 of 66 jobs complete, 7 jobs running.
[03:39:49] Block-level synthesis in progress, 15 of 66 jobs complete, 8 jobs running.
[03:40:22] Block-level synthesis in progress, 20 of 66 jobs complete, 3 jobs running.
[03:41:02] Block-level synthesis in progress, 21 of 66 jobs complete, 2 jobs running.
[03:41:40] Block-level synthesis in progress, 21 of 66 jobs complete, 7 jobs running.
[03:42:18] Block-level synthesis in progress, 21 of 66 jobs complete, 8 jobs running.
[03:42:55] Block-level synthesis in progress, 21 of 66 jobs complete, 8 jobs running.
[03:43:39] Block-level synthesis in progress, 21 of 66 jobs complete, 8 jobs running.
[03:44:15] Block-level synthesis in progress, 21 of 66 jobs complete, 8 jobs running.
[03:44:52] Block-level synthesis in progress, 21 of 66 jobs complete, 8 jobs running.
[03:45:28] Block-level synthesis in progress, 21 of 66 jobs complete, 8 jobs running.
[03:46:05] Block-level synthesis in progress, 21 of 66 jobs complete, 8 jobs running.
[03:46:40] Block-level synthesis in progress, 22 of 66 jobs complete, 7 jobs running.
[03:47:18] Block-level synthesis in progress, 22 of 66 jobs complete, 7 jobs running.
[03:47:55] Block-level synthesis in progress, 23 of 66 jobs complete, 7 jobs running.
[03:48:31] Block-level synthesis in progress, 26 of 66 jobs complete, 4 jobs running.
[03:49:05] Block-level synthesis in progress, 28 of 66 jobs complete, 4 jobs running.
[03:49:41] Block-level synthesis in progress, 29 of 66 jobs complete, 5 jobs running.
[03:50:15] Block-level synthesis in progress, 30 of 66 jobs complete, 6 jobs running.
[03:50:53] Block-level synthesis in progress, 31 of 66 jobs complete, 6 jobs running.
[03:51:28] Block-level synthesis in progress, 32 of 66 jobs complete, 6 jobs running.
[03:52:05] Block-level synthesis in progress, 32 of 66 jobs complete, 7 jobs running.
[03:52:42] Block-level synthesis in progress, 32 of 66 jobs complete, 8 jobs running.
[03:53:16] Block-level synthesis in progress, 32 of 66 jobs complete, 8 jobs running.
[03:53:50] Block-level synthesis in progress, 32 of 66 jobs complete, 8 jobs running.
[03:54:27] Block-level synthesis in progress, 32 of 66 jobs complete, 8 jobs running.
[03:55:06] Block-level synthesis in progress, 32 of 66 jobs complete, 8 jobs running.
[03:55:49] Block-level synthesis in progress, 34 of 66 jobs complete, 6 jobs running.
[03:56:29] Block-level synthesis in progress, 34 of 66 jobs complete, 6 jobs running.
[03:57:10] Block-level synthesis in progress, 35 of 66 jobs complete, 7 jobs running.
[03:57:48] Block-level synthesis in progress, 35 of 66 jobs complete, 7 jobs running.
[03:58:28] Block-level synthesis in progress, 37 of 66 jobs complete, 6 jobs running.
[03:59:05] Block-level synthesis in progress, 38 of 66 jobs complete, 5 jobs running.
[03:59:41] Block-level synthesis in progress, 39 of 66 jobs complete, 6 jobs running.
[04:00:16] Block-level synthesis in progress, 39 of 66 jobs complete, 7 jobs running.
[04:00:56] Block-level synthesis in progress, 39 of 66 jobs complete, 8 jobs running.
[04:01:33] Block-level synthesis in progress, 39 of 66 jobs complete, 8 jobs running.
[04:02:08] Block-level synthesis in progress, 39 of 66 jobs complete, 8 jobs running.
[04:02:45] Block-level synthesis in progress, 39 of 66 jobs complete, 8 jobs running.
[04:03:22] Block-level synthesis in progress, 39 of 66 jobs complete, 8 jobs running.
[04:03:59] Block-level synthesis in progress, 40 of 66 jobs complete, 7 jobs running.
[04:04:42] Block-level synthesis in progress, 40 of 66 jobs complete, 7 jobs running.
[04:05:18] Block-level synthesis in progress, 40 of 66 jobs complete, 8 jobs running.
[04:05:53] Block-level synthesis in progress, 41 of 66 jobs complete, 7 jobs running.
[04:06:28] Block-level synthesis in progress, 43 of 66 jobs complete, 5 jobs running.
[04:07:09] Block-level synthesis in progress, 44 of 66 jobs complete, 5 jobs running.
[04:07:45] Block-level synthesis in progress, 44 of 66 jobs complete, 7 jobs running.
[04:08:22] Block-level synthesis in progress, 44 of 66 jobs complete, 8 jobs running.
[04:09:01] Block-level synthesis in progress, 44 of 66 jobs complete, 8 jobs running.
[04:09:37] Block-level synthesis in progress, 44 of 66 jobs complete, 8 jobs running.
[04:10:20] Block-level synthesis in progress, 45 of 66 jobs complete, 7 jobs running.
[04:10:56] Block-level synthesis in progress, 45 of 66 jobs complete, 8 jobs running.
[04:11:34] Block-level synthesis in progress, 46 of 66 jobs complete, 7 jobs running.
[04:12:10] Block-level synthesis in progress, 47 of 66 jobs complete, 6 jobs running.
[04:12:48] Block-level synthesis in progress, 47 of 66 jobs complete, 8 jobs running.
[04:13:25] Block-level synthesis in progress, 47 of 66 jobs complete, 8 jobs running.
[04:14:01] Block-level synthesis in progress, 49 of 66 jobs complete, 6 jobs running.
[04:14:36] Block-level synthesis in progress, 50 of 66 jobs complete, 5 jobs running.
[04:15:14] Block-level synthesis in progress, 52 of 66 jobs complete, 4 jobs running.
[04:15:49] Block-level synthesis in progress, 53 of 66 jobs complete, 4 jobs running.
[04:16:29] Block-level synthesis in progress, 53 of 66 jobs complete, 7 jobs running.
[04:17:04] Block-level synthesis in progress, 53 of 66 jobs complete, 8 jobs running.
[04:17:43] Block-level synthesis in progress, 54 of 66 jobs complete, 7 jobs running.
[04:18:21] Block-level synthesis in progress, 55 of 66 jobs complete, 6 jobs running.
[04:18:56] Block-level synthesis in progress, 55 of 66 jobs complete, 7 jobs running.
[04:19:32] Block-level synthesis in progress, 56 of 66 jobs complete, 7 jobs running.
[04:20:09] Block-level synthesis in progress, 56 of 66 jobs complete, 7 jobs running.
[04:20:49] Block-level synthesis in progress, 56 of 66 jobs complete, 7 jobs running.
[04:21:26] Block-level synthesis in progress, 56 of 66 jobs complete, 7 jobs running.
[04:22:32] Block-level synthesis in progress, 57 of 66 jobs complete, 6 jobs running.
[04:23:08] Block-level synthesis in progress, 58 of 66 jobs complete, 5 jobs running.
[04:23:51] Block-level synthesis in progress, 59 of 66 jobs complete, 4 jobs running.
[04:24:28] Block-level synthesis in progress, 60 of 66 jobs complete, 3 jobs running.
[04:25:11] Block-level synthesis in progress, 60 of 66 jobs complete, 3 jobs running.
[04:25:48] Block-level synthesis in progress, 60 of 66 jobs complete, 3 jobs running.
[04:26:29] Block-level synthesis in progress, 62 of 66 jobs complete, 1 job running.
[04:27:06] Block-level synthesis in progress, 62 of 66 jobs complete, 1 job running.
[04:27:43] Block-level synthesis in progress, 62 of 66 jobs complete, 3 jobs running.
[04:28:22] Block-level synthesis in progress, 64 of 66 jobs complete, 1 job running.
[04:28:57] Block-level synthesis in progress, 64 of 66 jobs complete, 1 job running.
[04:29:33] Block-level synthesis in progress, 64 of 66 jobs complete, 1 job running.
[04:30:11] Block-level synthesis in progress, 64 of 66 jobs complete, 1 job running.
[04:30:47] Block-level synthesis in progress, 64 of 66 jobs complete, 1 job running.
[04:31:34] Block-level synthesis in progress, 64 of 66 jobs complete, 1 job running.
[04:32:10] Block-level synthesis in progress, 64 of 66 jobs complete, 1 job running.
[04:32:50] Block-level synthesis in progress, 64 of 66 jobs complete, 1 job running.
[04:33:30] Block-level synthesis in progress, 64 of 66 jobs complete, 1 job running.
[04:34:14] Block-level synthesis in progress, 64 of 66 jobs complete, 1 job running.
[04:34:52] Block-level synthesis in progress, 64 of 66 jobs complete, 1 job running.
[04:35:38] Block-level synthesis in progress, 64 of 66 jobs complete, 1 job running.
[04:36:16] Block-level synthesis in progress, 64 of 66 jobs complete, 1 job running.
[04:37:01] Block-level synthesis in progress, 64 of 66 jobs complete, 1 job running.
[04:37:42] Block-level synthesis in progress, 64 of 66 jobs complete, 1 job running.
[04:38:26] Block-level synthesis in progress, 64 of 66 jobs complete, 1 job running.
[04:39:01] Block-level synthesis in progress, 64 of 66 jobs complete, 1 job running.
[04:39:42] Block-level synthesis in progress, 64 of 66 jobs complete, 1 job running.
[04:40:17] Block-level synthesis in progress, 64 of 66 jobs complete, 1 job running.
[04:40:59] Block-level synthesis in progress, 64 of 66 jobs complete, 1 job running.
[04:41:36] Block-level synthesis in progress, 64 of 66 jobs complete, 1 job running.
[04:42:19] Block-level synthesis in progress, 64 of 66 jobs complete, 1 job running.
[04:42:58] Block-level synthesis in progress, 64 of 66 jobs complete, 1 job running.
[04:43:42] Block-level synthesis in progress, 64 of 66 jobs complete, 1 job running.
[04:44:20] Block-level synthesis in progress, 64 of 66 jobs complete, 1 job running.
[04:45:05] Block-level synthesis in progress, 64 of 66 jobs complete, 1 job running.
[04:45:43] Block-level synthesis in progress, 64 of 66 jobs complete, 1 job running.
[04:46:26] Block-level synthesis in progress, 64 of 66 jobs complete, 1 job running.
[04:47:02] Block-level synthesis in progress, 64 of 66 jobs complete, 1 job running.
[04:47:45] Block-level synthesis in progress, 64 of 66 jobs complete, 1 job running.
[04:48:23] Block-level synthesis in progress, 64 of 66 jobs complete, 1 job running.
[04:49:04] Block-level synthesis in progress, 64 of 66 jobs complete, 1 job running.
[04:49:39] Block-level synthesis in progress, 64 of 66 jobs complete, 1 job running.
[04:50:23] Block-level synthesis in progress, 64 of 66 jobs complete, 1 job running.
[04:51:00] Block-level synthesis in progress, 64 of 66 jobs complete, 1 job running.
[04:51:36] Block-level synthesis in progress, 64 of 66 jobs complete, 1 job running.
[04:52:13] Block-level synthesis in progress, 64 of 66 jobs complete, 1 job running.
[04:52:53] Block-level synthesis in progress, 64 of 66 jobs complete, 1 job running.
[04:53:28] Block-level synthesis in progress, 64 of 66 jobs complete, 1 job running.
[04:54:11] Block-level synthesis in progress, 64 of 66 jobs complete, 1 job running.
[04:54:47] Block-level synthesis in progress, 65 of 66 jobs complete, 0 jobs running.
[04:55:26] Block-level synthesis in progress, 65 of 66 jobs complete, 0 jobs running.
[04:56:02] Block-level synthesis in progress, 65 of 66 jobs complete, 1 job running.
[04:56:45] Block-level synthesis in progress, 65 of 66 jobs complete, 1 job running.
[04:57:24] Block-level synthesis in progress, 65 of 66 jobs complete, 1 job running.
[04:58:07] Block-level synthesis in progress, 65 of 66 jobs complete, 1 job running.
[04:58:42] Block-level synthesis in progress, 65 of 66 jobs complete, 1 job running.
[04:59:20] Block-level synthesis in progress, 65 of 66 jobs complete, 1 job running.
[04:59:56] Block-level synthesis in progress, 65 of 66 jobs complete, 1 job running.
[05:00:37] Block-level synthesis in progress, 65 of 66 jobs complete, 1 job running.
[05:01:11] Block-level synthesis in progress, 65 of 66 jobs complete, 1 job running.
[05:01:50] Block-level synthesis in progress, 65 of 66 jobs complete, 1 job running.
[05:02:27] Block-level synthesis in progress, 65 of 66 jobs complete, 1 job running.
[05:03:03] Block-level synthesis in progress, 65 of 66 jobs complete, 1 job running.
[05:03:40] Block-level synthesis in progress, 65 of 66 jobs complete, 1 job running.
[05:04:22] Block-level synthesis in progress, 65 of 66 jobs complete, 1 job running.
[05:05:01] Block-level synthesis in progress, 65 of 66 jobs complete, 1 job running.
[05:05:43] Block-level synthesis in progress, 65 of 66 jobs complete, 1 job running.
[05:06:24] Block-level synthesis in progress, 65 of 66 jobs complete, 1 job running.
[05:07:06] Block-level synthesis in progress, 66 of 66 jobs complete, 0 jobs running.
[05:07:46] Block-level synthesis in progress, 66 of 66 jobs complete, 0 jobs running.
[05:08:30] Block-level synthesis in progress, 66 of 66 jobs complete, 0 jobs running.
[05:09:09] Top-level synthesis in progress.
[05:09:46] Top-level synthesis in progress.
[05:10:27] Top-level synthesis in progress.
[05:11:03] Top-level synthesis in progress.
[05:11:44] Top-level synthesis in progress.
[05:12:19] Top-level synthesis in progress.
[05:12:54] Top-level synthesis in progress.
[05:13:29] Top-level synthesis in progress.
[05:14:04] Top-level synthesis in progress.
[05:14:40] Top-level synthesis in progress.
[05:15:15] Top-level synthesis in progress.
[05:16:02] Top-level synthesis in progress.
[05:16:39] Top-level synthesis in progress.
[05:17:25] Top-level synthesis in progress.
[05:18:04] Top-level synthesis in progress.
[05:18:51] Top-level synthesis in progress.
[05:19:25] Run vpl: Step synth: Completed
[05:19:25] Run vpl: Step impl: Started
[06:19:32] Finished 2nd of 6 tasks (FPGA linking synthesized kernels to platform). Elapsed time: 03h 26m 45s 

[06:19:32] Starting logic optimization..
[06:25:38] Phase 1 Generate And Synthesize MIG Cores
[07:02:12] Phase 2 Generate And Synthesize Debug Cores
[07:27:13] Phase 3 Retarget
[07:29:12] Phase 4 Constant propagation
[07:31:04] Phase 5 Sweep
[07:36:54] Phase 6 BUFG optimization
[07:38:11] Phase 7 Shift Register Optimization
[07:39:27] Phase 8 Post Processing Netlist
[07:53:16] Finished 3rd of 6 tasks (FPGA logic optimization). Elapsed time: 01h 33m 43s 

[07:53:16] Starting logic placement..
[07:57:53] Phase 1 Placer Initialization
[07:57:53] Phase 1.1 Placer Initialization Netlist Sorting
[08:11:35] Phase 1.2 IO Placement/ Clock Placement/ Build Placer Device
[08:20:38] Phase 1.3 Build Placer Netlist Model
[08:33:48] Phase 1.4 Constrain Clocks/Macros
[08:35:15] Phase 2 Global Placement
[08:35:15] Phase 2.1 Floorplanning
[08:39:01] Phase 2.1.1 Partition Driven Placement
[08:39:01] Phase 2.1.1.1 PBP: Partition Driven Placement
[08:40:31] Phase 2.1.1.2 PBP: Clock Region Placement
[08:46:00] Phase 2.1.1.3 PBP: Compute Congestion
[08:46:40] Phase 2.1.1.4 PBP: UpdateTiming
[08:48:42] Phase 2.1.1.5 PBP: Add part constraints
[08:49:19] Phase 2.2 Update Timing before SLR Path Opt
[08:49:56] Phase 2.3 Global Placement Core
[09:22:04] Phase 2.3.1 Physical Synthesis In Placer
[09:33:28] Phase 3 Detail Placement
[09:33:28] Phase 3.1 Commit Multi Column Macros
[09:34:10] Phase 3.2 Commit Most Macros & LUTRAMs
[09:41:22] Phase 3.3 Small Shape DP
[09:41:22] Phase 3.3.1 Small Shape Clustering
[09:44:07] Phase 3.3.2 Flow Legalize Slice Clusters
[09:44:07] Phase 3.3.3 Slice Area Swap
[09:49:18] Phase 3.4 Place Remaining
[09:49:59] Phase 3.5 Re-assign LUT pins
[09:50:36] Phase 3.6 Pipeline Register Optimization
[09:50:36] Phase 3.7 Fast Optimization
[09:54:36] Phase 4 Post Placement Optimization and Clean-Up
[09:54:36] Phase 4.1 Post Commit Optimization
[10:03:12] Phase 4.1.1 Post Placement Optimization
[10:03:49] Phase 4.1.1.1 BUFG Insertion
[10:03:49] Phase 1 Physical Synthesis Initialization
[10:05:49] Phase 4.1.1.2 BUFG Replication
[10:08:59] Phase 4.1.1.3 Replication
[10:15:02] Phase 4.2 Post Placement Cleanup
[10:15:39] Phase 4.3 Placer Reporting
[10:15:39] Phase 4.3.1 Print Estimated Congestion
[10:17:36] Phase 4.4 Final Placement Cleanup
[11:26:43] Finished 4th of 6 tasks (FPGA logic placement). Elapsed time: 03h 33m 27s 

[11:26:43] Starting logic routing..
[11:32:54] Phase 1 Build RT Design
[11:44:44] Phase 2 Router Initialization
[11:44:44] Phase 2.1 Fix Topology Constraints
[11:45:27] Phase 2.2 Pre Route Cleanup
[11:46:11] Phase 2.3 Global Clock Net Routing
[11:49:00] Phase 2.4 Update Timing
[12:01:20] Phase 2.5 Update Timing for Bus Skew
[12:01:20] Phase 2.5.1 Update Timing
[12:06:17] Phase 3 Initial Routing
[12:06:17] Phase 3.1 Global Routing
[12:12:32] Phase 4 Rip-up And Reroute
[12:12:33] Phase 4.1 Global Iteration 0
[12:43:12] Phase 4.2 Global Iteration 1
[12:49:22] Phase 4.3 Global Iteration 2
[12:54:56] Phase 5 Delay and Skew Optimization
[12:54:56] Phase 5.1 Delay CleanUp
[12:54:56] Phase 5.1.1 Update Timing
[13:00:30] Phase 5.2 Clock Skew Optimization
[13:01:14] Phase 6 Post Hold Fix
[13:01:14] Phase 6.1 Hold Fix Iter
[13:01:14] Phase 6.1.1 Update Timing
[13:06:11] Phase 7 Route finalize
[13:06:57] Phase 8 Verifying routed nets
[13:07:36] Phase 9 Depositing Routes
[13:11:57] Phase 10 Route finalize
[13:12:40] Phase 11 Post Router Timing
[13:18:48] Finished 5th of 6 tasks (FPGA routing). Elapsed time: 01h 52m 04s 

[13:18:48] Starting bitstream generation..
[15:15:42] Creating bitmap...
[16:06:35] Writing bitstream ./pfm_top_i_dynamic_region_my_rm_partial.bit...
[16:06:35] Finished 6th of 6 tasks (FPGA bitstream generation). Elapsed time: 02h 47m 47s 
[16:11:28] Run vpl: Step impl: Completed
[16:11:39] Run vpl: FINISHED. Run Status: impl Complete!
INFO: [v++ 60-1441] [16:12:21] Run run_link: Step vpl: Completed
Time (s): cpu = 00:53:21 ; elapsed = 13:19:47 . Memory (MB): peak = 1585.129 ; gain = 0.000 ; free physical = 144970 ; free virtual = 185051
INFO: [v++ 60-1443] [16:12:21] Run run_link: Step rtdgen: Started
INFO: [v++ 60-1453] Command Line: rtdgen
INFO: [v++ 60-1454] Run Directory: /iu_home/iu7137/workspace/iu7_53b_19_lab01_kernels/src/vitis_rtl_kernel/rtl_kernel_wizard_1/_x/link/run_link
INFO: [v++ 60-991] clock name 'clkwiz_kernel_clk_out1' (clock ID '0') is being mapped to clock name 'DATA_CLK' in the xclbin
INFO: [v++ 60-991] clock name 'clkwiz_kernel2_clk_out1' (clock ID '1') is being mapped to clock name 'KERNEL_CLK' in the xclbin
INFO: [v++ 60-1230] The compiler selected the following frequencies for the runtime controllable kernel clock(s) and scalable system clock(s): Kernel (DATA) clock: clkwiz_kernel_clk_out1 = 300, Kernel (KERNEL) clock: clkwiz_kernel2_clk_out1 = 500
INFO: [v++ 60-1453] Command Line: cf2sw -a /iu_home/iu7137/workspace/iu7_53b_19_lab01_kernels/src/vitis_rtl_kernel/rtl_kernel_wizard_1/_x/link/int/address_map.xml -sdsl /iu_home/iu7137/workspace/iu7_53b_19_lab01_kernels/src/vitis_rtl_kernel/rtl_kernel_wizard_1/_x/link/int/sdsl.dat -xclbin /iu_home/iu7137/workspace/iu7_53b_19_lab01_kernels/src/vitis_rtl_kernel/rtl_kernel_wizard_1/_x/link/int/xclbin_orig.xml -rtd /iu_home/iu7137/workspace/iu7_53b_19_lab01_kernels/src/vitis_rtl_kernel/rtl_kernel_wizard_1/_x/link/int/vinc.rtd -o /iu_home/iu7137/workspace/iu7_53b_19_lab01_kernels/src/vitis_rtl_kernel/rtl_kernel_wizard_1/_x/link/int/vinc.xml
INFO: [v++ 60-1652] Cf2sw returned exit code: 0
INFO: [v++ 60-2311] HPISystemDiagram::writeSystemDiagramAfterRunningVivado, rtdInputFilePath: /iu_home/iu7137/workspace/iu7_53b_19_lab01_kernels/src/vitis_rtl_kernel/rtl_kernel_wizard_1/_x/link/int/vinc.rtd
INFO: [v++ 60-2312] HPISystemDiagram::writeSystemDiagramAfterRunningVivado, systemDiagramOutputFilePath: /iu_home/iu7137/workspace/iu7_53b_19_lab01_kernels/src/vitis_rtl_kernel/rtl_kernel_wizard_1/_x/link/int/systemDiagramModelSlrBaseAddress.json
INFO: [v++ 60-1618] Launching 
INFO: [v++ 60-1441] [16:12:36] Run run_link: Step rtdgen: Completed
Time (s): cpu = 00:00:13 ; elapsed = 00:00:15 . Memory (MB): peak = 1585.129 ; gain = 0.000 ; free physical = 146042 ; free virtual = 186172
INFO: [v++ 60-1443] [16:12:36] Run run_link: Step xclbinutil: Started
INFO: [v++ 60-1453] Command Line: xclbinutil --add-section DEBUG_IP_LAYOUT:JSON:/iu_home/iu7137/workspace/iu7_53b_19_lab01_kernels/src/vitis_rtl_kernel/rtl_kernel_wizard_1/_x/link/int/debug_ip_layout.rtd --add-section BITSTREAM:RAW:/iu_home/iu7137/workspace/iu7_53b_19_lab01_kernels/src/vitis_rtl_kernel/rtl_kernel_wizard_1/_x/link/int/partial.bit --force --target hw --key-value SYS:dfx_enable:true --add-section :JSON:/iu_home/iu7137/workspace/iu7_53b_19_lab01_kernels/src/vitis_rtl_kernel/rtl_kernel_wizard_1/_x/link/int/vinc.rtd --append-section :JSON:/iu_home/iu7137/workspace/iu7_53b_19_lab01_kernels/src/vitis_rtl_kernel/rtl_kernel_wizard_1/_x/link/int/appendSection.rtd --add-section CLOCK_FREQ_TOPOLOGY:JSON:/iu_home/iu7137/workspace/iu7_53b_19_lab01_kernels/src/vitis_rtl_kernel/rtl_kernel_wizard_1/_x/link/int/vinc_xml.rtd --add-section BUILD_METADATA:JSON:/iu_home/iu7137/workspace/iu7_53b_19_lab01_kernels/src/vitis_rtl_kernel/rtl_kernel_wizard_1/_x/link/int/vinc_build.rtd --add-section EMBEDDED_METADATA:RAW:/iu_home/iu7137/workspace/iu7_53b_19_lab01_kernels/src/vitis_rtl_kernel/rtl_kernel_wizard_1/_x/link/int/vinc.xml --add-section SYSTEM_METADATA:RAW:/iu_home/iu7137/workspace/iu7_53b_19_lab01_kernels/src/vitis_rtl_kernel/rtl_kernel_wizard_1/_x/link/int/systemDiagramModelSlrBaseAddress.json --output /iu_home/iu7137/workspace/iu7_53b_19_lab01_kernels/src/vitis_rtl_kernel/rtl_kernel_wizard_1/vinc.xclbin
INFO: [v++ 60-1454] Run Directory: /iu_home/iu7137/workspace/iu7_53b_19_lab01_kernels/src/vitis_rtl_kernel/rtl_kernel_wizard_1/_x/link/run_link
XRT Build Version: 2.8.743 (2020.2)
       Build Date: 2020-11-16 00:19:11
          Hash ID: 77d5484b5c4daa691a7f78235053fb036829b1e9
Creating a default 'in-memory' xclbin image.

Section: 'DEBUG_IP_LAYOUT'(9) was successfully added.
Size   : 440 bytes
Format : JSON
File   : '/iu_home/iu7137/workspace/iu7_53b_19_lab01_kernels/src/vitis_rtl_kernel/rtl_kernel_wizard_1/_x/link/int/debug_ip_layout.rtd'

Section: 'BITSTREAM'(0) was successfully added.
Size   : 41042586 bytes
Format : RAW
File   : '/iu_home/iu7137/workspace/iu7_53b_19_lab01_kernels/src/vitis_rtl_kernel/rtl_kernel_wizard_1/_x/link/int/partial.bit'

Section: 'MEM_TOPOLOGY'(6) was successfully added.
Format : JSON
File   : 'mem_topology'

Section: 'IP_LAYOUT'(8) was successfully added.
Format : JSON
File   : 'ip_layout'

Section: 'CONNECTIVITY'(7) was successfully added.
Format : JSON
File   : 'connectivity'

Section: 'CLOCK_FREQ_TOPOLOGY'(11) was successfully added.
Size   : 274 bytes
Format : JSON
File   : '/iu_home/iu7137/workspace/iu7_53b_19_lab01_kernels/src/vitis_rtl_kernel/rtl_kernel_wizard_1/_x/link/int/vinc_xml.rtd'

Section: 'BUILD_METADATA'(14) was successfully added.
Size   : 2887 bytes
Format : JSON
File   : '/iu_home/iu7137/workspace/iu7_53b_19_lab01_kernels/src/vitis_rtl_kernel/rtl_kernel_wizard_1/_x/link/int/vinc_build.rtd'

Section: 'EMBEDDED_METADATA'(2) was successfully added.
Size   : 2754 bytes
Format : RAW
File   : '/iu_home/iu7137/workspace/iu7_53b_19_lab01_kernels/src/vitis_rtl_kernel/rtl_kernel_wizard_1/_x/link/int/vinc.xml'

Section: 'SYSTEM_METADATA'(22) was successfully added.
Size   : 5608 bytes
Format : RAW
File   : '/iu_home/iu7137/workspace/iu7_53b_19_lab01_kernels/src/vitis_rtl_kernel/rtl_kernel_wizard_1/_x/link/int/systemDiagramModelSlrBaseAddress.json'

Section: 'IP_LAYOUT'(8) was successfully appended to.
Format : JSON
File   : 'ip_layout'
Successfully wrote (41064440 bytes) to the output file: /iu_home/iu7137/workspace/iu7_53b_19_lab01_kernels/src/vitis_rtl_kernel/rtl_kernel_wizard_1/vinc.xclbin
Leaving xclbinutil.
INFO: [v++ 60-1441] [16:12:38] Run run_link: Step xclbinutil: Completed
Time (s): cpu = 00:00:00.52 ; elapsed = 00:00:02 . Memory (MB): peak = 1585.129 ; gain = 0.000 ; free physical = 145980 ; free virtual = 186201
INFO: [v++ 60-1443] [16:12:38] Run run_link: Step xclbinutilinfo: Started
INFO: [v++ 60-1453] Command Line: xclbinutil --quiet --force --info /iu_home/iu7137/workspace/iu7_53b_19_lab01_kernels/src/vitis_rtl_kernel/rtl_kernel_wizard_1/vinc.xclbin.info --input /iu_home/iu7137/workspace/iu7_53b_19_lab01_kernels/src/vitis_rtl_kernel/rtl_kernel_wizard_1/vinc.xclbin
INFO: [v++ 60-1454] Run Directory: /iu_home/iu7137/workspace/iu7_53b_19_lab01_kernels/src/vitis_rtl_kernel/rtl_kernel_wizard_1/_x/link/run_link
INFO: [v++ 60-1441] [16:12:42] Run run_link: Step xclbinutilinfo: Completed
Time (s): cpu = 00:00:03 ; elapsed = 00:00:04 . Memory (MB): peak = 1585.129 ; gain = 0.000 ; free physical = 145975 ; free virtual = 186205
INFO: [v++ 60-1443] [16:12:42] Run run_link: Step generate_sc_driver: Started
INFO: [v++ 60-1453] Command Line: 
INFO: [v++ 60-1454] Run Directory: /iu_home/iu7137/workspace/iu7_53b_19_lab01_kernels/src/vitis_rtl_kernel/rtl_kernel_wizard_1/_x/link/run_link
INFO: [v++ 60-1441] [16:12:42] Run run_link: Step generate_sc_driver: Completed
Time (s): cpu = 00:00:00 ; elapsed = 00:00:00.05 . Memory (MB): peak = 1585.129 ; gain = 0.000 ; free physical = 146033 ; free virtual = 186264
INFO: [v++ 60-244] Generating system estimate report...
INFO: [v++ 60-1092] Generated system estimate report: /iu_home/iu7137/workspace/iu7_53b_19_lab01_kernels/src/vitis_rtl_kernel/rtl_kernel_wizard_1/_x/reports/link/system_estimate_vinc.xtxt
INFO: [v++ 60-586] Created /iu_home/iu7137/workspace/iu7_53b_19_lab01_kernels/src/vitis_rtl_kernel/rtl_kernel_wizard_1/vinc.ltx
INFO: [v++ 60-586] Created vinc.xclbin
INFO: [v++ 60-1307] Run completed. Additional information can be found in:
	Guidance: /iu_home/iu7137/workspace/iu7_53b_19_lab01_kernels/src/vitis_rtl_kernel/rtl_kernel_wizard_1/_x/reports/link/v++_link_vinc_guidance.html
	Timing Report: /iu_home/iu7137/workspace/iu7_53b_19_lab01_kernels/src/vitis_rtl_kernel/rtl_kernel_wizard_1/_x/reports/link/imp/impl_1_xilinx_u200_xdma_201830_2_bb_locked_timing_summary_routed.rpt
	Vivado Log: /iu_home/iu7137/workspace/iu7_53b_19_lab01_kernels/src/vitis_rtl_kernel/rtl_kernel_wizard_1/_x/logs/link/vivado.log
	Steps Log File: /iu_home/iu7137/workspace/iu7_53b_19_lab01_kernels/src/vitis_rtl_kernel/rtl_kernel_wizard_1/_x/logs/link/link.steps.log

INFO: [v++ 60-2343] Use the vitis_analyzer tool to visualize and navigate the relevant reports. Run the following command. 
    vitis_analyzer /iu_home/iu7137/workspace/iu7_53b_19_lab01_kernels/src/vitis_rtl_kernel/rtl_kernel_wizard_1/vinc.xclbin.link_summary 
INFO: [v++ 60-791] Total elapsed time: 13h 23m 40s
INFO: [v++ 60-1653] Closing dispatch client.
