\BOOKMARK [0][-]{chapter.1}{\376\377\004\042\004\065\004\076\004\100\004\070\004\102\004\070\004\107\004\065\004\101\004\072\004\070\004\065\000\040\004\076\004\101\004\075\004\076\004\062\004\113}{}% 1
\BOOKMARK [1][-]{section.1.1}{\376\377\004\020\004\100\004\105\004\070\004\102\004\065\004\072\004\102\004\103\004\100\004\060\000\040\004\075\004\060\004\061\004\076\004\100\004\060\000\040\004\072\004\076\004\074\004\060\004\075\004\064\000\040\000R\000V\0003\0002\000I}{chapter.1}% 2
\BOOKMARK [0][-]{chapter.2}{\376\377\004\022\004\113\004\077\004\076\004\073\004\075\004\065\004\075\004\070\004\065\000\040\004\073\004\060\004\061\004\076\004\100\004\060\004\102\004\076\004\100\004\075\004\076\004\071\000\040\004\100\004\060\004\061\004\076\004\102\004\113}{}% 3
\BOOKMARK [1][-]{section.2.1}{\376\377\004\027\004\060\004\064\004\060\004\075\004\070\004\065\000\040\0001}{chapter.2}% 4
\BOOKMARK [2][-]{subsection.2.1.1}{\376\377\004\040\004\065\004\067\004\103\004\073\004\114\004\102\004\060\004\102\000\040\004\062\004\113\004\077\004\076\004\073\004\075\004\065\004\075\004\070\004\117\000\040\004\067\004\060\004\064\004\060\004\075\004\070\004\117}{section.2.1}% 5
\BOOKMARK [2][-]{subsection.2.1.2}{\376\377\004\022\004\113\004\062\004\076\004\064}{section.2.1}% 6
\BOOKMARK [1][-]{section.2.2}{\376\377\004\027\004\060\004\064\004\060\004\075\004\070\004\065\000\040\0002}{chapter.2}% 7
\BOOKMARK [2][-]{subsection.2.2.1}{\376\377\004\040\004\065\004\067\004\103\004\073\004\114\004\102\004\060\004\102\000\040\004\062\004\113\004\077\004\076\004\073\004\075\004\065\004\075\004\070\004\117\000\040\004\067\004\060\004\064\004\060\004\075\004\070\004\117}{section.2.2}% 8
\BOOKMARK [2][-]{subsection.2.2.2}{\376\377\004\022\004\113\004\062\004\076\004\064}{section.2.2}% 9
\BOOKMARK [1][-]{section.2.3}{\376\377\004\027\004\060\004\064\004\060\004\075\004\070\004\065\000\040\0003}{chapter.2}% 10
\BOOKMARK [2][-]{subsection.2.3.1}{\376\377\004\040\004\065\004\067\004\103\004\073\004\114\004\102\004\060\004\102\000\040\004\062\004\113\004\077\004\076\004\073\004\075\004\065\004\075\004\070\004\117\000\040\004\067\004\060\004\064\004\060\004\075\004\070\004\117}{section.2.3}% 11
\BOOKMARK [2][-]{subsection.2.3.2}{\376\377\004\022\004\113\004\062\004\076\004\064}{section.2.3}% 12
\BOOKMARK [1][-]{section.2.4}{\376\377\004\027\004\060\004\064\004\060\004\075\004\070\004\065\000\040\0004}{chapter.2}% 13
\BOOKMARK [2][-]{subsection.2.4.1}{\376\377\004\040\004\065\004\067\004\103\004\073\004\114\004\102\004\060\004\102\000\040\004\062\004\113\004\077\004\076\004\073\004\075\004\065\004\075\004\070\004\117\000\040\004\067\004\060\004\064\004\060\004\075\004\070\004\117}{section.2.4}% 14
\BOOKMARK [2][-]{subsection.2.4.2}{\376\377\004\022\004\113\004\062\004\076\004\064}{section.2.4}% 15
\BOOKMARK [1][-]{section.2.5}{\376\377\004\027\004\060\004\064\004\060\004\075\004\070\004\065\000\040\0005}{chapter.2}% 16
\BOOKMARK [2][-]{subsection.2.5.1}{\376\377\004\047\004\060\004\101\004\102\004\114\000\040\0001}{section.2.5}% 17
\BOOKMARK [2][-]{subsection.2.5.2}{\376\377\004\047\004\060\004\101\004\102\004\114\000\040\0002}{section.2.5}% 18
\BOOKMARK [2][-]{subsection.2.5.3}{\376\377\004\047\004\060\004\101\004\102\004\114\000\040\0003}{section.2.5}% 19
\BOOKMARK [2][-]{subsection.2.5.4}{\376\377\004\047\004\060\004\101\004\102\004\114\000\040\0004}{section.2.5}% 20
\BOOKMARK [0][-]{chapter*.19}{\376\377\004\027\004\060\004\072\004\073\004\116\004\107\004\065\004\075\004\070\004\065}{}% 21
